Copyright 1986-2022 Xilinx, Inc. All Rights Reserved. Copyright 2022-2023 Advanced Micro Devices, Inc. All Rights Reserved.
---------------------------------------------------------------------------------------------------------------------------------------------
| Tool Version : Vivado v.2023.1 (lin64) Build 3865809 Sun May  7 15:04:56 MDT 2023
| Date         : Mon Oct  7 11:56:58 2024
| Host         : ug3 running 64-bit Ubuntu 18.04.6 LTS
| Command      : report_drc -file seeg_zynq_wrapper_drc_routed.rpt -pb seeg_zynq_wrapper_drc_routed.pb -rpx seeg_zynq_wrapper_drc_routed.rpx
| Design       : seeg_zynq_wrapper
| Device       : xck26-sfvc784-2LV-c
| Speed File   : -2LV
| Design State : Fully Routed
---------------------------------------------------------------------------------------------------------------------------------------------

Report DRC

Table of Contents
-----------------
1. REPORT SUMMARY
2. REPORT DETAILS

1. REPORT SUMMARY
-----------------
            Netlist: netlist
          Floorplan: design_1
      Design limits: <entire design considered>
           Ruledeck: default
             Max violations: <unlimited>
             Violations found: 1
+-----------+----------+-------------------+------------+
| Rule      | Severity | Description       | Violations |
+-----------+----------+-------------------+------------+
| RTSTAT-10 | Warning  | No routable loads | 1          |
+-----------+----------+-------------------+------------+

2. REPORT DETAILS
-----------------
RTSTAT-10#1 Warning
No routable loads  
15 net(s) have no routable loads. The problem bus(es) and/or net(s) are seeg_zynq_i/smartconnect_1/inst/m01_nodes/m01_r_node/inst/mi_handler_m_sc_areset_pipe,
seeg_zynq_i/smartconnect_1/inst/m01_nodes/m01_aw_node/inst/mi_handler_m_sc_areset_pipe,
seeg_zynq_i/smartconnect_1/inst/m01_nodes/m01_b_node/inst/mi_handler_m_sc_areset_pipe,
seeg_zynq_i/smartconnect_1/inst/m01_nodes/m01_w_node/inst/mi_handler_m_sc_areset_pipe,
seeg_zynq_i/smartconnect_1/inst/m00_nodes/m00_ar_node/inst/mi_handler_m_sc_areset_pipe,
seeg_zynq_i/smartconnect_1/inst/m00_nodes/m00_b_node/inst/mi_handler_m_sc_areset_pipe,
seeg_zynq_i/smartconnect_1/inst/m00_nodes/m00_w_node/inst/mi_handler_m_sc_areset_pipe,
seeg_zynq_i/smartconnect_1/inst/s00_nodes/s00_ar_node/inst/mi_handler_m_sc_areset_pipe,
seeg_zynq_i/smartconnect_1/inst/s00_nodes/s00_b_node/inst/mi_handler_m_sc_areset_pipe,
seeg_zynq_i/smartconnect_1/inst/s00_nodes/s00_r_node/inst/mi_handler_m_sc_areset_pipe,
seeg_zynq_i/smartconnect_1/inst/m00_nodes/m00_aw_node/inst/mi_handler_m_sc_areset_pipe,
seeg_zynq_i/smartconnect_1/inst/s00_nodes/s00_aw_node/inst/mi_handler_m_sc_areset_pipe,
seeg_zynq_i/smartconnect_1/inst/s00_nodes/s00_w_node/inst/mi_handler_m_sc_areset_pipe
seeg_zynq_i/smartconnect_1/inst/m01_nodes/m01_ar_node/inst/mi_handler_m_sc_areset_pipe.
Related violations: <none>


