
*** Running vivado
    with args -log seeg_zynq_smartconnect_1_0.vds -m64 -product Vivado -mode batch -messageDb vivado.pb -notrace -source seeg_zynq_smartconnect_1_0.tcl


****** Vivado v2023.1 (64-bit)
  **** SW Build 3865809 on Sun May  7 15:04:56 MDT 2023
  **** IP Build 3864474 on Sun May  7 20:36:21 MDT 2023
  **** SharedData Build 3865790 on Sun May 07 13:33:03 MDT 2023
    ** Copyright 1986-2022 Xilinx, Inc. All Rights Reserved.
    ** Copyright 2022-2023 Advanced Micro Devices, Inc. All Rights Reserved.

source seeg_zynq_smartconnect_1_0.tcl -notrace
INFO: [IP_Flow 19-6924] IPCACHE: Running cache check for IP inst: seeg_zynq_smartconnect_1_0
Command: synth_design -top seeg_zynq_smartconnect_1_0 -part xck26-sfvc784-2LV-c -incremental_mode off -mode out_of_context
Starting synth_design
Attempting to get a license for feature 'Synthesis' and/or device 'xck26'
INFO: [Common 17-349] Got license for feature 'Synthesis' and/or device 'xck26'
INFO: [Device 21-403] Loading part xck26-sfvc784-2LV-c
INFO: [Synth 8-7079] Multithreading enabled for synth_design using a maximum of 4 processes.
INFO: [Synth 8-7078] Launching helper process for spawning children vivado processes
INFO: [Synth 8-7075] Helper process launched with PID 14081
WARNING: [Synth 8-11067] parameter 'K_MAX_EP_ROUTE_WIDTH' declared inside package 'sc_util_v1_0_4_pkg' shall be treated as localparam [/home/ug3/Repos/ug3-seeg/ug3-seeg.gen/sources_1/bd/seeg_zynq/ipshared/f0b6/hdl/sc_util_v1_0_vl_rfs.sv:87]
WARNING: [Synth 8-11067] parameter 'K_MAX_SC_ROUTE_WIDTH' declared inside package 'sc_util_v1_0_4_pkg' shall be treated as localparam [/home/ug3/Repos/ug3-seeg/ug3-seeg.gen/sources_1/bd/seeg_zynq/ipshared/f0b6/hdl/sc_util_v1_0_vl_rfs.sv:88]
WARNING: [Synth 8-11067] parameter 'K_MAX_CMD_PTR' declared inside package 'sc_util_v1_0_4_pkg' shall be treated as localparam [/home/ug3/Repos/ug3-seeg/ug3-seeg.gen/sources_1/bd/seeg_zynq/ipshared/f0b6/hdl/sc_util_v1_0_vl_rfs.sv:89]
WARNING: [Synth 8-11067] parameter 'K_MAX_LUTRAM_PTR' declared inside package 'sc_util_v1_0_4_pkg' shall be treated as localparam [/home/ug3/Repos/ug3-seeg/ug3-seeg.gen/sources_1/bd/seeg_zynq/ipshared/f0b6/hdl/sc_util_v1_0_vl_rfs.sv:90]
WARNING: [Synth 8-11067] parameter 'K_MAX_BRAM_PTR' declared inside package 'sc_util_v1_0_4_pkg' shall be treated as localparam [/home/ug3/Repos/ug3-seeg/ug3-seeg.gen/sources_1/bd/seeg_zynq/ipshared/f0b6/hdl/sc_util_v1_0_vl_rfs.sv:91]
WARNING: [Synth 8-11067] parameter 'K_MIN_BRAM_PTR' declared inside package 'sc_util_v1_0_4_pkg' shall be treated as localparam [/home/ug3/Repos/ug3-seeg/ug3-seeg.gen/sources_1/bd/seeg_zynq/ipshared/f0b6/hdl/sc_util_v1_0_vl_rfs.sv:92]
WARNING: [Synth 8-11067] parameter 'K_MAX_SYNC_RATIO' declared inside package 'sc_util_v1_0_4_pkg' shall be treated as localparam [/home/ug3/Repos/ug3-seeg/ug3-seeg.gen/sources_1/bd/seeg_zynq/ipshared/f0b6/hdl/sc_util_v1_0_vl_rfs.sv:93]
WARNING: [Synth 8-11067] parameter 'K_MAX_PIPELINES' declared inside package 'sc_util_v1_0_4_pkg' shall be treated as localparam [/home/ug3/Repos/ug3-seeg/ug3-seeg.gen/sources_1/bd/seeg_zynq/ipshared/f0b6/hdl/sc_util_v1_0_vl_rfs.sv:94]
WARNING: [Synth 8-11067] parameter 'K_LOG_MAX_PIPELINES' declared inside package 'sc_util_v1_0_4_pkg' shall be treated as localparam [/home/ug3/Repos/ug3-seeg/ug3-seeg.gen/sources_1/bd/seeg_zynq/ipshared/f0b6/hdl/sc_util_v1_0_vl_rfs.sv:95]
WARNING: [Synth 8-11067] parameter 'K_MAX_LATENCY' declared inside package 'sc_util_v1_0_4_pkg' shall be treated as localparam [/home/ug3/Repos/ug3-seeg/ug3-seeg.gen/sources_1/bd/seeg_zynq/ipshared/f0b6/hdl/sc_util_v1_0_vl_rfs.sv:96]
WARNING: [Synth 8-11067] parameter 'K_LOG_MAX_LATENCY' declared inside package 'sc_util_v1_0_4_pkg' shall be treated as localparam [/home/ug3/Repos/ug3-seeg/ug3-seeg.gen/sources_1/bd/seeg_zynq/ipshared/f0b6/hdl/sc_util_v1_0_vl_rfs.sv:97]
WARNING: [Synth 8-11067] parameter 'K_AXIS_ARB_TDATA_NUM_BYTES' declared inside package 'sc_util_v1_0_4_pkg' shall be treated as localparam [/home/ug3/Repos/ug3-seeg/ug3-seeg.gen/sources_1/bd/seeg_zynq/ipshared/f0b6/hdl/sc_util_v1_0_vl_rfs.sv:98]
WARNING: [Synth 8-11067] parameter 'K_MAX_USER_BITS_PER_BYTE' declared inside package 'sc_util_v1_0_4_pkg' shall be treated as localparam [/home/ug3/Repos/ug3-seeg/ug3-seeg.gen/sources_1/bd/seeg_zynq/ipshared/f0b6/hdl/sc_util_v1_0_vl_rfs.sv:99]
WARNING: [Synth 8-11067] parameter 'K_MAX_INFO_WIDTH' declared inside package 'sc_util_v1_0_4_pkg' shall be treated as localparam [/home/ug3/Repos/ug3-seeg/ug3-seeg.gen/sources_1/bd/seeg_zynq/ipshared/f0b6/hdl/sc_util_v1_0_vl_rfs.sv:100]
WARNING: [Synth 8-11067] parameter 'K_MAX_OUTSTANDING_REQ' declared inside package 'sc_util_v1_0_4_pkg' shall be treated as localparam [/home/ug3/Repos/ug3-seeg/ug3-seeg.gen/sources_1/bd/seeg_zynq/ipshared/f0b6/hdl/sc_util_v1_0_vl_rfs.sv:101]
WARNING: [Synth 8-11067] parameter 'K_AXI_SIZE_WIDTH' declared inside package 'sc_util_v1_0_4_pkg' shall be treated as localparam [/home/ug3/Repos/ug3-seeg/ug3-seeg.gen/sources_1/bd/seeg_zynq/ipshared/f0b6/hdl/sc_util_v1_0_vl_rfs.sv:102]
WARNING: [Synth 8-11067] parameter 'K_AXI_BURST_WIDTH' declared inside package 'sc_util_v1_0_4_pkg' shall be treated as localparam [/home/ug3/Repos/ug3-seeg/ug3-seeg.gen/sources_1/bd/seeg_zynq/ipshared/f0b6/hdl/sc_util_v1_0_vl_rfs.sv:103]
WARNING: [Synth 8-11067] parameter 'K_AXI_RESP_WIDTH' declared inside package 'sc_util_v1_0_4_pkg' shall be treated as localparam [/home/ug3/Repos/ug3-seeg/ug3-seeg.gen/sources_1/bd/seeg_zynq/ipshared/f0b6/hdl/sc_util_v1_0_vl_rfs.sv:104]
WARNING: [Synth 8-11067] parameter 'K_AXI_LAST_WIDTH' declared inside package 'sc_util_v1_0_4_pkg' shall be treated as localparam [/home/ug3/Repos/ug3-seeg/ug3-seeg.gen/sources_1/bd/seeg_zynq/ipshared/f0b6/hdl/sc_util_v1_0_vl_rfs.sv:105]
WARNING: [Synth 8-11067] parameter 'K_AXI_LEN_WIDTH' declared inside package 'sc_util_v1_0_4_pkg' shall be treated as localparam [/home/ug3/Repos/ug3-seeg/ug3-seeg.gen/sources_1/bd/seeg_zynq/ipshared/f0b6/hdl/sc_util_v1_0_vl_rfs.sv:106]
WARNING: [Synth 8-11067] parameter 'K_AXI_EXCL_LEN_WIDTH' declared inside package 'sc_util_v1_0_4_pkg' shall be treated as localparam [/home/ug3/Repos/ug3-seeg/ug3-seeg.gen/sources_1/bd/seeg_zynq/ipshared/f0b6/hdl/sc_util_v1_0_vl_rfs.sv:107]
WARNING: [Synth 8-11067] parameter 'K_AXI_LOCK_WIDTH' declared inside package 'sc_util_v1_0_4_pkg' shall be treated as localparam [/home/ug3/Repos/ug3-seeg/ug3-seeg.gen/sources_1/bd/seeg_zynq/ipshared/f0b6/hdl/sc_util_v1_0_vl_rfs.sv:108]
WARNING: [Synth 8-11067] parameter 'K_AXI3_LEN_WIDTH' declared inside package 'sc_util_v1_0_4_pkg' shall be treated as localparam [/home/ug3/Repos/ug3-seeg/ug3-seeg.gen/sources_1/bd/seeg_zynq/ipshared/f0b6/hdl/sc_util_v1_0_vl_rfs.sv:109]
WARNING: [Synth 8-11067] parameter 'K_AXI3_LOCK_WIDTH' declared inside package 'sc_util_v1_0_4_pkg' shall be treated as localparam [/home/ug3/Repos/ug3-seeg/ug3-seeg.gen/sources_1/bd/seeg_zynq/ipshared/f0b6/hdl/sc_util_v1_0_vl_rfs.sv:110]
WARNING: [Synth 8-11067] parameter 'K_AXI_PROT_WIDTH' declared inside package 'sc_util_v1_0_4_pkg' shall be treated as localparam [/home/ug3/Repos/ug3-seeg/ug3-seeg.gen/sources_1/bd/seeg_zynq/ipshared/f0b6/hdl/sc_util_v1_0_vl_rfs.sv:111]
WARNING: [Synth 8-11067] parameter 'K_AXI_QOS_WIDTH' declared inside package 'sc_util_v1_0_4_pkg' shall be treated as localparam [/home/ug3/Repos/ug3-seeg/ug3-seeg.gen/sources_1/bd/seeg_zynq/ipshared/f0b6/hdl/sc_util_v1_0_vl_rfs.sv:112]
WARNING: [Synth 8-11067] parameter 'K_AXI_CACHE_WIDTH' declared inside package 'sc_util_v1_0_4_pkg' shall be treated as localparam [/home/ug3/Repos/ug3-seeg/ug3-seeg.gen/sources_1/bd/seeg_zynq/ipshared/f0b6/hdl/sc_util_v1_0_vl_rfs.sv:113]
WARNING: [Synth 8-11067] parameter 'K_MAX_ACCEPTANCE' declared inside package 'sc_util_v1_0_4_pkg' shall be treated as localparam [/home/ug3/Repos/ug3-seeg/ug3-seeg.gen/sources_1/bd/seeg_zynq/ipshared/f0b6/hdl/sc_util_v1_0_vl_rfs.sv:114]
WARNING: [Synth 8-11067] parameter 'K_MAX_FANOUT' declared inside package 'sc_util_v1_0_4_pkg' shall be treated as localparam [/home/ug3/Repos/ug3-seeg/ug3-seeg.gen/sources_1/bd/seeg_zynq/ipshared/f0b6/hdl/sc_util_v1_0_vl_rfs.sv:115]
WARNING: [Synth 8-11067] parameter 'K_MAX_READ_WATERMARK' declared inside package 'sc_util_v1_0_4_pkg' shall be treated as localparam [/home/ug3/Repos/ug3-seeg/ug3-seeg.gen/sources_1/bd/seeg_zynq/ipshared/f0b6/hdl/sc_util_v1_0_vl_rfs.sv:116]
WARNING: [Synth 8-11067] parameter 'K_MAX_BURST_LENGTH' declared inside package 'sc_util_v1_0_4_pkg' shall be treated as localparam [/home/ug3/Repos/ug3-seeg/ug3-seeg.gen/sources_1/bd/seeg_zynq/ipshared/f0b6/hdl/sc_util_v1_0_vl_rfs.sv:117]
WARNING: [Synth 8-11067] parameter 'CH_R' declared inside package 'sc_util_v1_0_4_pkg' shall be treated as localparam [/home/ug3/Repos/ug3-seeg/ug3-seeg.gen/sources_1/bd/seeg_zynq/ipshared/f0b6/hdl/sc_util_v1_0_vl_rfs.sv:164]
WARNING: [Synth 8-11067] parameter 'CH_W' declared inside package 'sc_util_v1_0_4_pkg' shall be treated as localparam [/home/ug3/Repos/ug3-seeg/ug3-seeg.gen/sources_1/bd/seeg_zynq/ipshared/f0b6/hdl/sc_util_v1_0_vl_rfs.sv:165]
WARNING: [Synth 8-11067] parameter 'CH_AR' declared inside package 'sc_util_v1_0_4_pkg' shall be treated as localparam [/home/ug3/Repos/ug3-seeg/ug3-seeg.gen/sources_1/bd/seeg_zynq/ipshared/f0b6/hdl/sc_util_v1_0_vl_rfs.sv:166]
WARNING: [Synth 8-11067] parameter 'CH_AW' declared inside package 'sc_util_v1_0_4_pkg' shall be treated as localparam [/home/ug3/Repos/ug3-seeg/ug3-seeg.gen/sources_1/bd/seeg_zynq/ipshared/f0b6/hdl/sc_util_v1_0_vl_rfs.sv:167]
WARNING: [Synth 8-11067] parameter 'CH_B' declared inside package 'sc_util_v1_0_4_pkg' shall be treated as localparam [/home/ug3/Repos/ug3-seeg/ug3-seeg.gen/sources_1/bd/seeg_zynq/ipshared/f0b6/hdl/sc_util_v1_0_vl_rfs.sv:168]
WARNING: [Synth 8-11067] parameter 'CLK_DOWN' declared inside package 'sc_util_v1_0_4_pkg' shall be treated as localparam [/home/ug3/Repos/ug3-seeg/ug3-seeg.gen/sources_1/bd/seeg_zynq/ipshared/f0b6/hdl/sc_util_v1_0_vl_rfs.sv:170]
WARNING: [Synth 8-11067] parameter 'CLK_SYNC_ALIAS' declared inside package 'sc_util_v1_0_4_pkg' shall be treated as localparam [/home/ug3/Repos/ug3-seeg/ug3-seeg.gen/sources_1/bd/seeg_zynq/ipshared/f0b6/hdl/sc_util_v1_0_vl_rfs.sv:171]
WARNING: [Synth 8-11067] parameter 'CLK_ASYNC' declared inside package 'sc_util_v1_0_4_pkg' shall be treated as localparam [/home/ug3/Repos/ug3-seeg/ug3-seeg.gen/sources_1/bd/seeg_zynq/ipshared/f0b6/hdl/sc_util_v1_0_vl_rfs.sv:172]
WARNING: [Synth 8-11067] parameter 'CLK_SYNC' declared inside package 'sc_util_v1_0_4_pkg' shall be treated as localparam [/home/ug3/Repos/ug3-seeg/ug3-seeg.gen/sources_1/bd/seeg_zynq/ipshared/f0b6/hdl/sc_util_v1_0_vl_rfs.sv:173]
WARNING: [Synth 8-11067] parameter 'CLK_UP' declared inside package 'sc_util_v1_0_4_pkg' shall be treated as localparam [/home/ug3/Repos/ug3-seeg/ug3-seeg.gen/sources_1/bd/seeg_zynq/ipshared/f0b6/hdl/sc_util_v1_0_vl_rfs.sv:174]
WARNING: [Synth 8-11067] parameter 'CLKEN_NONE' declared inside package 'sc_util_v1_0_4_pkg' shall be treated as localparam [/home/ug3/Repos/ug3-seeg/ug3-seeg.gen/sources_1/bd/seeg_zynq/ipshared/f0b6/hdl/sc_util_v1_0_vl_rfs.sv:176]
WARNING: [Synth 8-11067] parameter 'CLKEN_S' declared inside package 'sc_util_v1_0_4_pkg' shall be treated as localparam [/home/ug3/Repos/ug3-seeg/ug3-seeg.gen/sources_1/bd/seeg_zynq/ipshared/f0b6/hdl/sc_util_v1_0_vl_rfs.sv:177]
WARNING: [Synth 8-11067] parameter 'CLKEN_M' declared inside package 'sc_util_v1_0_4_pkg' shall be treated as localparam [/home/ug3/Repos/ug3-seeg/ug3-seeg.gen/sources_1/bd/seeg_zynq/ipshared/f0b6/hdl/sc_util_v1_0_vl_rfs.sv:178]
WARNING: [Synth 8-11067] parameter 'CLKEN_S_AND_M' declared inside package 'sc_util_v1_0_4_pkg' shall be treated as localparam [/home/ug3/Repos/ug3-seeg/ug3-seeg.gen/sources_1/bd/seeg_zynq/ipshared/f0b6/hdl/sc_util_v1_0_vl_rfs.sv:179]
WARNING: [Synth 8-11067] parameter 'ARB_BYPASS' declared inside package 'sc_util_v1_0_4_pkg' shall be treated as localparam [/home/ug3/Repos/ug3-seeg/ug3-seeg.gen/sources_1/bd/seeg_zynq/ipshared/f0b6/hdl/sc_util_v1_0_vl_rfs.sv:180]
WARNING: [Synth 8-11067] parameter 'ARB_ROUNDROBIN' declared inside package 'sc_util_v1_0_4_pkg' shall be treated as localparam [/home/ug3/Repos/ug3-seeg/ug3-seeg.gen/sources_1/bd/seeg_zynq/ipshared/f0b6/hdl/sc_util_v1_0_vl_rfs.sv:181]
WARNING: [Synth 8-11067] parameter 'ARB_SLAVE' declared inside package 'sc_util_v1_0_4_pkg' shall be treated as localparam [/home/ug3/Repos/ug3-seeg/ug3-seeg.gen/sources_1/bd/seeg_zynq/ipshared/f0b6/hdl/sc_util_v1_0_vl_rfs.sv:182]
WARNING: [Synth 8-11067] parameter 'FIFO_LUTRAM' declared inside package 'sc_util_v1_0_4_pkg' shall be treated as localparam [/home/ug3/Repos/ug3-seeg/ug3-seeg.gen/sources_1/bd/seeg_zynq/ipshared/f0b6/hdl/sc_util_v1_0_vl_rfs.sv:183]
WARNING: [Synth 8-11067] parameter 'FIFO_BRAM' declared inside package 'sc_util_v1_0_4_pkg' shall be treated as localparam [/home/ug3/Repos/ug3-seeg/ug3-seeg.gen/sources_1/bd/seeg_zynq/ipshared/f0b6/hdl/sc_util_v1_0_vl_rfs.sv:184]
WARNING: [Synth 8-11067] parameter 'FIFO_NONE' declared inside package 'sc_util_v1_0_4_pkg' shall be treated as localparam [/home/ug3/Repos/ug3-seeg/ug3-seeg.gen/sources_1/bd/seeg_zynq/ipshared/f0b6/hdl/sc_util_v1_0_vl_rfs.sv:185]
WARNING: [Synth 8-11067] parameter 'FIFO_IP_XPM_MEMORY' declared inside package 'sc_util_v1_0_4_pkg' shall be treated as localparam [/home/ug3/Repos/ug3-seeg/ug3-seeg.gen/sources_1/bd/seeg_zynq/ipshared/f0b6/hdl/sc_util_v1_0_vl_rfs.sv:186]
WARNING: [Synth 8-11067] parameter 'FIFO_IP_FG' declared inside package 'sc_util_v1_0_4_pkg' shall be treated as localparam [/home/ug3/Repos/ug3-seeg/ug3-seeg.gen/sources_1/bd/seeg_zynq/ipshared/f0b6/hdl/sc_util_v1_0_vl_rfs.sv:187]
WARNING: [Synth 8-11067] parameter 'FIFO_IP_XPM_FIFO' declared inside package 'sc_util_v1_0_4_pkg' shall be treated as localparam [/home/ug3/Repos/ug3-seeg/ug3-seeg.gen/sources_1/bd/seeg_zynq/ipshared/f0b6/hdl/sc_util_v1_0_vl_rfs.sv:188]
WARNING: [Synth 8-11067] parameter 'K_T_STRUCT_EXCLUSIVE_WIDTH' declared inside package 'sc_util_v1_0_4_pkg' shall be treated as localparam [/home/ug3/Repos/ug3-seeg/ug3-seeg.gen/sources_1/bd/seeg_zynq/ipshared/f0b6/hdl/sc_util_v1_0_vl_rfs.sv:230]
WARNING: [Synth 8-11067] parameter 'K_T_STATIC_ADDR_PAYLD_WIDTH' declared inside package 'sc_util_v1_0_4_pkg' shall be treated as localparam [/home/ug3/Repos/ug3-seeg/ug3-seeg.gen/sources_1/bd/seeg_zynq/ipshared/f0b6/hdl/sc_util_v1_0_vl_rfs.sv:232]
WARNING: [Synth 8-11067] parameter 'K_T_STATIC_RDATA_PAYLD_WIDTH' declared inside package 'sc_util_v1_0_4_pkg' shall be treated as localparam [/home/ug3/Repos/ug3-seeg/ug3-seeg.gen/sources_1/bd/seeg_zynq/ipshared/f0b6/hdl/sc_util_v1_0_vl_rfs.sv:240]
WARNING: [Synth 8-11067] parameter 'K_T_STATIC_WDATA_PAYLD_WIDTH' declared inside package 'sc_util_v1_0_4_pkg' shall be treated as localparam [/home/ug3/Repos/ug3-seeg/ug3-seeg.gen/sources_1/bd/seeg_zynq/ipshared/f0b6/hdl/sc_util_v1_0_vl_rfs.sv:244]
WARNING: [Synth 8-11067] parameter 'K_T_STATIC_BRSP_PAYLD_WIDTH' declared inside package 'sc_util_v1_0_4_pkg' shall be treated as localparam [/home/ug3/Repos/ug3-seeg/ug3-seeg.gen/sources_1/bd/seeg_zynq/ipshared/f0b6/hdl/sc_util_v1_0_vl_rfs.sv:247]
WARNING: [Synth 8-11067] parameter 'K_T_EXCLUSIVE_WIDTH' declared inside package 'sc_util_v1_0_4_pkg' shall be treated as localparam [/home/ug3/Repos/ug3-seeg/ug3-seeg.gen/sources_1/bd/seeg_zynq/ipshared/f0b6/hdl/sc_util_v1_0_vl_rfs.sv:253]
WARNING: [Synth 8-11067] parameter 'K_T_ADDR_AUGMENT_WIDTH' declared inside package 'sc_util_v1_0_4_pkg' shall be treated as localparam [/home/ug3/Repos/ug3-seeg/ug3-seeg.gen/sources_1/bd/seeg_zynq/ipshared/f0b6/hdl/sc_util_v1_0_vl_rfs.sv:256]
WARNING: [Synth 8-11067] parameter 'K_T_DATA_AUGMENT_WIDTH' declared inside package 'sc_util_v1_0_4_pkg' shall be treated as localparam [/home/ug3/Repos/ug3-seeg/ug3-seeg.gen/sources_1/bd/seeg_zynq/ipshared/f0b6/hdl/sc_util_v1_0_vl_rfs.sv:259]
WARNING: [Synth 8-11067] parameter 'K_T_BRSP_AUGMENT_WIDTH' declared inside package 'sc_util_v1_0_4_pkg' shall be treated as localparam [/home/ug3/Repos/ug3-seeg/ug3-seeg.gen/sources_1/bd/seeg_zynq/ipshared/f0b6/hdl/sc_util_v1_0_vl_rfs.sv:261]
WARNING: [Synth 8-11067] parameter 'K_USABLE_T_ADDR_CASCADE_WIDTH' declared inside package 'sc_util_v1_0_4_pkg' shall be treated as localparam [/home/ug3/Repos/ug3-seeg/ug3-seeg.gen/sources_1/bd/seeg_zynq/ipshared/f0b6/hdl/sc_util_v1_0_vl_rfs.sv:263]
WARNING: [Synth 8-11067] parameter 'K_USABLE_T_DATA_CASCADE_WIDTH' declared inside package 'sc_util_v1_0_4_pkg' shall be treated as localparam [/home/ug3/Repos/ug3-seeg/ug3-seeg.gen/sources_1/bd/seeg_zynq/ipshared/f0b6/hdl/sc_util_v1_0_vl_rfs.sv:265]
WARNING: [Synth 8-11067] parameter 'K_USABLE_T_BRSP_CASCADE_WIDTH' declared inside package 'sc_util_v1_0_4_pkg' shall be treated as localparam [/home/ug3/Repos/ug3-seeg/ug3-seeg.gen/sources_1/bd/seeg_zynq/ipshared/f0b6/hdl/sc_util_v1_0_vl_rfs.sv:267]
WARNING: [Synth 8-11067] parameter 'K_T_CASCADE_WIDTH' declared inside package 'sc_util_v1_0_4_pkg' shall be treated as localparam [/home/ug3/Repos/ug3-seeg/ug3-seeg.gen/sources_1/bd/seeg_zynq/ipshared/f0b6/hdl/sc_util_v1_0_vl_rfs.sv:270]
WARNING: [Synth 8-11067] parameter 'K_T_SEG_LEN_WIDTH' declared inside package 'sc_util_v1_0_4_pkg' shall be treated as localparam [/home/ug3/Repos/ug3-seeg/ug3-seeg.gen/sources_1/bd/seeg_zynq/ipshared/f0b6/hdl/sc_util_v1_0_vl_rfs.sv:304]
WARNING: [Synth 8-11067] parameter 'K_USABLE_T_ADDR_SIDEBAND_WIDTH' declared inside package 'sc_util_v1_0_4_pkg' shall be treated as localparam [/home/ug3/Repos/ug3-seeg/ug3-seeg.gen/sources_1/bd/seeg_zynq/ipshared/f0b6/hdl/sc_util_v1_0_vl_rfs.sv:305]
WARNING: [Synth 8-11067] parameter 'K_USABLE_T_DATA_SIDEBAND_WIDTH' declared inside package 'sc_util_v1_0_4_pkg' shall be treated as localparam [/home/ug3/Repos/ug3-seeg/ug3-seeg.gen/sources_1/bd/seeg_zynq/ipshared/f0b6/hdl/sc_util_v1_0_vl_rfs.sv:308]
WARNING: [Synth 8-11067] parameter 'K_USABLE_T_BRSP_SIDEBAND_WIDTH' declared inside package 'sc_util_v1_0_4_pkg' shall be treated as localparam [/home/ug3/Repos/ug3-seeg/ug3-seeg.gen/sources_1/bd/seeg_zynq/ipshared/f0b6/hdl/sc_util_v1_0_vl_rfs.sv:310]
WARNING: [Synth 8-11067] parameter 'K_T_SIDEBAND_WIDTH' declared inside package 'sc_util_v1_0_4_pkg' shall be treated as localparam [/home/ug3/Repos/ug3-seeg/ug3-seeg.gen/sources_1/bd/seeg_zynq/ipshared/f0b6/hdl/sc_util_v1_0_vl_rfs.sv:313]
WARNING: [Synth 8-11067] parameter 'K_USABLE_T_AXPAYLD_WIDTH' declared inside package 'sc_util_v1_0_4_pkg' shall be treated as localparam [/home/ug3/Repos/ug3-seeg/ug3-seeg.gen/sources_1/bd/seeg_zynq/ipshared/f0b6/hdl/sc_util_v1_0_vl_rfs.sv:341]
WARNING: [Synth 8-11067] parameter 'K_USABLE_T_WPAYLD_WIDTH' declared inside package 'sc_util_v1_0_4_pkg' shall be treated as localparam [/home/ug3/Repos/ug3-seeg/ug3-seeg.gen/sources_1/bd/seeg_zynq/ipshared/f0b6/hdl/sc_util_v1_0_vl_rfs.sv:348]
WARNING: [Synth 8-11067] parameter 'K_USABLE_T_RPAYLD_WIDTH' declared inside package 'sc_util_v1_0_4_pkg' shall be treated as localparam [/home/ug3/Repos/ug3-seeg/ug3-seeg.gen/sources_1/bd/seeg_zynq/ipshared/f0b6/hdl/sc_util_v1_0_vl_rfs.sv:352]
WARNING: [Synth 8-11067] parameter 'K_USABLE_T_BPAYLD_WIDTH' declared inside package 'sc_util_v1_0_4_pkg' shall be treated as localparam [/home/ug3/Repos/ug3-seeg/ug3-seeg.gen/sources_1/bd/seeg_zynq/ipshared/f0b6/hdl/sc_util_v1_0_vl_rfs.sv:357]
WARNING: [Synth 8-11067] parameter 'K_T_PAYLD_WIDTH' declared inside package 'sc_util_v1_0_4_pkg' shall be treated as localparam [/home/ug3/Repos/ug3-seeg/ug3-seeg.gen/sources_1/bd/seeg_zynq/ipshared/f0b6/hdl/sc_util_v1_0_vl_rfs.sv:361]
WARNING: [Synth 8-11067] parameter 'K_MAX_PAYLD_WIDTH' declared inside package 'sc_util_v1_0_4_pkg' shall be treated as localparam [/home/ug3/Repos/ug3-seeg/ug3-seeg.gen/sources_1/bd/seeg_zynq/ipshared/f0b6/hdl/sc_util_v1_0_vl_rfs.sv:362]
WARNING: [Synth 8-11067] parameter 'K_USABLE_T_AXVECTOR_WIDTH' declared inside package 'sc_util_v1_0_4_pkg' shall be treated as localparam [/home/ug3/Repos/ug3-seeg/ug3-seeg.gen/sources_1/bd/seeg_zynq/ipshared/f0b6/hdl/sc_util_v1_0_vl_rfs.sv:547]
WARNING: [Synth 8-11067] parameter 'K_USABLE_T_WVECTOR_WIDTH' declared inside package 'sc_util_v1_0_4_pkg' shall be treated as localparam [/home/ug3/Repos/ug3-seeg/ug3-seeg.gen/sources_1/bd/seeg_zynq/ipshared/f0b6/hdl/sc_util_v1_0_vl_rfs.sv:557]
WARNING: [Synth 8-11067] parameter 'K_USABLE_T_RVECTOR_WIDTH' declared inside package 'sc_util_v1_0_4_pkg' shall be treated as localparam [/home/ug3/Repos/ug3-seeg/ug3-seeg.gen/sources_1/bd/seeg_zynq/ipshared/f0b6/hdl/sc_util_v1_0_vl_rfs.sv:561]
WARNING: [Synth 8-11067] parameter 'K_USABLE_T_BVECTOR_WIDTH' declared inside package 'sc_util_v1_0_4_pkg' shall be treated as localparam [/home/ug3/Repos/ug3-seeg/ug3-seeg.gen/sources_1/bd/seeg_zynq/ipshared/f0b6/hdl/sc_util_v1_0_vl_rfs.sv:566]
WARNING: [Synth 8-11067] parameter 'K_STATIC_AXVECTOR_WIDTH' declared inside package 'sc_util_v1_0_4_pkg' shall be treated as localparam [/home/ug3/Repos/ug3-seeg/ug3-seeg.gen/sources_1/bd/seeg_zynq/ipshared/f0b6/hdl/sc_util_v1_0_vl_rfs.sv:574]
WARNING: [Synth 8-11067] parameter 'K_STATIC_WVECTOR_WIDTH' declared inside package 'sc_util_v1_0_4_pkg' shall be treated as localparam [/home/ug3/Repos/ug3-seeg/ug3-seeg.gen/sources_1/bd/seeg_zynq/ipshared/f0b6/hdl/sc_util_v1_0_vl_rfs.sv:584]
WARNING: [Synth 8-11067] parameter 'K_STATIC_RVECTOR_WIDTH' declared inside package 'sc_util_v1_0_4_pkg' shall be treated as localparam [/home/ug3/Repos/ug3-seeg/ug3-seeg.gen/sources_1/bd/seeg_zynq/ipshared/f0b6/hdl/sc_util_v1_0_vl_rfs.sv:588]
WARNING: [Synth 8-11067] parameter 'K_STATIC_BVECTOR_WIDTH' declared inside package 'sc_util_v1_0_4_pkg' shall be treated as localparam [/home/ug3/Repos/ug3-seeg/ug3-seeg.gen/sources_1/bd/seeg_zynq/ipshared/f0b6/hdl/sc_util_v1_0_vl_rfs.sv:593]
WARNING: [Synth 8-11067] parameter 'K_T_VECTOR_WIDTH' declared inside package 'sc_util_v1_0_4_pkg' shall be treated as localparam [/home/ug3/Repos/ug3-seeg/ug3-seeg.gen/sources_1/bd/seeg_zynq/ipshared/f0b6/hdl/sc_util_v1_0_vl_rfs.sv:596]
WARNING: [Synth 8-11067] parameter 'K_MAX_VECTOR_WIDTH' declared inside package 'sc_util_v1_0_4_pkg' shall be treated as localparam [/home/ug3/Repos/ug3-seeg/ug3-seeg.gen/sources_1/bd/seeg_zynq/ipshared/f0b6/hdl/sc_util_v1_0_vl_rfs.sv:597]
WARNING: [Synth 8-11067] parameter 'K_MAX_NUM_MNOC' declared inside package 'sc_util_v1_0_4_pkg_noc' shall be treated as localparam [/home/ug3/Repos/ug3-seeg/ug3-seeg.gen/sources_1/bd/seeg_zynq/ipshared/f0b6/hdl/sc_util_v1_0_vl_rfs.sv:674]
WARNING: [Synth 8-11067] parameter 'K_MAX_NUM_SNOC' declared inside package 'sc_util_v1_0_4_pkg_noc' shall be treated as localparam [/home/ug3/Repos/ug3-seeg/ug3-seeg.gen/sources_1/bd/seeg_zynq/ipshared/f0b6/hdl/sc_util_v1_0_vl_rfs.sv:675]
WARNING: [Synth 8-11067] parameter 'NOC_MAX_SCHED_LEN' declared inside package 'sc_util_v1_0_4_pkg_noc' shall be treated as localparam [/home/ug3/Repos/ug3-seeg/ug3-seeg.gen/sources_1/bd/seeg_zynq/ipshared/f0b6/hdl/sc_util_v1_0_vl_rfs.sv:676]
WARNING: [Synth 8-11067] parameter 'NOC_MAX_TKN_WIDTH' declared inside package 'sc_util_v1_0_4_pkg_noc' shall be treated as localparam [/home/ug3/Repos/ug3-seeg/ug3-seeg.gen/sources_1/bd/seeg_zynq/ipshared/f0b6/hdl/sc_util_v1_0_vl_rfs.sv:677]
WARNING: [Synth 8-11067] parameter 'NOC_MAX_RTR_ADDR_WIDTH' declared inside package 'sc_util_v1_0_4_pkg_noc' shall be treated as localparam [/home/ug3/Repos/ug3-seeg/ug3-seeg.gen/sources_1/bd/seeg_zynq/ipshared/f0b6/hdl/sc_util_v1_0_vl_rfs.sv:678]
WARNING: [Synth 8-11067] parameter 'NOC_PORT_EJECT' declared inside package 'sc_util_v1_0_4_pkg_noc' shall be treated as localparam [/home/ug3/Repos/ug3-seeg/ug3-seeg.gen/sources_1/bd/seeg_zynq/ipshared/f0b6/hdl/sc_util_v1_0_vl_rfs.sv:679]
WARNING: [Synth 8-11067] parameter 'NOC_PORT_ASCEND' declared inside package 'sc_util_v1_0_4_pkg_noc' shall be treated as localparam [/home/ug3/Repos/ug3-seeg/ug3-seeg.gen/sources_1/bd/seeg_zynq/ipshared/f0b6/hdl/sc_util_v1_0_vl_rfs.sv:680]
WARNING: [Synth 8-11067] parameter 'NOC_PORT_DESCEND' declared inside package 'sc_util_v1_0_4_pkg_noc' shall be treated as localparam [/home/ug3/Repos/ug3-seeg/ug3-seeg.gen/sources_1/bd/seeg_zynq/ipshared/f0b6/hdl/sc_util_v1_0_vl_rfs.sv:681]
WARNING: [Synth 8-11067] parameter 'NOC_PORT_THROUGH' declared inside package 'sc_util_v1_0_4_pkg_noc' shall be treated as localparam [/home/ug3/Repos/ug3-seeg/ug3-seeg.gen/sources_1/bd/seeg_zynq/ipshared/f0b6/hdl/sc_util_v1_0_vl_rfs.sv:682]
WARNING: [Synth 8-11067] parameter 'NOC_TOKEN_THROUGH' declared inside package 'sc_util_v1_0_4_pkg_noc' shall be treated as localparam [/home/ug3/Repos/ug3-seeg/ug3-seeg.gen/sources_1/bd/seeg_zynq/ipshared/f0b6/hdl/sc_util_v1_0_vl_rfs.sv:683]
WARNING: [Synth 8-11067] parameter 'NOC_TOKEN_ASCEND' declared inside package 'sc_util_v1_0_4_pkg_noc' shall be treated as localparam [/home/ug3/Repos/ug3-seeg/ug3-seeg.gen/sources_1/bd/seeg_zynq/ipshared/f0b6/hdl/sc_util_v1_0_vl_rfs.sv:684]
WARNING: [Synth 8-11067] parameter 'NOC_TOKEN_DESCEND' declared inside package 'sc_util_v1_0_4_pkg_noc' shall be treated as localparam [/home/ug3/Repos/ug3-seeg/ug3-seeg.gen/sources_1/bd/seeg_zynq/ipshared/f0b6/hdl/sc_util_v1_0_vl_rfs.sv:685]
INFO: [Common 17-14] Message 'Synth 8-11067' appears 100 times and further instances of the messages will be disabled. Use the Tcl command set_msg_config to change the current settings.
WARNING: [Synth 8-11014] non-net output port 'upsizer_valid' cannot be initialized at declaration in SystemVerilog mode [/home/ug3/Repos/ug3-seeg/ug3-seeg.gen/sources_1/bd/seeg_zynq/ipshared/66be/hdl/sc_node_v1_0_vl_rfs.sv:2589]
---------------------------------------------------------------------------------
Starting RTL Elaboration : Time (s): cpu = 00:00:03 ; elapsed = 00:00:03 . Memory (MB): peak = 2580.949 ; gain = 259.828 ; free physical = 252 ; free virtual = 19746
---------------------------------------------------------------------------------
INFO: [Synth 8-6157] synthesizing module 'seeg_zynq_smartconnect_1_0' [/home/ug3/Repos/ug3-seeg/ug3-seeg.gen/sources_1/bd/seeg_zynq/ip/seeg_zynq_smartconnect_1_0/synth/seeg_zynq_smartconnect_1_0.v:53]
INFO: [Synth 8-6157] synthesizing module 'bd_09bc' [/home/ug3/Repos/ug3-seeg/ug3-seeg.gen/sources_1/bd/seeg_zynq/ip/seeg_zynq_smartconnect_1_0/bd_0/synth/bd_09bc.v:10]
INFO: [Synth 8-6157] synthesizing module 'clk_map_imp_VZWJK3' [/home/ug3/Repos/ug3-seeg/ug3-seeg.gen/sources_1/bd/seeg_zynq/ip/seeg_zynq_smartconnect_1_0/bd_0/synth/bd_09bc.v:1257]
INFO: [Synth 8-6157] synthesizing module 'bd_09bc_one_0' [/home/ug3/Repos/ug3-seeg/ug3-seeg.gen/sources_1/bd/seeg_zynq/ip/seeg_zynq_smartconnect_1_0/bd_0/ip/ip_0/synth/bd_09bc_one_0.v:53]
INFO: [Synth 8-6157] synthesizing module 'xlconstant_v1_1_7_xlconstant' [/home/ug3/Repos/ug3-seeg/ug3-seeg.gen/sources_1/bd/seeg_zynq/ipshared/b0f2/hdl/xlconstant_v1_1_vl_rfs.v:23]
INFO: [Synth 8-6155] done synthesizing module 'xlconstant_v1_1_7_xlconstant' (0#1) [/home/ug3/Repos/ug3-seeg/ug3-seeg.gen/sources_1/bd/seeg_zynq/ipshared/b0f2/hdl/xlconstant_v1_1_vl_rfs.v:23]
INFO: [Synth 8-6155] done synthesizing module 'bd_09bc_one_0' (0#1) [/home/ug3/Repos/ug3-seeg/ug3-seeg.gen/sources_1/bd/seeg_zynq/ip/seeg_zynq_smartconnect_1_0/bd_0/ip/ip_0/synth/bd_09bc_one_0.v:53]
INFO: [Synth 8-638] synthesizing module 'bd_09bc_psr_aclk_0' [/home/ug3/Repos/ug3-seeg/ug3-seeg.gen/sources_1/bd/seeg_zynq/ip/seeg_zynq_smartconnect_1_0/bd_0/ip/ip_1/synth/bd_09bc_psr_aclk_0.vhd:74]
	Parameter C_FAMILY bound to: zynquplus - type: string 
	Parameter C_EXT_RST_WIDTH bound to: 4 - type: integer 
	Parameter C_AUX_RST_WIDTH bound to: 1 - type: integer 
	Parameter C_EXT_RESET_HIGH bound to: 1'b0 
	Parameter C_AUX_RESET_HIGH bound to: 1'b0 
	Parameter C_NUM_BUS_RST bound to: 1 - type: integer 
	Parameter C_NUM_PERP_RST bound to: 1 - type: integer 
	Parameter C_NUM_INTERCONNECT_ARESETN bound to: 1 - type: integer 
	Parameter C_NUM_PERP_ARESETN bound to: 1 - type: integer 
INFO: [Synth 8-3491] module 'proc_sys_reset' declared at '/home/ug3/Repos/ug3-seeg/ug3-seeg.gen/sources_1/bd/seeg_zynq/ipshared/8842/hdl/proc_sys_reset_v5_0_vh_rfs.vhd:1264' bound to instance 'U0' of component 'proc_sys_reset' [/home/ug3/Repos/ug3-seeg/ug3-seeg.gen/sources_1/bd/seeg_zynq/ip/seeg_zynq_smartconnect_1_0/bd_0/ip/ip_1/synth/bd_09bc_psr_aclk_0.vhd:129]
INFO: [Synth 8-638] synthesizing module 'proc_sys_reset' [/home/ug3/Repos/ug3-seeg/ug3-seeg.gen/sources_1/bd/seeg_zynq/ipshared/8842/hdl/proc_sys_reset_v5_0_vh_rfs.vhd:1323]
	Parameter INIT bound to: 1'b1 
INFO: [Synth 8-113] binding component instance 'FDRE_inst' to cell 'FDRE' [/home/ug3/Repos/ug3-seeg/ug3-seeg.gen/sources_1/bd/seeg_zynq/ipshared/8842/hdl/proc_sys_reset_v5_0_vh_rfs.vhd:1392]
	Parameter INIT bound to: 1'b1 
INFO: [Synth 8-113] binding component instance 'FDRE_BSR' to cell 'FDRE' [/home/ug3/Repos/ug3-seeg/ug3-seeg.gen/sources_1/bd/seeg_zynq/ipshared/8842/hdl/proc_sys_reset_v5_0_vh_rfs.vhd:1408]
	Parameter INIT bound to: 1'b0 
INFO: [Synth 8-113] binding component instance 'FDRE_BSR_N' to cell 'FDRE' [/home/ug3/Repos/ug3-seeg/ug3-seeg.gen/sources_1/bd/seeg_zynq/ipshared/8842/hdl/proc_sys_reset_v5_0_vh_rfs.vhd:1434]
	Parameter INIT bound to: 1'b1 
INFO: [Synth 8-113] binding component instance 'FDRE_PER' to cell 'FDRE' [/home/ug3/Repos/ug3-seeg/ug3-seeg.gen/sources_1/bd/seeg_zynq/ipshared/8842/hdl/proc_sys_reset_v5_0_vh_rfs.vhd:1457]
	Parameter INIT bound to: 1'b0 
INFO: [Synth 8-113] binding component instance 'FDRE_PER_N' to cell 'FDRE' [/home/ug3/Repos/ug3-seeg/ug3-seeg.gen/sources_1/bd/seeg_zynq/ipshared/8842/hdl/proc_sys_reset_v5_0_vh_rfs.vhd:1481]
INFO: [Synth 8-638] synthesizing module 'lpf' [/home/ug3/Repos/ug3-seeg/ug3-seeg.gen/sources_1/bd/seeg_zynq/ipshared/8842/hdl/proc_sys_reset_v5_0_vh_rfs.vhd:816]
INFO: [Synth 8-3491] module 'SRL16' declared at '/home/ug3/Xilinx/Vivado/2023.1/scripts/rt/data/unisim_comp.v:132157' bound to instance 'POR_SRL_I' of component 'SRL16' [/home/ug3/Repos/ug3-seeg/ug3-seeg.gen/sources_1/bd/seeg_zynq/ipshared/8842/hdl/proc_sys_reset_v5_0_vh_rfs.vhd:868]
INFO: [Synth 8-6157] synthesizing module 'SRL16' [/home/ug3/Xilinx/Vivado/2023.1/scripts/rt/data/unisim_comp.v:132157]
INFO: [Synth 8-6155] done synthesizing module 'SRL16' (0#1) [/home/ug3/Xilinx/Vivado/2023.1/scripts/rt/data/unisim_comp.v:132157]
INFO: [Synth 8-638] synthesizing module 'cdc_sync' [/home/ug3/Repos/ug3-seeg/ug3-seeg.gen/sources_1/bd/seeg_zynq/ipshared/ef1e/hdl/lib_cdc_v1_0_rfs.vhd:106]
	Parameter INIT bound to: 1'b0 
INFO: [Synth 8-113] binding component instance 'CROSS_PLEVEL_IN2SCNDRY_IN_cdc_to' to cell 'FDR' [/home/ug3/Repos/ug3-seeg/ug3-seeg.gen/sources_1/bd/seeg_zynq/ipshared/ef1e/hdl/lib_cdc_v1_0_rfs.vhd:514]
	Parameter INIT bound to: 1'b0 
INFO: [Synth 8-113] binding component instance 'CROSS_PLEVEL_IN2SCNDRY_s_level_out_d2' to cell 'FDR' [/home/ug3/Repos/ug3-seeg/ug3-seeg.gen/sources_1/bd/seeg_zynq/ipshared/ef1e/hdl/lib_cdc_v1_0_rfs.vhd:545]
	Parameter INIT bound to: 1'b0 
INFO: [Synth 8-113] binding component instance 'CROSS_PLEVEL_IN2SCNDRY_s_level_out_d3' to cell 'FDR' [/home/ug3/Repos/ug3-seeg/ug3-seeg.gen/sources_1/bd/seeg_zynq/ipshared/ef1e/hdl/lib_cdc_v1_0_rfs.vhd:554]
	Parameter INIT bound to: 1'b0 
INFO: [Synth 8-113] binding component instance 'CROSS_PLEVEL_IN2SCNDRY_s_level_out_d4' to cell 'FDR' [/home/ug3/Repos/ug3-seeg/ug3-seeg.gen/sources_1/bd/seeg_zynq/ipshared/ef1e/hdl/lib_cdc_v1_0_rfs.vhd:564]
	Parameter INIT bound to: 1'b0 
INFO: [Synth 8-113] binding component instance 'CROSS_PLEVEL_IN2SCNDRY_s_level_out_d5' to cell 'FDR' [/home/ug3/Repos/ug3-seeg/ug3-seeg.gen/sources_1/bd/seeg_zynq/ipshared/ef1e/hdl/lib_cdc_v1_0_rfs.vhd:574]
	Parameter INIT bound to: 1'b0 
INFO: [Synth 8-113] binding component instance 'CROSS_PLEVEL_IN2SCNDRY_s_level_out_d6' to cell 'FDR' [/home/ug3/Repos/ug3-seeg/ug3-seeg.gen/sources_1/bd/seeg_zynq/ipshared/ef1e/hdl/lib_cdc_v1_0_rfs.vhd:584]
INFO: [Synth 8-256] done synthesizing module 'cdc_sync' (0#1) [/home/ug3/Repos/ug3-seeg/ug3-seeg.gen/sources_1/bd/seeg_zynq/ipshared/ef1e/hdl/lib_cdc_v1_0_rfs.vhd:106]
INFO: [Synth 8-256] done synthesizing module 'lpf' (0#1) [/home/ug3/Repos/ug3-seeg/ug3-seeg.gen/sources_1/bd/seeg_zynq/ipshared/8842/hdl/proc_sys_reset_v5_0_vh_rfs.vhd:816]
INFO: [Synth 8-638] synthesizing module 'sequence_psr' [/home/ug3/Repos/ug3-seeg/ug3-seeg.gen/sources_1/bd/seeg_zynq/ipshared/8842/hdl/proc_sys_reset_v5_0_vh_rfs.vhd:301]
INFO: [Synth 8-638] synthesizing module 'upcnt_n' [/home/ug3/Repos/ug3-seeg/ug3-seeg.gen/sources_1/bd/seeg_zynq/ipshared/8842/hdl/proc_sys_reset_v5_0_vh_rfs.vhd:125]
INFO: [Synth 8-256] done synthesizing module 'upcnt_n' (0#1) [/home/ug3/Repos/ug3-seeg/ug3-seeg.gen/sources_1/bd/seeg_zynq/ipshared/8842/hdl/proc_sys_reset_v5_0_vh_rfs.vhd:125]
INFO: [Synth 8-256] done synthesizing module 'sequence_psr' (0#1) [/home/ug3/Repos/ug3-seeg/ug3-seeg.gen/sources_1/bd/seeg_zynq/ipshared/8842/hdl/proc_sys_reset_v5_0_vh_rfs.vhd:301]
INFO: [Synth 8-256] done synthesizing module 'proc_sys_reset' (0#1) [/home/ug3/Repos/ug3-seeg/ug3-seeg.gen/sources_1/bd/seeg_zynq/ipshared/8842/hdl/proc_sys_reset_v5_0_vh_rfs.vhd:1323]
INFO: [Synth 8-256] done synthesizing module 'bd_09bc_psr_aclk_0' (0#1) [/home/ug3/Repos/ug3-seeg/ug3-seeg.gen/sources_1/bd/seeg_zynq/ip/seeg_zynq_smartconnect_1_0/bd_0/ip/ip_1/synth/bd_09bc_psr_aclk_0.vhd:74]
WARNING: [Synth 8-7071] port 'mb_reset' of module 'bd_09bc_psr_aclk_0' is unconnected for instance 'psr_aclk' [/home/ug3/Repos/ug3-seeg/ug3-seeg.gen/sources_1/bd/seeg_zynq/ip/seeg_zynq_smartconnect_1_0/bd_0/synth/bd_09bc.v:1298]
WARNING: [Synth 8-7071] port 'bus_struct_reset' of module 'bd_09bc_psr_aclk_0' is unconnected for instance 'psr_aclk' [/home/ug3/Repos/ug3-seeg/ug3-seeg.gen/sources_1/bd/seeg_zynq/ip/seeg_zynq_smartconnect_1_0/bd_0/synth/bd_09bc.v:1298]
WARNING: [Synth 8-7071] port 'peripheral_reset' of module 'bd_09bc_psr_aclk_0' is unconnected for instance 'psr_aclk' [/home/ug3/Repos/ug3-seeg/ug3-seeg.gen/sources_1/bd/seeg_zynq/ip/seeg_zynq_smartconnect_1_0/bd_0/synth/bd_09bc.v:1298]
WARNING: [Synth 8-7071] port 'peripheral_aresetn' of module 'bd_09bc_psr_aclk_0' is unconnected for instance 'psr_aclk' [/home/ug3/Repos/ug3-seeg/ug3-seeg.gen/sources_1/bd/seeg_zynq/ip/seeg_zynq_smartconnect_1_0/bd_0/synth/bd_09bc.v:1298]
WARNING: [Synth 8-7023] instance 'psr_aclk' of module 'bd_09bc_psr_aclk_0' has 10 connections declared, but only 6 given [/home/ug3/Repos/ug3-seeg/ug3-seeg.gen/sources_1/bd/seeg_zynq/ip/seeg_zynq_smartconnect_1_0/bd_0/synth/bd_09bc.v:1298]
INFO: [Synth 8-6155] done synthesizing module 'clk_map_imp_VZWJK3' (0#1) [/home/ug3/Repos/ug3-seeg/ug3-seeg.gen/sources_1/bd/seeg_zynq/ip/seeg_zynq_smartconnect_1_0/bd_0/synth/bd_09bc.v:1257]
INFO: [Synth 8-6157] synthesizing module 'm00_exit_pipeline_imp_12UB4K8' [/home/ug3/Repos/ug3-seeg/ug3-seeg.gen/sources_1/bd/seeg_zynq/ip/seeg_zynq_smartconnect_1_0/bd_0/synth/bd_09bc.v:1603]
INFO: [Synth 8-6157] synthesizing module 'bd_09bc_m00e_0' [/home/ug3/Repos/ug3-seeg/ug3-seeg.gen/sources_1/bd/seeg_zynq/ip/seeg_zynq_smartconnect_1_0/bd_0/ip/ip_32/synth/bd_09bc_m00e_0.sv:53]
INFO: [Synth 8-6157] synthesizing module 'xpm_cdc_async_rst' [/home/ug3/Xilinx/Vivado/2023.1/data/ip/xpm/xpm_cdc/hdl/xpm_cdc.sv:1174]
INFO: [Synth 8-6155] done synthesizing module 'xpm_cdc_async_rst' (0#1) [/home/ug3/Xilinx/Vivado/2023.1/data/ip/xpm/xpm_cdc/hdl/xpm_cdc.sv:1174]
INFO: [Synth 8-6155] done synthesizing module 'bd_09bc_m00e_0' (0#1) [/home/ug3/Repos/ug3-seeg/ug3-seeg.gen/sources_1/bd/seeg_zynq/ip/seeg_zynq_smartconnect_1_0/bd_0/ip/ip_32/synth/bd_09bc_m00e_0.sv:53]
INFO: [Synth 8-6155] done synthesizing module 'm00_exit_pipeline_imp_12UB4K8' (0#1) [/home/ug3/Repos/ug3-seeg/ug3-seeg.gen/sources_1/bd/seeg_zynq/ip/seeg_zynq_smartconnect_1_0/bd_0/synth/bd_09bc.v:1603]
INFO: [Synth 8-6157] synthesizing module 'm00_nodes_imp_1OZCE0K' [/home/ug3/Repos/ug3-seeg/ug3-seeg.gen/sources_1/bd/seeg_zynq/ip/seeg_zynq_smartconnect_1_0/bd_0/synth/bd_09bc.v:1904]
INFO: [Synth 8-6157] synthesizing module 'bd_09bc_m00arn_0' [/home/ug3/Repos/ug3-seeg/ug3-seeg.gen/sources_1/bd/seeg_zynq/ip/seeg_zynq_smartconnect_1_0/bd_0/ip/ip_27/synth/bd_09bc_m00arn_0.sv:53]
INFO: [Synth 8-6155] done synthesizing module 'bd_09bc_m00arn_0' (0#1) [/home/ug3/Repos/ug3-seeg/ug3-seeg.gen/sources_1/bd/seeg_zynq/ip/seeg_zynq_smartconnect_1_0/bd_0/ip/ip_27/synth/bd_09bc_m00arn_0.sv:53]
INFO: [Synth 8-6157] synthesizing module 'bd_09bc_m00awn_0' [/home/ug3/Repos/ug3-seeg/ug3-seeg.gen/sources_1/bd/seeg_zynq/ip/seeg_zynq_smartconnect_1_0/bd_0/ip/ip_29/synth/bd_09bc_m00awn_0.sv:53]
INFO: [Synth 8-6155] done synthesizing module 'bd_09bc_m00awn_0' (0#1) [/home/ug3/Repos/ug3-seeg/ug3-seeg.gen/sources_1/bd/seeg_zynq/ip/seeg_zynq_smartconnect_1_0/bd_0/ip/ip_29/synth/bd_09bc_m00awn_0.sv:53]
INFO: [Synth 8-6157] synthesizing module 'bd_09bc_m00bn_0' [/home/ug3/Repos/ug3-seeg/ug3-seeg.gen/sources_1/bd/seeg_zynq/ip/seeg_zynq_smartconnect_1_0/bd_0/ip/ip_31/synth/bd_09bc_m00bn_0.sv:53]
INFO: [Synth 8-6155] done synthesizing module 'bd_09bc_m00bn_0' (0#1) [/home/ug3/Repos/ug3-seeg/ug3-seeg.gen/sources_1/bd/seeg_zynq/ip/seeg_zynq_smartconnect_1_0/bd_0/ip/ip_31/synth/bd_09bc_m00bn_0.sv:53]
INFO: [Synth 8-6157] synthesizing module 'bd_09bc_m00rn_0' [/home/ug3/Repos/ug3-seeg/ug3-seeg.gen/sources_1/bd/seeg_zynq/ip/seeg_zynq_smartconnect_1_0/bd_0/ip/ip_28/synth/bd_09bc_m00rn_0.sv:53]
INFO: [Synth 8-6155] done synthesizing module 'bd_09bc_m00rn_0' (0#1) [/home/ug3/Repos/ug3-seeg/ug3-seeg.gen/sources_1/bd/seeg_zynq/ip/seeg_zynq_smartconnect_1_0/bd_0/ip/ip_28/synth/bd_09bc_m00rn_0.sv:53]
INFO: [Synth 8-6157] synthesizing module 'bd_09bc_m00wn_0' [/home/ug3/Repos/ug3-seeg/ug3-seeg.gen/sources_1/bd/seeg_zynq/ip/seeg_zynq_smartconnect_1_0/bd_0/ip/ip_30/synth/bd_09bc_m00wn_0.sv:53]
INFO: [Synth 8-6155] done synthesizing module 'bd_09bc_m00wn_0' (0#1) [/home/ug3/Repos/ug3-seeg/ug3-seeg.gen/sources_1/bd/seeg_zynq/ip/seeg_zynq_smartconnect_1_0/bd_0/ip/ip_30/synth/bd_09bc_m00wn_0.sv:53]
INFO: [Synth 8-6155] done synthesizing module 'm00_nodes_imp_1OZCE0K' (0#1) [/home/ug3/Repos/ug3-seeg/ug3-seeg.gen/sources_1/bd/seeg_zynq/ip/seeg_zynq_smartconnect_1_0/bd_0/synth/bd_09bc.v:1904]
INFO: [Synth 8-6157] synthesizing module 'bd_09bc_m00s2a_0' [/home/ug3/Repos/ug3-seeg/ug3-seeg.gen/sources_1/bd/seeg_zynq/ip/seeg_zynq_smartconnect_1_0/bd_0/ip/ip_26/synth/bd_09bc_m00s2a_0.sv:53]
INFO: [Synth 8-6155] done synthesizing module 'bd_09bc_m00s2a_0' (0#1) [/home/ug3/Repos/ug3-seeg/ug3-seeg.gen/sources_1/bd/seeg_zynq/ip/seeg_zynq_smartconnect_1_0/bd_0/ip/ip_26/synth/bd_09bc_m00s2a_0.sv:53]
INFO: [Synth 8-6157] synthesizing module 'm01_exit_pipeline_imp_17IK8BC' [/home/ug3/Repos/ug3-seeg/ug3-seeg.gen/sources_1/bd/seeg_zynq/ip/seeg_zynq_smartconnect_1_0/bd_0/synth/bd_09bc.v:2200]
INFO: [Synth 8-6157] synthesizing module 'bd_09bc_m01e_0' [/home/ug3/Repos/ug3-seeg/ug3-seeg.gen/sources_1/bd/seeg_zynq/ip/seeg_zynq_smartconnect_1_0/bd_0/ip/ip_39/synth/bd_09bc_m01e_0.sv:53]
INFO: [Synth 8-6155] done synthesizing module 'bd_09bc_m01e_0' (0#1) [/home/ug3/Repos/ug3-seeg/ug3-seeg.gen/sources_1/bd/seeg_zynq/ip/seeg_zynq_smartconnect_1_0/bd_0/ip/ip_39/synth/bd_09bc_m01e_0.sv:53]
INFO: [Synth 8-6155] done synthesizing module 'm01_exit_pipeline_imp_17IK8BC' (0#1) [/home/ug3/Repos/ug3-seeg/ug3-seeg.gen/sources_1/bd/seeg_zynq/ip/seeg_zynq_smartconnect_1_0/bd_0/synth/bd_09bc.v:2200]
INFO: [Synth 8-6157] synthesizing module 'm01_nodes_imp_JN00HU' [/home/ug3/Repos/ug3-seeg/ug3-seeg.gen/sources_1/bd/seeg_zynq/ip/seeg_zynq_smartconnect_1_0/bd_0/synth/bd_09bc.v:2501]
INFO: [Synth 8-6157] synthesizing module 'bd_09bc_m01arn_0' [/home/ug3/Repos/ug3-seeg/ug3-seeg.gen/sources_1/bd/seeg_zynq/ip/seeg_zynq_smartconnect_1_0/bd_0/ip/ip_34/synth/bd_09bc_m01arn_0.sv:53]
INFO: [Synth 8-6155] done synthesizing module 'bd_09bc_m01arn_0' (0#1) [/home/ug3/Repos/ug3-seeg/ug3-seeg.gen/sources_1/bd/seeg_zynq/ip/seeg_zynq_smartconnect_1_0/bd_0/ip/ip_34/synth/bd_09bc_m01arn_0.sv:53]
INFO: [Synth 8-6157] synthesizing module 'bd_09bc_m01awn_0' [/home/ug3/Repos/ug3-seeg/ug3-seeg.gen/sources_1/bd/seeg_zynq/ip/seeg_zynq_smartconnect_1_0/bd_0/ip/ip_36/synth/bd_09bc_m01awn_0.sv:53]
INFO: [Synth 8-6155] done synthesizing module 'bd_09bc_m01awn_0' (0#1) [/home/ug3/Repos/ug3-seeg/ug3-seeg.gen/sources_1/bd/seeg_zynq/ip/seeg_zynq_smartconnect_1_0/bd_0/ip/ip_36/synth/bd_09bc_m01awn_0.sv:53]
INFO: [Synth 8-6157] synthesizing module 'bd_09bc_m01bn_0' [/home/ug3/Repos/ug3-seeg/ug3-seeg.gen/sources_1/bd/seeg_zynq/ip/seeg_zynq_smartconnect_1_0/bd_0/ip/ip_38/synth/bd_09bc_m01bn_0.sv:53]
INFO: [Synth 8-6155] done synthesizing module 'bd_09bc_m01bn_0' (0#1) [/home/ug3/Repos/ug3-seeg/ug3-seeg.gen/sources_1/bd/seeg_zynq/ip/seeg_zynq_smartconnect_1_0/bd_0/ip/ip_38/synth/bd_09bc_m01bn_0.sv:53]
INFO: [Synth 8-6157] synthesizing module 'bd_09bc_m01rn_0' [/home/ug3/Repos/ug3-seeg/ug3-seeg.gen/sources_1/bd/seeg_zynq/ip/seeg_zynq_smartconnect_1_0/bd_0/ip/ip_35/synth/bd_09bc_m01rn_0.sv:53]
INFO: [Synth 8-6155] done synthesizing module 'bd_09bc_m01rn_0' (0#1) [/home/ug3/Repos/ug3-seeg/ug3-seeg.gen/sources_1/bd/seeg_zynq/ip/seeg_zynq_smartconnect_1_0/bd_0/ip/ip_35/synth/bd_09bc_m01rn_0.sv:53]
INFO: [Synth 8-6157] synthesizing module 'bd_09bc_m01wn_0' [/home/ug3/Repos/ug3-seeg/ug3-seeg.gen/sources_1/bd/seeg_zynq/ip/seeg_zynq_smartconnect_1_0/bd_0/ip/ip_37/synth/bd_09bc_m01wn_0.sv:53]
INFO: [Synth 8-6155] done synthesizing module 'bd_09bc_m01wn_0' (0#1) [/home/ug3/Repos/ug3-seeg/ug3-seeg.gen/sources_1/bd/seeg_zynq/ip/seeg_zynq_smartconnect_1_0/bd_0/ip/ip_37/synth/bd_09bc_m01wn_0.sv:53]
INFO: [Synth 8-6155] done synthesizing module 'm01_nodes_imp_JN00HU' (0#1) [/home/ug3/Repos/ug3-seeg/ug3-seeg.gen/sources_1/bd/seeg_zynq/ip/seeg_zynq_smartconnect_1_0/bd_0/synth/bd_09bc.v:2501]
INFO: [Synth 8-6157] synthesizing module 'bd_09bc_m01s2a_0' [/home/ug3/Repos/ug3-seeg/ug3-seeg.gen/sources_1/bd/seeg_zynq/ip/seeg_zynq_smartconnect_1_0/bd_0/ip/ip_33/synth/bd_09bc_m01s2a_0.sv:53]
INFO: [Synth 8-6155] done synthesizing module 'bd_09bc_m01s2a_0' (0#1) [/home/ug3/Repos/ug3-seeg/ug3-seeg.gen/sources_1/bd/seeg_zynq/ip/seeg_zynq_smartconnect_1_0/bd_0/ip/ip_33/synth/bd_09bc_m01s2a_0.sv:53]
INFO: [Synth 8-6157] synthesizing module 'bd_09bc_s00a2s_0' [/home/ug3/Repos/ug3-seeg/ug3-seeg.gen/sources_1/bd/seeg_zynq/ip/seeg_zynq_smartconnect_1_0/bd_0/ip/ip_20/synth/bd_09bc_s00a2s_0.sv:53]
INFO: [Synth 8-6155] done synthesizing module 'bd_09bc_s00a2s_0' (0#1) [/home/ug3/Repos/ug3-seeg/ug3-seeg.gen/sources_1/bd/seeg_zynq/ip/seeg_zynq_smartconnect_1_0/bd_0/ip/ip_20/synth/bd_09bc_s00a2s_0.sv:53]
INFO: [Synth 8-6157] synthesizing module 's00_entry_pipeline_imp_2G7LQZ' [/home/ug3/Repos/ug3-seeg/ug3-seeg.gen/sources_1/bd/seeg_zynq/ip/seeg_zynq_smartconnect_1_0/bd_0/synth/bd_09bc.v:2797]
INFO: [Synth 8-6157] synthesizing module 'bd_09bc_s00mmu_0' [/home/ug3/Repos/ug3-seeg/ug3-seeg.gen/sources_1/bd/seeg_zynq/ip/seeg_zynq_smartconnect_1_0/bd_0/ip/ip_17/synth/bd_09bc_s00mmu_0.sv:53]
INFO: [Synth 8-6155] done synthesizing module 'bd_09bc_s00mmu_0' (0#1) [/home/ug3/Repos/ug3-seeg/ug3-seeg.gen/sources_1/bd/seeg_zynq/ip/seeg_zynq_smartconnect_1_0/bd_0/ip/ip_17/synth/bd_09bc_s00mmu_0.sv:53]
INFO: [Synth 8-6157] synthesizing module 'bd_09bc_s00sic_0' [/home/ug3/Repos/ug3-seeg/ug3-seeg.gen/sources_1/bd/seeg_zynq/ip/seeg_zynq_smartconnect_1_0/bd_0/ip/ip_19/synth/bd_09bc_s00sic_0.sv:53]
INFO: [Synth 8-6155] done synthesizing module 'bd_09bc_s00sic_0' (0#1) [/home/ug3/Repos/ug3-seeg/ug3-seeg.gen/sources_1/bd/seeg_zynq/ip/seeg_zynq_smartconnect_1_0/bd_0/ip/ip_19/synth/bd_09bc_s00sic_0.sv:53]
INFO: [Synth 8-6157] synthesizing module 'bd_09bc_s00tr_0' [/home/ug3/Repos/ug3-seeg/ug3-seeg.gen/sources_1/bd/seeg_zynq/ip/seeg_zynq_smartconnect_1_0/bd_0/ip/ip_18/synth/bd_09bc_s00tr_0.sv:53]
INFO: [Synth 8-6155] done synthesizing module 'bd_09bc_s00tr_0' (0#1) [/home/ug3/Repos/ug3-seeg/ug3-seeg.gen/sources_1/bd/seeg_zynq/ip/seeg_zynq_smartconnect_1_0/bd_0/ip/ip_18/synth/bd_09bc_s00tr_0.sv:53]
INFO: [Synth 8-6155] done synthesizing module 's00_entry_pipeline_imp_2G7LQZ' (0#1) [/home/ug3/Repos/ug3-seeg/ug3-seeg.gen/sources_1/bd/seeg_zynq/ip/seeg_zynq_smartconnect_1_0/bd_0/synth/bd_09bc.v:2797]
INFO: [Synth 8-6157] synthesizing module 's00_nodes_imp_85Y3SX' [/home/ug3/Repos/ug3-seeg/ug3-seeg.gen/sources_1/bd/seeg_zynq/ip/seeg_zynq_smartconnect_1_0/bd_0/synth/bd_09bc.v:3456]
INFO: [Synth 8-6157] synthesizing module 'bd_09bc_sarn_0' [/home/ug3/Repos/ug3-seeg/ug3-seeg.gen/sources_1/bd/seeg_zynq/ip/seeg_zynq_smartconnect_1_0/bd_0/ip/ip_21/synth/bd_09bc_sarn_0.sv:53]
INFO: [Synth 8-6155] done synthesizing module 'bd_09bc_sarn_0' (0#1) [/home/ug3/Repos/ug3-seeg/ug3-seeg.gen/sources_1/bd/seeg_zynq/ip/seeg_zynq_smartconnect_1_0/bd_0/ip/ip_21/synth/bd_09bc_sarn_0.sv:53]
INFO: [Synth 8-6157] synthesizing module 'bd_09bc_sawn_0' [/home/ug3/Repos/ug3-seeg/ug3-seeg.gen/sources_1/bd/seeg_zynq/ip/seeg_zynq_smartconnect_1_0/bd_0/ip/ip_23/synth/bd_09bc_sawn_0.sv:53]
INFO: [Synth 8-6155] done synthesizing module 'bd_09bc_sawn_0' (0#1) [/home/ug3/Repos/ug3-seeg/ug3-seeg.gen/sources_1/bd/seeg_zynq/ip/seeg_zynq_smartconnect_1_0/bd_0/ip/ip_23/synth/bd_09bc_sawn_0.sv:53]
INFO: [Synth 8-6157] synthesizing module 'bd_09bc_sbn_0' [/home/ug3/Repos/ug3-seeg/ug3-seeg.gen/sources_1/bd/seeg_zynq/ip/seeg_zynq_smartconnect_1_0/bd_0/ip/ip_25/synth/bd_09bc_sbn_0.sv:53]
INFO: [Synth 8-6155] done synthesizing module 'bd_09bc_sbn_0' (0#1) [/home/ug3/Repos/ug3-seeg/ug3-seeg.gen/sources_1/bd/seeg_zynq/ip/seeg_zynq_smartconnect_1_0/bd_0/ip/ip_25/synth/bd_09bc_sbn_0.sv:53]
INFO: [Synth 8-6157] synthesizing module 'bd_09bc_srn_0' [/home/ug3/Repos/ug3-seeg/ug3-seeg.gen/sources_1/bd/seeg_zynq/ip/seeg_zynq_smartconnect_1_0/bd_0/ip/ip_22/synth/bd_09bc_srn_0.sv:53]
INFO: [Synth 8-6155] done synthesizing module 'bd_09bc_srn_0' (0#1) [/home/ug3/Repos/ug3-seeg/ug3-seeg.gen/sources_1/bd/seeg_zynq/ip/seeg_zynq_smartconnect_1_0/bd_0/ip/ip_22/synth/bd_09bc_srn_0.sv:53]
INFO: [Synth 8-6157] synthesizing module 'bd_09bc_swn_0' [/home/ug3/Repos/ug3-seeg/ug3-seeg.gen/sources_1/bd/seeg_zynq/ip/seeg_zynq_smartconnect_1_0/bd_0/ip/ip_24/synth/bd_09bc_swn_0.sv:53]
INFO: [Synth 8-6155] done synthesizing module 'bd_09bc_swn_0' (0#1) [/home/ug3/Repos/ug3-seeg/ug3-seeg.gen/sources_1/bd/seeg_zynq/ip/seeg_zynq_smartconnect_1_0/bd_0/ip/ip_24/synth/bd_09bc_swn_0.sv:53]
INFO: [Synth 8-6155] done synthesizing module 's00_nodes_imp_85Y3SX' (0#1) [/home/ug3/Repos/ug3-seeg/ug3-seeg.gen/sources_1/bd/seeg_zynq/ip/seeg_zynq_smartconnect_1_0/bd_0/synth/bd_09bc.v:3456]
INFO: [Synth 8-6157] synthesizing module 'switchboards_imp_WWOEZ9' [/home/ug3/Repos/ug3-seeg/ug3-seeg.gen/sources_1/bd/seeg_zynq/ip/seeg_zynq_smartconnect_1_0/bd_0/synth/bd_09bc.v:3752]
INFO: [Synth 8-6157] synthesizing module 'bd_09bc_arinsw_0' [/home/ug3/Repos/ug3-seeg/ug3-seeg.gen/sources_1/bd/seeg_zynq/ip/seeg_zynq_smartconnect_1_0/bd_0/ip/ip_2/synth/bd_09bc_arinsw_0.sv:53]
INFO: [Synth 8-6155] done synthesizing module 'bd_09bc_arinsw_0' (0#1) [/home/ug3/Repos/ug3-seeg/ug3-seeg.gen/sources_1/bd/seeg_zynq/ip/seeg_zynq_smartconnect_1_0/bd_0/ip/ip_2/synth/bd_09bc_arinsw_0.sv:53]
INFO: [Synth 8-6157] synthesizing module 'bd_09bc_aroutsw_0' [/home/ug3/Repos/ug3-seeg/ug3-seeg.gen/sources_1/bd/seeg_zynq/ip/seeg_zynq_smartconnect_1_0/bd_0/ip/ip_7/synth/bd_09bc_aroutsw_0.sv:53]
INFO: [Synth 8-6155] done synthesizing module 'bd_09bc_aroutsw_0' (0#1) [/home/ug3/Repos/ug3-seeg/ug3-seeg.gen/sources_1/bd/seeg_zynq/ip/seeg_zynq_smartconnect_1_0/bd_0/ip/ip_7/synth/bd_09bc_aroutsw_0.sv:53]
INFO: [Synth 8-6157] synthesizing module 'bd_09bc_awinsw_0' [/home/ug3/Repos/ug3-seeg/ug3-seeg.gen/sources_1/bd/seeg_zynq/ip/seeg_zynq_smartconnect_1_0/bd_0/ip/ip_4/synth/bd_09bc_awinsw_0.sv:53]
INFO: [Synth 8-6155] done synthesizing module 'bd_09bc_awinsw_0' (0#1) [/home/ug3/Repos/ug3-seeg/ug3-seeg.gen/sources_1/bd/seeg_zynq/ip/seeg_zynq_smartconnect_1_0/bd_0/ip/ip_4/synth/bd_09bc_awinsw_0.sv:53]
INFO: [Synth 8-6157] synthesizing module 'bd_09bc_awoutsw_0' [/home/ug3/Repos/ug3-seeg/ug3-seeg.gen/sources_1/bd/seeg_zynq/ip/seeg_zynq_smartconnect_1_0/bd_0/ip/ip_9/synth/bd_09bc_awoutsw_0.sv:53]
INFO: [Synth 8-6155] done synthesizing module 'bd_09bc_awoutsw_0' (0#1) [/home/ug3/Repos/ug3-seeg/ug3-seeg.gen/sources_1/bd/seeg_zynq/ip/seeg_zynq_smartconnect_1_0/bd_0/ip/ip_9/synth/bd_09bc_awoutsw_0.sv:53]
INFO: [Synth 8-6157] synthesizing module 'bd_09bc_binsw_0' [/home/ug3/Repos/ug3-seeg/ug3-seeg.gen/sources_1/bd/seeg_zynq/ip/seeg_zynq_smartconnect_1_0/bd_0/ip/ip_6/synth/bd_09bc_binsw_0.sv:53]
INFO: [Synth 8-6155] done synthesizing module 'bd_09bc_binsw_0' (0#1) [/home/ug3/Repos/ug3-seeg/ug3-seeg.gen/sources_1/bd/seeg_zynq/ip/seeg_zynq_smartconnect_1_0/bd_0/ip/ip_6/synth/bd_09bc_binsw_0.sv:53]
INFO: [Synth 8-6157] synthesizing module 'bd_09bc_boutsw_0' [/home/ug3/Repos/ug3-seeg/ug3-seeg.gen/sources_1/bd/seeg_zynq/ip/seeg_zynq_smartconnect_1_0/bd_0/ip/ip_11/synth/bd_09bc_boutsw_0.sv:53]
INFO: [Synth 8-6155] done synthesizing module 'bd_09bc_boutsw_0' (0#1) [/home/ug3/Repos/ug3-seeg/ug3-seeg.gen/sources_1/bd/seeg_zynq/ip/seeg_zynq_smartconnect_1_0/bd_0/ip/ip_11/synth/bd_09bc_boutsw_0.sv:53]
INFO: [Synth 8-6157] synthesizing module 'i_nodes_imp_1DLCP9P' [/home/ug3/Repos/ug3-seeg/ug3-seeg.gen/sources_1/bd/seeg_zynq/ip/seeg_zynq_smartconnect_1_0/bd_0/synth/bd_09bc.v:1307]
INFO: [Synth 8-6157] synthesizing module 'bd_09bc_arni_0' [/home/ug3/Repos/ug3-seeg/ug3-seeg.gen/sources_1/bd/seeg_zynq/ip/seeg_zynq_smartconnect_1_0/bd_0/ip/ip_12/synth/bd_09bc_arni_0.sv:53]
INFO: [Synth 8-6155] done synthesizing module 'bd_09bc_arni_0' (0#1) [/home/ug3/Repos/ug3-seeg/ug3-seeg.gen/sources_1/bd/seeg_zynq/ip/seeg_zynq_smartconnect_1_0/bd_0/ip/ip_12/synth/bd_09bc_arni_0.sv:53]
INFO: [Synth 8-6157] synthesizing module 'bd_09bc_awni_0' [/home/ug3/Repos/ug3-seeg/ug3-seeg.gen/sources_1/bd/seeg_zynq/ip/seeg_zynq_smartconnect_1_0/bd_0/ip/ip_14/synth/bd_09bc_awni_0.sv:53]
INFO: [Synth 8-6155] done synthesizing module 'bd_09bc_awni_0' (0#1) [/home/ug3/Repos/ug3-seeg/ug3-seeg.gen/sources_1/bd/seeg_zynq/ip/seeg_zynq_smartconnect_1_0/bd_0/ip/ip_14/synth/bd_09bc_awni_0.sv:53]
INFO: [Synth 8-6157] synthesizing module 'bd_09bc_bni_0' [/home/ug3/Repos/ug3-seeg/ug3-seeg.gen/sources_1/bd/seeg_zynq/ip/seeg_zynq_smartconnect_1_0/bd_0/ip/ip_16/synth/bd_09bc_bni_0.sv:53]
INFO: [Synth 8-6155] done synthesizing module 'bd_09bc_bni_0' (0#1) [/home/ug3/Repos/ug3-seeg/ug3-seeg.gen/sources_1/bd/seeg_zynq/ip/seeg_zynq_smartconnect_1_0/bd_0/ip/ip_16/synth/bd_09bc_bni_0.sv:53]
INFO: [Synth 8-6157] synthesizing module 'bd_09bc_rni_0' [/home/ug3/Repos/ug3-seeg/ug3-seeg.gen/sources_1/bd/seeg_zynq/ip/seeg_zynq_smartconnect_1_0/bd_0/ip/ip_13/synth/bd_09bc_rni_0.sv:53]
INFO: [Synth 8-6155] done synthesizing module 'bd_09bc_rni_0' (0#1) [/home/ug3/Repos/ug3-seeg/ug3-seeg.gen/sources_1/bd/seeg_zynq/ip/seeg_zynq_smartconnect_1_0/bd_0/ip/ip_13/synth/bd_09bc_rni_0.sv:53]
INFO: [Synth 8-6157] synthesizing module 'bd_09bc_wni_0' [/home/ug3/Repos/ug3-seeg/ug3-seeg.gen/sources_1/bd/seeg_zynq/ip/seeg_zynq_smartconnect_1_0/bd_0/ip/ip_15/synth/bd_09bc_wni_0.sv:53]
INFO: [Synth 8-6155] done synthesizing module 'bd_09bc_wni_0' (0#1) [/home/ug3/Repos/ug3-seeg/ug3-seeg.gen/sources_1/bd/seeg_zynq/ip/seeg_zynq_smartconnect_1_0/bd_0/ip/ip_15/synth/bd_09bc_wni_0.sv:53]
INFO: [Synth 8-6155] done synthesizing module 'i_nodes_imp_1DLCP9P' (0#1) [/home/ug3/Repos/ug3-seeg/ug3-seeg.gen/sources_1/bd/seeg_zynq/ip/seeg_zynq_smartconnect_1_0/bd_0/synth/bd_09bc.v:1307]
INFO: [Synth 8-6157] synthesizing module 'bd_09bc_rinsw_0' [/home/ug3/Repos/ug3-seeg/ug3-seeg.gen/sources_1/bd/seeg_zynq/ip/seeg_zynq_smartconnect_1_0/bd_0/ip/ip_3/synth/bd_09bc_rinsw_0.sv:53]
INFO: [Synth 8-6155] done synthesizing module 'bd_09bc_rinsw_0' (0#1) [/home/ug3/Repos/ug3-seeg/ug3-seeg.gen/sources_1/bd/seeg_zynq/ip/seeg_zynq_smartconnect_1_0/bd_0/ip/ip_3/synth/bd_09bc_rinsw_0.sv:53]
INFO: [Synth 8-6157] synthesizing module 'bd_09bc_routsw_0' [/home/ug3/Repos/ug3-seeg/ug3-seeg.gen/sources_1/bd/seeg_zynq/ip/seeg_zynq_smartconnect_1_0/bd_0/ip/ip_8/synth/bd_09bc_routsw_0.sv:53]
INFO: [Synth 8-6155] done synthesizing module 'bd_09bc_routsw_0' (0#1) [/home/ug3/Repos/ug3-seeg/ug3-seeg.gen/sources_1/bd/seeg_zynq/ip/seeg_zynq_smartconnect_1_0/bd_0/ip/ip_8/synth/bd_09bc_routsw_0.sv:53]
INFO: [Synth 8-6157] synthesizing module 'bd_09bc_winsw_0' [/home/ug3/Repos/ug3-seeg/ug3-seeg.gen/sources_1/bd/seeg_zynq/ip/seeg_zynq_smartconnect_1_0/bd_0/ip/ip_5/synth/bd_09bc_winsw_0.sv:53]
INFO: [Synth 8-6155] done synthesizing module 'bd_09bc_winsw_0' (0#1) [/home/ug3/Repos/ug3-seeg/ug3-seeg.gen/sources_1/bd/seeg_zynq/ip/seeg_zynq_smartconnect_1_0/bd_0/ip/ip_5/synth/bd_09bc_winsw_0.sv:53]
INFO: [Synth 8-6157] synthesizing module 'bd_09bc_woutsw_0' [/home/ug3/Repos/ug3-seeg/ug3-seeg.gen/sources_1/bd/seeg_zynq/ip/seeg_zynq_smartconnect_1_0/bd_0/ip/ip_10/synth/bd_09bc_woutsw_0.sv:53]
INFO: [Synth 8-6155] done synthesizing module 'bd_09bc_woutsw_0' (0#1) [/home/ug3/Repos/ug3-seeg/ug3-seeg.gen/sources_1/bd/seeg_zynq/ip/seeg_zynq_smartconnect_1_0/bd_0/ip/ip_10/synth/bd_09bc_woutsw_0.sv:53]
INFO: [Synth 8-6155] done synthesizing module 'switchboards_imp_WWOEZ9' (0#1) [/home/ug3/Repos/ug3-seeg/ug3-seeg.gen/sources_1/bd/seeg_zynq/ip/seeg_zynq_smartconnect_1_0/bd_0/synth/bd_09bc.v:3752]
INFO: [Synth 8-6155] done synthesizing module 'bd_09bc' (0#1) [/home/ug3/Repos/ug3-seeg/ug3-seeg.gen/sources_1/bd/seeg_zynq/ip/seeg_zynq_smartconnect_1_0/bd_0/synth/bd_09bc.v:10]
INFO: [Synth 8-6155] done synthesizing module 'seeg_zynq_smartconnect_1_0' (0#1) [/home/ug3/Repos/ug3-seeg/ug3-seeg.gen/sources_1/bd/seeg_zynq/ip/seeg_zynq_smartconnect_1_0/synth/seeg_zynq_smartconnect_1_0.v:53]
WARNING: [Synth 8-3848] Net aresetn_out in module/entity clk_map_imp_VZWJK3 does not have driver. [/home/ug3/Repos/ug3-seeg/ug3-seeg.gen/sources_1/bd/seeg_zynq/ip/seeg_zynq_smartconnect_1_0/bd_0/synth/bd_09bc.v:1277]
WARNING: [Synth 8-7129] Port aclk in module sc_util_v1_0_4_pipeline__parameterized4 is either unconnected or has no load
WARNING: [Synth 8-7129] Port aclken in module sc_util_v1_0_4_pipeline__parameterized4 is either unconnected or has no load
WARNING: [Synth 8-7129] Port areset in module sc_util_v1_0_4_pipeline__parameterized4 is either unconnected or has no load
WARNING: [Synth 8-7129] Port aclk in module sc_util_v1_0_4_pipeline__parameterized0 is either unconnected or has no load
WARNING: [Synth 8-7129] Port aclken in module sc_util_v1_0_4_pipeline__parameterized0 is either unconnected or has no load
WARNING: [Synth 8-7129] Port areset in module sc_util_v1_0_4_pipeline__parameterized0 is either unconnected or has no load
WARNING: [Synth 8-7129] Port din[0] in module sc_util_v1_0_4_onehot_to_binary__parameterized0 is either unconnected or has no load
WARNING: [Synth 8-7129] Port connectivity[1] in module sc_switchboard_v1_0_6_top__parameterized6 is either unconnected or has no load
WARNING: [Synth 8-7129] Port connectivity[0] in module sc_switchboard_v1_0_6_top__parameterized6 is either unconnected or has no load
WARNING: [Synth 8-7129] Port connectivity[0] in module sc_switchboard_v1_0_6_top__parameterized5 is either unconnected or has no load
WARNING: [Synth 8-7129] Port aclk in module sc_util_v1_0_4_pipeline__parameterized3 is either unconnected or has no load
WARNING: [Synth 8-7129] Port aclken in module sc_util_v1_0_4_pipeline__parameterized3 is either unconnected or has no load
WARNING: [Synth 8-7129] Port areset in module sc_util_v1_0_4_pipeline__parameterized3 is either unconnected or has no load
WARNING: [Synth 8-7129] Port din[0] in module sc_util_v1_0_4_onehot_to_binary__parameterized1 is either unconnected or has no load
WARNING: [Synth 8-7129] Port connectivity[1] in module sc_switchboard_v1_0_6_top__parameterized4 is either unconnected or has no load
WARNING: [Synth 8-7129] Port connectivity[0] in module sc_switchboard_v1_0_6_top__parameterized4 is either unconnected or has no load
WARNING: [Synth 8-7129] Port connectivity[0] in module sc_switchboard_v1_0_6_top__parameterized3 is either unconnected or has no load
WARNING: [Synth 8-7129] Port din[0] in module sc_util_v1_0_4_onehot_to_binary is either unconnected or has no load
WARNING: [Synth 8-7129] Port slow_clk in module sc_util_v1_0_4_sample_cycle_ratio is either unconnected or has no load
WARNING: [Synth 8-7129] Port fast_clk in module sc_util_v1_0_4_sample_cycle_ratio is either unconnected or has no load
WARNING: [Synth 8-7129] Port aclk in module sc_util_v1_0_4_pipeline__parameterized10 is either unconnected or has no load
WARNING: [Synth 8-7129] Port aclken in module sc_util_v1_0_4_pipeline__parameterized10 is either unconnected or has no load
WARNING: [Synth 8-7129] Port areset in module sc_util_v1_0_4_pipeline__parameterized10 is either unconnected or has no load
WARNING: [Synth 8-7129] Port aclk in module sc_node_v1_0_14_reg_slice3 is either unconnected or has no load
WARNING: [Synth 8-7129] Port aclken in module sc_node_v1_0_14_reg_slice3 is either unconnected or has no load
WARNING: [Synth 8-7129] Port areset in module sc_node_v1_0_14_reg_slice3 is either unconnected or has no load
WARNING: [Synth 8-7129] Port aclk in module sc_node_v1_0_14_si_handler__parameterized8 is either unconnected or has no load
WARNING: [Synth 8-7129] Port aclken in module sc_node_v1_0_14_si_handler__parameterized8 is either unconnected or has no load
WARNING: [Synth 8-7129] Port areset in module sc_node_v1_0_14_si_handler__parameterized8 is either unconnected or has no load
WARNING: [Synth 8-7129] Port s_sc_req[0] in module sc_node_v1_0_14_si_handler__parameterized8 is either unconnected or has no load
WARNING: [Synth 8-7129] Port s_sc_info[0] in module sc_node_v1_0_14_si_handler__parameterized8 is either unconnected or has no load
WARNING: [Synth 8-7129] Port s_axis_arb_tvalid in module sc_node_v1_0_14_si_handler__parameterized8 is either unconnected or has no load
WARNING: [Synth 8-7129] Port s_axis_arb_tdata[15] in module sc_node_v1_0_14_si_handler__parameterized8 is either unconnected or has no load
WARNING: [Synth 8-7129] Port s_axis_arb_tdata[14] in module sc_node_v1_0_14_si_handler__parameterized8 is either unconnected or has no load
WARNING: [Synth 8-7129] Port s_axis_arb_tdata[13] in module sc_node_v1_0_14_si_handler__parameterized8 is either unconnected or has no load
WARNING: [Synth 8-7129] Port s_axis_arb_tdata[12] in module sc_node_v1_0_14_si_handler__parameterized8 is either unconnected or has no load
WARNING: [Synth 8-7129] Port s_axis_arb_tdata[11] in module sc_node_v1_0_14_si_handler__parameterized8 is either unconnected or has no load
WARNING: [Synth 8-7129] Port s_axis_arb_tdata[10] in module sc_node_v1_0_14_si_handler__parameterized8 is either unconnected or has no load
WARNING: [Synth 8-7129] Port s_axis_arb_tdata[9] in module sc_node_v1_0_14_si_handler__parameterized8 is either unconnected or has no load
WARNING: [Synth 8-7129] Port s_axis_arb_tdata[8] in module sc_node_v1_0_14_si_handler__parameterized8 is either unconnected or has no load
WARNING: [Synth 8-7129] Port s_axis_arb_tdata[7] in module sc_node_v1_0_14_si_handler__parameterized8 is either unconnected or has no load
WARNING: [Synth 8-7129] Port s_axis_arb_tdata[6] in module sc_node_v1_0_14_si_handler__parameterized8 is either unconnected or has no load
WARNING: [Synth 8-7129] Port s_axis_arb_tdata[5] in module sc_node_v1_0_14_si_handler__parameterized8 is either unconnected or has no load
WARNING: [Synth 8-7129] Port s_axis_arb_tdata[4] in module sc_node_v1_0_14_si_handler__parameterized8 is either unconnected or has no load
WARNING: [Synth 8-7129] Port s_axis_arb_tdata[3] in module sc_node_v1_0_14_si_handler__parameterized8 is either unconnected or has no load
WARNING: [Synth 8-7129] Port s_axis_arb_tdata[2] in module sc_node_v1_0_14_si_handler__parameterized8 is either unconnected or has no load
WARNING: [Synth 8-7129] Port s_axis_arb_tdata[1] in module sc_node_v1_0_14_si_handler__parameterized8 is either unconnected or has no load
WARNING: [Synth 8-7129] Port s_axis_arb_tdata[0] in module sc_node_v1_0_14_si_handler__parameterized8 is either unconnected or has no load
WARNING: [Synth 8-7129] Port m_axis_arb_tready in module sc_node_v1_0_14_si_handler__parameterized8 is either unconnected or has no load
WARNING: [Synth 8-7129] Port aclk in module sc_util_v1_0_4_axic_register_slice is either unconnected or has no load
WARNING: [Synth 8-7129] Port areset in module sc_util_v1_0_4_axic_register_slice is either unconnected or has no load
WARNING: [Synth 8-7129] Port aclken in module sc_util_v1_0_4_axic_register_slice is either unconnected or has no load
WARNING: [Synth 8-7129] Port m_sc_aclken in module sc_node_v1_0_14_top__parameterized13 is either unconnected or has no load
WARNING: [Synth 8-7129] Port din[0] in module sc_util_v1_0_4_onehot_to_binary__parameterized2 is either unconnected or has no load
WARNING: [Synth 8-7129] Port aclk in module sc_util_v1_0_4_pipeline__parameterized7 is either unconnected or has no load
WARNING: [Synth 8-7129] Port aclken in module sc_util_v1_0_4_pipeline__parameterized7 is either unconnected or has no load
WARNING: [Synth 8-7129] Port areset in module sc_util_v1_0_4_pipeline__parameterized7 is either unconnected or has no load
WARNING: [Synth 8-7129] Port s_sc_payld[56] in module sc_node_v1_0_14_ingress__parameterized7 is either unconnected or has no load
WARNING: [Synth 8-7129] Port s_sc_payld[55] in module sc_node_v1_0_14_ingress__parameterized7 is either unconnected or has no load
WARNING: [Synth 8-7129] Port aclk in module sc_util_v1_0_4_pipeline__parameterized9 is either unconnected or has no load
WARNING: [Synth 8-7129] Port aclken in module sc_util_v1_0_4_pipeline__parameterized9 is either unconnected or has no load
WARNING: [Synth 8-7129] Port areset in module sc_util_v1_0_4_pipeline__parameterized9 is either unconnected or has no load
WARNING: [Synth 8-7129] Port aclk in module sc_node_v1_0_14_reg_slice3__parameterized0 is either unconnected or has no load
WARNING: [Synth 8-7129] Port aclken in module sc_node_v1_0_14_reg_slice3__parameterized0 is either unconnected or has no load
WARNING: [Synth 8-7129] Port areset in module sc_node_v1_0_14_reg_slice3__parameterized0 is either unconnected or has no load
WARNING: [Synth 8-7129] Port areset in module sc_node_v1_0_14_fi_regulator is either unconnected or has no load
WARNING: [Synth 8-7129] Port s_sc_info[1] in module sc_node_v1_0_14_si_handler__parameterized7 is either unconnected or has no load
WARNING: [Synth 8-7129] Port s_sc_info[0] in module sc_node_v1_0_14_si_handler__parameterized7 is either unconnected or has no load
WARNING: [Synth 8-7129] Port s_axis_arb_tvalid in module sc_node_v1_0_14_si_handler__parameterized7 is either unconnected or has no load
WARNING: [Synth 8-7129] Port s_axis_arb_tdata[15] in module sc_node_v1_0_14_si_handler__parameterized7 is either unconnected or has no load
WARNING: [Synth 8-7129] Port s_axis_arb_tdata[14] in module sc_node_v1_0_14_si_handler__parameterized7 is either unconnected or has no load
WARNING: [Synth 8-7129] Port s_axis_arb_tdata[13] in module sc_node_v1_0_14_si_handler__parameterized7 is either unconnected or has no load
WARNING: [Synth 8-7129] Port s_axis_arb_tdata[12] in module sc_node_v1_0_14_si_handler__parameterized7 is either unconnected or has no load
WARNING: [Synth 8-7129] Port s_axis_arb_tdata[11] in module sc_node_v1_0_14_si_handler__parameterized7 is either unconnected or has no load
WARNING: [Synth 8-7129] Port s_axis_arb_tdata[10] in module sc_node_v1_0_14_si_handler__parameterized7 is either unconnected or has no load
WARNING: [Synth 8-7129] Port s_axis_arb_tdata[9] in module sc_node_v1_0_14_si_handler__parameterized7 is either unconnected or has no load
WARNING: [Synth 8-7129] Port s_axis_arb_tdata[8] in module sc_node_v1_0_14_si_handler__parameterized7 is either unconnected or has no load
WARNING: [Synth 8-7129] Port s_axis_arb_tdata[7] in module sc_node_v1_0_14_si_handler__parameterized7 is either unconnected or has no load
WARNING: [Synth 8-7129] Port s_axis_arb_tdata[6] in module sc_node_v1_0_14_si_handler__parameterized7 is either unconnected or has no load
WARNING: [Synth 8-7129] Port s_axis_arb_tdata[5] in module sc_node_v1_0_14_si_handler__parameterized7 is either unconnected or has no load
WARNING: [Synth 8-7129] Port s_axis_arb_tdata[4] in module sc_node_v1_0_14_si_handler__parameterized7 is either unconnected or has no load
WARNING: [Synth 8-7129] Port s_axis_arb_tdata[3] in module sc_node_v1_0_14_si_handler__parameterized7 is either unconnected or has no load
WARNING: [Synth 8-7129] Port s_axis_arb_tdata[2] in module sc_node_v1_0_14_si_handler__parameterized7 is either unconnected or has no load
WARNING: [Synth 8-7129] Port s_axis_arb_tdata[1] in module sc_node_v1_0_14_si_handler__parameterized7 is either unconnected or has no load
WARNING: [Synth 8-7129] Port s_axis_arb_tdata[0] in module sc_node_v1_0_14_si_handler__parameterized7 is either unconnected or has no load
WARNING: [Synth 8-7129] Port m_axis_arb_tready in module sc_node_v1_0_14_si_handler__parameterized7 is either unconnected or has no load
WARNING: [Synth 8-7129] Port m_sc_aclken in module sc_node_v1_0_14_top__parameterized12 is either unconnected or has no load
WARNING: [Synth 8-7129] Port s_sc_payld[10] in module sc_node_v1_0_14_ingress__parameterized6 is either unconnected or has no load
WARNING: [Synth 8-7129] Port s_sc_payld[9] in module sc_node_v1_0_14_ingress__parameterized6 is either unconnected or has no load
WARNING: [Synth 8-7129] Port aclk in module sc_util_v1_0_4_pipeline__parameterized8 is either unconnected or has no load
WARNING: [Synth 8-7129] Port aclken in module sc_util_v1_0_4_pipeline__parameterized8 is either unconnected or has no load
WARNING: [Synth 8-7129] Port areset in module sc_util_v1_0_4_pipeline__parameterized8 is either unconnected or has no load
WARNING: [Synth 8-7129] Port aclk in module sc_util_v1_0_4_pipeline__parameterized2 is either unconnected or has no load
WARNING: [Synth 8-7129] Port aclken in module sc_util_v1_0_4_pipeline__parameterized2 is either unconnected or has no load
WARNING: [Synth 8-7129] Port areset in module sc_util_v1_0_4_pipeline__parameterized2 is either unconnected or has no load
WARNING: [Synth 8-7129] Port s_sc_info[1] in module sc_node_v1_0_14_si_handler__parameterized6 is either unconnected or has no load
WARNING: [Synth 8-7129] Port s_sc_info[0] in module sc_node_v1_0_14_si_handler__parameterized6 is either unconnected or has no load
WARNING: [Synth 8-7129] Port s_axis_arb_tvalid in module sc_node_v1_0_14_si_handler__parameterized6 is either unconnected or has no load
WARNING: [Synth 8-7129] Port s_axis_arb_tdata[15] in module sc_node_v1_0_14_si_handler__parameterized6 is either unconnected or has no load
WARNING: [Synth 8-7129] Port s_axis_arb_tdata[14] in module sc_node_v1_0_14_si_handler__parameterized6 is either unconnected or has no load
INFO: [Common 17-14] Message 'Synth 8-7129' appears 100 times and further instances of the messages will be disabled. Use the Tcl command set_msg_config to change the current settings.
---------------------------------------------------------------------------------
Finished RTL Elaboration : Time (s): cpu = 00:00:05 ; elapsed = 00:00:06 . Memory (MB): peak = 2762.793 ; gain = 441.672 ; free physical = 294 ; free virtual = 19124
---------------------------------------------------------------------------------
---------------------------------------------------------------------------------
Start Handling Custom Attributes
---------------------------------------------------------------------------------
---------------------------------------------------------------------------------
Finished Handling Custom Attributes : Time (s): cpu = 00:00:05 ; elapsed = 00:00:06 . Memory (MB): peak = 2762.793 ; gain = 441.672 ; free physical = 293 ; free virtual = 19122
---------------------------------------------------------------------------------
---------------------------------------------------------------------------------
Finished RTL Optimization Phase 1 : Time (s): cpu = 00:00:05 ; elapsed = 00:00:06 . Memory (MB): peak = 2762.793 ; gain = 441.672 ; free physical = 293 ; free virtual = 19122
---------------------------------------------------------------------------------
Netlist sorting complete. Time (s): cpu = 00:00:00.44 ; elapsed = 00:00:00.44 . Memory (MB): peak = 2770.793 ; gain = 0.000 ; free physical = 291 ; free virtual = 19070
INFO: [Netlist 29-17] Analyzing 13 Unisim elements for replacement
INFO: [Netlist 29-28] Unisim Transformation completed in 0 CPU seconds
INFO: [Project 1-570] Preparing netlist for logic optimization

Processing XDC Constraints
Initializing timing engine
Parsing XDC File [/home/ug3/Repos/ug3-seeg/ug3-seeg.gen/sources_1/bd/seeg_zynq/ip/seeg_zynq_smartconnect_1_0/ooc.xdc] for cell 'inst'
Finished Parsing XDC File [/home/ug3/Repos/ug3-seeg/ug3-seeg.gen/sources_1/bd/seeg_zynq/ip/seeg_zynq_smartconnect_1_0/ooc.xdc] for cell 'inst'
Parsing XDC File [/home/ug3/Repos/ug3-seeg/ug3-seeg.gen/sources_1/bd/seeg_zynq/ip/seeg_zynq_smartconnect_1_0/bd_0/ip/ip_1/bd_09bc_psr_aclk_0_board.xdc] for cell 'inst/clk_map/psr_aclk/U0'
Finished Parsing XDC File [/home/ug3/Repos/ug3-seeg/ug3-seeg.gen/sources_1/bd/seeg_zynq/ip/seeg_zynq_smartconnect_1_0/bd_0/ip/ip_1/bd_09bc_psr_aclk_0_board.xdc] for cell 'inst/clk_map/psr_aclk/U0'
Parsing XDC File [/home/ug3/Repos/ug3-seeg/ug3-seeg.gen/sources_1/bd/seeg_zynq/ip/seeg_zynq_smartconnect_1_0/bd_0/ip/ip_1/bd_09bc_psr_aclk_0.xdc] for cell 'inst/clk_map/psr_aclk/U0'
Finished Parsing XDC File [/home/ug3/Repos/ug3-seeg/ug3-seeg.gen/sources_1/bd/seeg_zynq/ip/seeg_zynq_smartconnect_1_0/bd_0/ip/ip_1/bd_09bc_psr_aclk_0.xdc] for cell 'inst/clk_map/psr_aclk/U0'
Parsing XDC File [/home/ug3/Repos/ug3-seeg/ug3-seeg.runs/seeg_zynq_smartconnect_1_0_synth_1/dont_touch.xdc]
Finished Parsing XDC File [/home/ug3/Repos/ug3-seeg/ug3-seeg.runs/seeg_zynq_smartconnect_1_0_synth_1/dont_touch.xdc]
INFO: [Project 1-1714] 45 XPM XDC files have been applied to the design.
Completed Processing XDC Constraints

Netlist sorting complete. Time (s): cpu = 00:00:00 ; elapsed = 00:00:00.01 . Memory (MB): peak = 3041.230 ; gain = 0.000 ; free physical = 263 ; free virtual = 18724
INFO: [Project 1-111] Unisim Transformation Summary:
  A total of 13 instances were transformed.
  FDR => FDRE: 12 instances
  SRL16 => SRL16E: 1 instance 

Constraint Validation Runtime : Time (s): cpu = 00:00:00.18 ; elapsed = 00:00:00.09 . Memory (MB): peak = 3047.168 ; gain = 5.938 ; free physical = 275 ; free virtual = 18707
INFO: [Designutils 20-5008] Incremental synthesis strategy off
---------------------------------------------------------------------------------
Finished Constraint Validation : Time (s): cpu = 00:00:15 ; elapsed = 00:00:15 . Memory (MB): peak = 3047.168 ; gain = 726.047 ; free physical = 277 ; free virtual = 18405
---------------------------------------------------------------------------------
---------------------------------------------------------------------------------
Start Loading Part and Timing Information
---------------------------------------------------------------------------------
Loading part: xck26-sfvc784-2LV-c
INFO: [Synth 8-6742] Reading net delay rules and data
---------------------------------------------------------------------------------
Finished Loading Part and Timing Information : Time (s): cpu = 00:00:15 ; elapsed = 00:00:15 . Memory (MB): peak = 3047.168 ; gain = 726.047 ; free physical = 277 ; free virtual = 18405
---------------------------------------------------------------------------------
---------------------------------------------------------------------------------
Start Applying 'set_property' XDC Constraints
---------------------------------------------------------------------------------
Applied set_property KEEP_HIERARCHY = SOFT for inst. (constraint file  /home/ug3/Repos/ug3-seeg/ug3-seeg.runs/seeg_zynq_smartconnect_1_0_synth_1/dont_touch.xdc, line 204).
Applied set_property KEEP_HIERARCHY = SOFT for inst/m00_nodes/m00_ar_node/inst/m_sc_xpm_cdc_async_rst_inst. (constraint file  auto generated constraint).
Applied set_property KEEP_HIERARCHY = SOFT for inst/m00_nodes/m00_aw_node/inst/m_sc_xpm_cdc_async_rst_inst. (constraint file  auto generated constraint).
Applied set_property KEEP_HIERARCHY = SOFT for inst/m00_nodes/m00_b_node/inst/m_sc_xpm_cdc_async_rst_inst. (constraint file  auto generated constraint).
Applied set_property KEEP_HIERARCHY = SOFT for inst/m00_nodes/m00_r_node/inst/m_sc_xpm_cdc_async_rst_inst. (constraint file  auto generated constraint).
Applied set_property KEEP_HIERARCHY = SOFT for inst/m00_nodes/m00_w_node/inst/m_sc_xpm_cdc_async_rst_inst. (constraint file  auto generated constraint).
Applied set_property KEEP_HIERARCHY = SOFT for inst/m01_nodes/m01_ar_node/inst/m_sc_xpm_cdc_async_rst_inst. (constraint file  auto generated constraint).
Applied set_property KEEP_HIERARCHY = SOFT for inst/m01_nodes/m01_aw_node/inst/m_sc_xpm_cdc_async_rst_inst. (constraint file  auto generated constraint).
Applied set_property KEEP_HIERARCHY = SOFT for inst/m01_nodes/m01_b_node/inst/m_sc_xpm_cdc_async_rst_inst. (constraint file  auto generated constraint).
Applied set_property KEEP_HIERARCHY = SOFT for inst/m01_nodes/m01_r_node/inst/m_sc_xpm_cdc_async_rst_inst. (constraint file  auto generated constraint).
Applied set_property KEEP_HIERARCHY = SOFT for inst/m01_nodes/m01_w_node/inst/m_sc_xpm_cdc_async_rst_inst. (constraint file  auto generated constraint).
Applied set_property KEEP_HIERARCHY = SOFT for inst/s00_nodes/s00_ar_node/inst/m_sc_xpm_cdc_async_rst_inst. (constraint file  auto generated constraint).
Applied set_property KEEP_HIERARCHY = SOFT for inst/s00_nodes/s00_aw_node/inst/m_sc_xpm_cdc_async_rst_inst. (constraint file  auto generated constraint).
Applied set_property KEEP_HIERARCHY = SOFT for inst/s00_nodes/s00_b_node/inst/m_sc_xpm_cdc_async_rst_inst. (constraint file  auto generated constraint).
Applied set_property KEEP_HIERARCHY = SOFT for inst/s00_nodes/s00_r_node/inst/m_sc_xpm_cdc_async_rst_inst. (constraint file  auto generated constraint).
Applied set_property KEEP_HIERARCHY = SOFT for inst/s00_nodes/s00_w_node/inst/m_sc_xpm_cdc_async_rst_inst. (constraint file  auto generated constraint).
Applied set_property KEEP_HIERARCHY = SOFT for inst/switchboards/i_nodes/i_ar_node/inst/m_sc_xpm_cdc_async_rst_inst. (constraint file  auto generated constraint).
Applied set_property KEEP_HIERARCHY = SOFT for inst/switchboards/i_nodes/i_aw_node/inst/m_sc_xpm_cdc_async_rst_inst. (constraint file  auto generated constraint).
Applied set_property KEEP_HIERARCHY = SOFT for inst/switchboards/i_nodes/i_b_node/inst/m_sc_xpm_cdc_async_rst_inst. (constraint file  auto generated constraint).
Applied set_property KEEP_HIERARCHY = SOFT for inst/switchboards/i_nodes/i_r_node/inst/m_sc_xpm_cdc_async_rst_inst. (constraint file  auto generated constraint).
Applied set_property KEEP_HIERARCHY = SOFT for inst/switchboards/i_nodes/i_w_node/inst/m_sc_xpm_cdc_async_rst_inst. (constraint file  auto generated constraint).
Applied set_property KEEP_HIERARCHY = SOFT for inst/m00_nodes/m00_ar_node/inst/s_sc_xpm_cdc_async_rst_inst. (constraint file  auto generated constraint).
Applied set_property KEEP_HIERARCHY = SOFT for inst/m00_nodes/m00_aw_node/inst/s_sc_xpm_cdc_async_rst_inst. (constraint file  auto generated constraint).
Applied set_property KEEP_HIERARCHY = SOFT for inst/m00_nodes/m00_b_node/inst/s_sc_xpm_cdc_async_rst_inst. (constraint file  auto generated constraint).
Applied set_property KEEP_HIERARCHY = SOFT for inst/m00_nodes/m00_r_node/inst/s_sc_xpm_cdc_async_rst_inst. (constraint file  auto generated constraint).
Applied set_property KEEP_HIERARCHY = SOFT for inst/m00_nodes/m00_w_node/inst/s_sc_xpm_cdc_async_rst_inst. (constraint file  auto generated constraint).
Applied set_property KEEP_HIERARCHY = SOFT for inst/m01_nodes/m01_ar_node/inst/s_sc_xpm_cdc_async_rst_inst. (constraint file  auto generated constraint).
Applied set_property KEEP_HIERARCHY = SOFT for inst/m01_nodes/m01_aw_node/inst/s_sc_xpm_cdc_async_rst_inst. (constraint file  auto generated constraint).
Applied set_property KEEP_HIERARCHY = SOFT for inst/m01_nodes/m01_b_node/inst/s_sc_xpm_cdc_async_rst_inst. (constraint file  auto generated constraint).
Applied set_property KEEP_HIERARCHY = SOFT for inst/m01_nodes/m01_r_node/inst/s_sc_xpm_cdc_async_rst_inst. (constraint file  auto generated constraint).
Applied set_property KEEP_HIERARCHY = SOFT for inst/m01_nodes/m01_w_node/inst/s_sc_xpm_cdc_async_rst_inst. (constraint file  auto generated constraint).
Applied set_property KEEP_HIERARCHY = SOFT for inst/s00_nodes/s00_ar_node/inst/s_sc_xpm_cdc_async_rst_inst. (constraint file  auto generated constraint).
Applied set_property KEEP_HIERARCHY = SOFT for inst/s00_nodes/s00_aw_node/inst/s_sc_xpm_cdc_async_rst_inst. (constraint file  auto generated constraint).
Applied set_property KEEP_HIERARCHY = SOFT for inst/s00_nodes/s00_b_node/inst/s_sc_xpm_cdc_async_rst_inst. (constraint file  auto generated constraint).
Applied set_property KEEP_HIERARCHY = SOFT for inst/s00_nodes/s00_r_node/inst/s_sc_xpm_cdc_async_rst_inst. (constraint file  auto generated constraint).
Applied set_property KEEP_HIERARCHY = SOFT for inst/s00_nodes/s00_w_node/inst/s_sc_xpm_cdc_async_rst_inst. (constraint file  auto generated constraint).
Applied set_property KEEP_HIERARCHY = SOFT for inst/switchboards/i_nodes/i_ar_node/inst/s_sc_xpm_cdc_async_rst_inst. (constraint file  auto generated constraint).
Applied set_property KEEP_HIERARCHY = SOFT for inst/switchboards/i_nodes/i_aw_node/inst/s_sc_xpm_cdc_async_rst_inst. (constraint file  auto generated constraint).
Applied set_property KEEP_HIERARCHY = SOFT for inst/switchboards/i_nodes/i_b_node/inst/s_sc_xpm_cdc_async_rst_inst. (constraint file  auto generated constraint).
Applied set_property KEEP_HIERARCHY = SOFT for inst/switchboards/i_nodes/i_r_node/inst/s_sc_xpm_cdc_async_rst_inst. (constraint file  auto generated constraint).
Applied set_property KEEP_HIERARCHY = SOFT for inst/switchboards/i_nodes/i_w_node/inst/s_sc_xpm_cdc_async_rst_inst. (constraint file  auto generated constraint).
Applied set_property KEEP_HIERARCHY = SOFT for inst/m00_exit_pipeline/m00_exit/inst/xpm_cdc_async_rst_inst. (constraint file  auto generated constraint).
Applied set_property KEEP_HIERARCHY = SOFT for inst/m01_exit_pipeline/m01_exit/inst/xpm_cdc_async_rst_inst. (constraint file  auto generated constraint).
Applied set_property KEEP_HIERARCHY = SOFT for inst/s00_entry_pipeline/s00_mmu/inst/xpm_cdc_async_rst_inst. (constraint file  auto generated constraint).
Applied set_property KEEP_HIERARCHY = SOFT for inst/s00_entry_pipeline/s00_si_converter/inst/xpm_cdc_async_rst_inst. (constraint file  auto generated constraint).
Applied set_property KEEP_HIERARCHY = SOFT for inst/s00_entry_pipeline/s00_transaction_regulator/inst/xpm_cdc_async_rst_inst. (constraint file  auto generated constraint).
---------------------------------------------------------------------------------
Finished applying 'set_property' XDC Constraints : Time (s): cpu = 00:00:15 ; elapsed = 00:00:15 . Memory (MB): peak = 3047.168 ; gain = 726.047 ; free physical = 271 ; free virtual = 18399
---------------------------------------------------------------------------------
INFO: [Synth 8-802] inferred FSM for state register 'gen_axi.gen_write.write_cs_reg' in module 'sc_mmu_v1_0_11_decerr_slave'
INFO: [Synth 8-802] inferred FSM for state register 'w_state_reg' in module 'sc_si_converter_v1_0_11_axilite_conv'
INFO: [Synth 8-802] inferred FSM for state register 'r_state_reg' in module 'sc_si_converter_v1_0_11_axilite_conv'
---------------------------------------------------------------------------------------------------
                   State |                     New Encoding |                Previous Encoding 
---------------------------------------------------------------------------------------------------
            P_WRITE_IDLE |                              001 |                               00
            P_WRITE_DATA |                              010 |                               01
            P_WRITE_RESP |                              100 |                               10
---------------------------------------------------------------------------------------------------
INFO: [Synth 8-3354] encoded FSM with state register 'gen_axi.gen_write.write_cs_reg' using encoding 'one-hot' in module 'sc_mmu_v1_0_11_decerr_slave'
---------------------------------------------------------------------------------------------------
                   State |                     New Encoding |                Previous Encoding 
---------------------------------------------------------------------------------------------------
                  W_IDLE |                              000 | 00000000000000000000000000000000
                    W_RX |                              001 | 00000000000000000000000000000001
                    W_TX |                              010 | 00000000000000000000000000000010
              W_COMPLETE |                              011 | 00000000000000000000000000000100
               W_RECOVER |                              100 | 00000000000000000000000000000011
---------------------------------------------------------------------------------------------------
INFO: [Synth 8-3354] encoded FSM with state register 'w_state_reg' using encoding 'sequential' in module 'sc_si_converter_v1_0_11_axilite_conv'
---------------------------------------------------------------------------------------------------
                   State |                     New Encoding |                Previous Encoding 
---------------------------------------------------------------------------------------------------
                  R_IDLE |                               00 | 00000000000000000000000000000000
               R_PENDING |                               01 | 00000000000000000000000000000001
                    R_RX |                               10 | 00000000000000000000000000000010
                    R_TX |                               11 | 00000000000000000000000000000011
---------------------------------------------------------------------------------------------------
INFO: [Synth 8-3354] encoded FSM with state register 'r_state_reg' using encoding 'sequential' in module 'sc_si_converter_v1_0_11_axilite_conv'
---------------------------------------------------------------------------------
Finished RTL Optimization Phase 2 : Time (s): cpu = 00:00:16 ; elapsed = 00:00:17 . Memory (MB): peak = 3047.168 ; gain = 726.047 ; free physical = 232 ; free virtual = 17152
---------------------------------------------------------------------------------
---------------------------------------------------------------------------------
Start RTL Component Statistics 
---------------------------------------------------------------------------------
Detailed RTL Component Info : 
+---Adders : 
	   2 Input   12 Bit       Adders := 2     
	   2 Input   10 Bit       Adders := 1     
	   2 Input    9 Bit       Adders := 3     
	   2 Input    8 Bit       Adders := 3     
	   2 Input    7 Bit       Adders := 2     
	   2 Input    6 Bit       Adders := 1     
	   2 Input    4 Bit       Adders := 20    
	   2 Input    3 Bit       Adders := 1     
	   2 Input    2 Bit       Adders := 4     
	   3 Input    1 Bit       Adders := 8     
	   2 Input    1 Bit       Adders := 5     
+---XORs : 
	   2 Input      1 Bit         XORs := 78    
+---Registers : 
	             2178 Bit    Registers := 4     
	              512 Bit    Registers := 1     
	              187 Bit    Registers := 2     
	               74 Bit    Registers := 1     
	               73 Bit    Registers := 1     
	               64 Bit    Registers := 4     
	               47 Bit    Registers := 2     
	               40 Bit    Registers := 1     
	               33 Bit    Registers := 2     
	               32 Bit    Registers := 3     
	               27 Bit    Registers := 1     
	               16 Bit    Registers := 4     
	               12 Bit    Registers := 1     
	                9 Bit    Registers := 4     
	                8 Bit    Registers := 4     
	                7 Bit    Registers := 3     
	                6 Bit    Registers := 1     
	                5 Bit    Registers := 3     
	                4 Bit    Registers := 22    
	                3 Bit    Registers := 58    
	                2 Bit    Registers := 20    
	                1 Bit    Registers := 272   
+---Muxes : 
	   2 Input 2178 Bit        Muxes := 2     
	   2 Input  172 Bit        Muxes := 6     
	   2 Input   57 Bit        Muxes := 2     
	   2 Input   55 Bit        Muxes := 3     
	   4 Input   40 Bit        Muxes := 1     
	   2 Input   40 Bit        Muxes := 1     
	   2 Input   32 Bit        Muxes := 1     
	   4 Input   32 Bit        Muxes := 1     
	   2 Input   16 Bit        Muxes := 2     
	   2 Input   12 Bit        Muxes := 6     
	   5 Input   12 Bit        Muxes := 1     
	   2 Input   11 Bit        Muxes := 2     
	   5 Input    9 Bit        Muxes := 1     
	   2 Input    9 Bit        Muxes := 4     
	   2 Input    8 Bit        Muxes := 3     
	   4 Input    8 Bit        Muxes := 1     
	   4 Input    7 Bit        Muxes := 1     
	   2 Input    7 Bit        Muxes := 8     
	   2 Input    6 Bit        Muxes := 1     
	   2 Input    3 Bit        Muxes := 9     
	   4 Input    3 Bit        Muxes := 2     
	   5 Input    3 Bit        Muxes := 1     
	   2 Input    2 Bit        Muxes := 42    
	   5 Input    2 Bit        Muxes := 1     
	   4 Input    2 Bit        Muxes := 4     
	   2 Input    1 Bit        Muxes := 129   
	   3 Input    1 Bit        Muxes := 9     
	   6 Input    1 Bit        Muxes := 8     
	   4 Input    1 Bit        Muxes := 24    
	  10 Input    1 Bit        Muxes := 6     
	   7 Input    1 Bit        Muxes := 4     
	   5 Input    1 Bit        Muxes := 16    
---------------------------------------------------------------------------------
Finished RTL Component Statistics 
---------------------------------------------------------------------------------
---------------------------------------------------------------------------------
Start Part Resource Summary
---------------------------------------------------------------------------------
Part Resources:
DSPs: 1248 (col length:96)
BRAMs: 288 (col length: RAMB18 96 RAMB36 48)
---------------------------------------------------------------------------------
Finished Part Resource Summary
---------------------------------------------------------------------------------
---------------------------------------------------------------------------------
Start Cross Boundary and Area Optimization
---------------------------------------------------------------------------------
WARNING: [Synth 8-7080] Parallel synthesis criteria is not met
WARNING: [Synth 8-3332] Sequential element (clk_map/psr_aclk/U0/EXT_LPF/ACTIVE_LOW_EXT.ACT_LO_EXT/GENERATE_LEVEL_P_S_CDC.SINGLE_BIT.CROSS_PLEVEL_IN2SCNDRY_IN_cdc_to) is unused and will be removed from module bd_09bc.
WARNING: [Synth 8-3332] Sequential element (clk_map/psr_aclk/U0/EXT_LPF/ACTIVE_LOW_EXT.ACT_LO_EXT/GENERATE_LEVEL_P_S_CDC.SINGLE_BIT.CROSS_PLEVEL_IN2SCNDRY_s_level_out_d2) is unused and will be removed from module bd_09bc.
WARNING: [Synth 8-3332] Sequential element (clk_map/psr_aclk/U0/EXT_LPF/ACTIVE_LOW_EXT.ACT_LO_EXT/GENERATE_LEVEL_P_S_CDC.SINGLE_BIT.CROSS_PLEVEL_IN2SCNDRY_s_level_out_d3) is unused and will be removed from module bd_09bc.
WARNING: [Synth 8-3332] Sequential element (clk_map/psr_aclk/U0/EXT_LPF/ACTIVE_LOW_EXT.ACT_LO_EXT/GENERATE_LEVEL_P_S_CDC.SINGLE_BIT.CROSS_PLEVEL_IN2SCNDRY_s_level_out_d4) is unused and will be removed from module bd_09bc.
WARNING: [Synth 8-3332] Sequential element (clk_map/psr_aclk/U0/EXT_LPF/ACTIVE_LOW_EXT.ACT_LO_EXT/GENERATE_LEVEL_P_S_CDC.SINGLE_BIT.CROSS_PLEVEL_IN2SCNDRY_s_level_out_d5) is unused and will be removed from module bd_09bc.
WARNING: [Synth 8-3332] Sequential element (clk_map/psr_aclk/U0/EXT_LPF/ACTIVE_LOW_EXT.ACT_LO_EXT/GENERATE_LEVEL_P_S_CDC.SINGLE_BIT.CROSS_PLEVEL_IN2SCNDRY_s_level_out_d6) is unused and will be removed from module bd_09bc.
WARNING: [Synth 8-3332] Sequential element (clk_map/psr_aclk/U0/EXT_LPF/ACTIVE_LOW_AUX.ACT_LO_AUX/GENERATE_LEVEL_P_S_CDC.SINGLE_BIT.CROSS_PLEVEL_IN2SCNDRY_s_level_out_d5) is unused and will be removed from module bd_09bc.
WARNING: [Synth 8-3332] Sequential element (clk_map/psr_aclk/U0/EXT_LPF/ACTIVE_LOW_AUX.ACT_LO_AUX/GENERATE_LEVEL_P_S_CDC.SINGLE_BIT.CROSS_PLEVEL_IN2SCNDRY_s_level_out_d6) is unused and will be removed from module bd_09bc.
WARNING: [Synth 8-3332] Sequential element (clk_map/psr_aclk/U0/FDRE_inst) is unused and will be removed from module bd_09bc.
WARNING: [Synth 8-3332] Sequential element (clk_map/psr_aclk/U0/BSR_OUT_DFF[0].FDRE_BSR) is unused and will be removed from module bd_09bc.
WARNING: [Synth 8-3332] Sequential element (clk_map/psr_aclk/U0/PR_OUT_DFF[0].FDRE_PER) is unused and will be removed from module bd_09bc.
WARNING: [Synth 8-3332] Sequential element (clk_map/psr_aclk/U0/ACTIVE_LOW_PR_OUT_DFF[0].FDRE_PER_N) is unused and will be removed from module bd_09bc.
---------------------------------------------------------------------------------
Finished Cross Boundary and Area Optimization : Time (s): cpu = 00:00:20 ; elapsed = 00:00:20 . Memory (MB): peak = 3047.168 ; gain = 726.047 ; free physical = 450 ; free virtual = 17302
---------------------------------------------------------------------------------
---------------------------------------------------------------------------------
Start Applying XDC Timing Constraints
---------------------------------------------------------------------------------
---------------------------------------------------------------------------------
Finished Applying XDC Timing Constraints : Time (s): cpu = 00:00:25 ; elapsed = 00:00:26 . Memory (MB): peak = 3246.715 ; gain = 925.594 ; free physical = 3406 ; free virtual = 20241
---------------------------------------------------------------------------------
---------------------------------------------------------------------------------
Start Timing Optimization
---------------------------------------------------------------------------------
---------------------------------------------------------------------------------
Finished Timing Optimization : Time (s): cpu = 00:00:26 ; elapsed = 00:00:27 . Memory (MB): peak = 3282.754 ; gain = 961.633 ; free physical = 3255 ; free virtual = 20090
---------------------------------------------------------------------------------
---------------------------------------------------------------------------------
Start Technology Mapping
---------------------------------------------------------------------------------
---------------------------------------------------------------------------------
Finished Technology Mapping : Time (s): cpu = 00:00:26 ; elapsed = 00:00:27 . Memory (MB): peak = 3290.762 ; gain = 969.641 ; free physical = 3186 ; free virtual = 20021
---------------------------------------------------------------------------------
---------------------------------------------------------------------------------
Start IO Insertion
---------------------------------------------------------------------------------
---------------------------------------------------------------------------------
Start Flattening Before IO Insertion
---------------------------------------------------------------------------------
---------------------------------------------------------------------------------
Finished Flattening Before IO Insertion
---------------------------------------------------------------------------------
---------------------------------------------------------------------------------
Start Final Netlist Cleanup
---------------------------------------------------------------------------------
---------------------------------------------------------------------------------
Finished Final Netlist Cleanup
---------------------------------------------------------------------------------
---------------------------------------------------------------------------------
Finished IO Insertion : Time (s): cpu = 00:00:28 ; elapsed = 00:00:29 . Memory (MB): peak = 3290.762 ; gain = 969.641 ; free physical = 3116 ; free virtual = 19951
---------------------------------------------------------------------------------
---------------------------------------------------------------------------------
Start Renaming Generated Instances
---------------------------------------------------------------------------------
---------------------------------------------------------------------------------
Finished Renaming Generated Instances : Time (s): cpu = 00:00:28 ; elapsed = 00:00:29 . Memory (MB): peak = 3290.762 ; gain = 969.641 ; free physical = 3116 ; free virtual = 19951
---------------------------------------------------------------------------------
---------------------------------------------------------------------------------
Start Rebuilding User Hierarchy
---------------------------------------------------------------------------------
---------------------------------------------------------------------------------
Finished Rebuilding User Hierarchy : Time (s): cpu = 00:00:28 ; elapsed = 00:00:29 . Memory (MB): peak = 3290.762 ; gain = 969.641 ; free physical = 3115 ; free virtual = 19950
---------------------------------------------------------------------------------
---------------------------------------------------------------------------------
Start Renaming Generated Ports
---------------------------------------------------------------------------------
---------------------------------------------------------------------------------
Finished Renaming Generated Ports : Time (s): cpu = 00:00:28 ; elapsed = 00:00:29 . Memory (MB): peak = 3290.762 ; gain = 969.641 ; free physical = 3115 ; free virtual = 19950
---------------------------------------------------------------------------------
---------------------------------------------------------------------------------
Start Handling Custom Attributes
---------------------------------------------------------------------------------
---------------------------------------------------------------------------------
Finished Handling Custom Attributes : Time (s): cpu = 00:00:28 ; elapsed = 00:00:29 . Memory (MB): peak = 3290.762 ; gain = 969.641 ; free physical = 3115 ; free virtual = 19950
---------------------------------------------------------------------------------
---------------------------------------------------------------------------------
Start Renaming Generated Nets
---------------------------------------------------------------------------------
---------------------------------------------------------------------------------
Finished Renaming Generated Nets : Time (s): cpu = 00:00:28 ; elapsed = 00:00:29 . Memory (MB): peak = 3290.762 ; gain = 969.641 ; free physical = 3115 ; free virtual = 19951
---------------------------------------------------------------------------------
---------------------------------------------------------------------------------
Start Writing Synthesis Report
---------------------------------------------------------------------------------

Report BlackBoxes: 
+-+--------------+----------+
| |BlackBox name |Instances |
+-+--------------+----------+
+-+--------------+----------+

Report Cell Usage: 
+------+------+------+
|      |Cell  |Count |
+------+------+------+
|1     |LUT1  |   132|
|2     |LUT2  |   121|
|3     |LUT3  |   249|
|4     |LUT4  |   107|
|5     |LUT5  |    91|
|6     |LUT6  |   127|
|7     |MUXF7 |     4|
|8     |SRL16 |     1|
|9     |FDCE  |   135|
|10    |FDR   |     4|
|11    |FDRE  |   790|
|12    |FDSE  |    35|
+------+------+------+
---------------------------------------------------------------------------------
Finished Writing Synthesis Report : Time (s): cpu = 00:00:28 ; elapsed = 00:00:29 . Memory (MB): peak = 3290.762 ; gain = 969.641 ; free physical = 3115 ; free virtual = 19951
---------------------------------------------------------------------------------
Synthesis finished with 0 errors, 0 critical warnings and 20497 warnings.
Synthesis Optimization Runtime : Time (s): cpu = 00:00:21 ; elapsed = 00:00:22 . Memory (MB): peak = 3290.762 ; gain = 685.266 ; free physical = 3115 ; free virtual = 19951
Synthesis Optimization Complete : Time (s): cpu = 00:00:28 ; elapsed = 00:00:29 . Memory (MB): peak = 3290.770 ; gain = 969.641 ; free physical = 3115 ; free virtual = 19951
INFO: [Project 1-571] Translating synthesized netlist
Netlist sorting complete. Time (s): cpu = 00:00:00.07 ; elapsed = 00:00:00.07 . Memory (MB): peak = 3290.770 ; gain = 0.000 ; free physical = 3395 ; free virtual = 20231
INFO: [Netlist 29-17] Analyzing 9 Unisim elements for replacement
INFO: [Netlist 29-28] Unisim Transformation completed in 0 CPU seconds
INFO: [Project 1-570] Preparing netlist for logic optimization
INFO: [Opt 31-138] Pushed 0 inverter(s) to 0 load pin(s).
Netlist sorting complete. Time (s): cpu = 00:00:00 ; elapsed = 00:00:00 . Memory (MB): peak = 3372.465 ; gain = 0.000 ; free physical = 3367 ; free virtual = 20202
INFO: [Project 1-111] Unisim Transformation Summary:
  A total of 5 instances were transformed.
  FDR => FDRE: 4 instances
  SRL16 => SRL16E: 1 instance 

Synth Design complete | Checksum: d94d47fb
INFO: [Common 17-83] Releasing license: Synthesis
159 Infos, 220 Warnings, 0 Critical Warnings and 0 Errors encountered.
synth_design completed successfully
synth_design: Time (s): cpu = 00:00:34 ; elapsed = 00:00:33 . Memory (MB): peak = 3372.465 ; gain = 1984.582 ; free physical = 3367 ; free virtual = 20202
INFO: [Common 17-2834] synth_design peak Physical Memory [PSS] (MB): overall = 2374.727; main = 2374.727; forked = 317.220
INFO: [Common 17-2834] synth_design peak Virtual Memory [VSS] (MB): overall = 4030.637; main = 3372.469; forked = 996.340
INFO: [Common 17-1381] The checkpoint '/home/ug3/Repos/ug3-seeg/ug3-seeg.runs/seeg_zynq_smartconnect_1_0_synth_1/seeg_zynq_smartconnect_1_0.dcp' has been generated.
INFO: [Coretcl 2-1648] Added synthesis output to IP cache for IP seeg_zynq_smartconnect_1_0, cache-ID = c39c64c4ff1e0dbc
INFO: [Coretcl 2-1174] Renamed 193 cell refs.
INFO: [Common 17-1381] The checkpoint '/home/ug3/Repos/ug3-seeg/ug3-seeg.runs/seeg_zynq_smartconnect_1_0_synth_1/seeg_zynq_smartconnect_1_0.dcp' has been generated.
INFO: [runtcl-4] Executing : report_utilization -file seeg_zynq_smartconnect_1_0_utilization_synth.rpt -pb seeg_zynq_smartconnect_1_0_utilization_synth.pb
INFO: [Common 17-206] Exiting Vivado at Mon Sep 23 14:55:10 2024...
