INFO: [VRFC 10-2263] Analyzing Verilog file "C:/Repos/ug3-seeg/src/clock_divider.v" into library xil_defaultlib
INFO: [VRFC 10-311] analyzing module clock_divider
INFO: [VRFC 10-2263] Analyzing Verilog file "C:/Repos/ug3-seeg/src/rhd_2048.v" into library xil_defaultlib
INFO: [VRFC 10-311] analyzing module rhd_2048
INFO: [VRFC 10-2263] Analyzing Verilog file "C:/Repos/ug3-seeg/src/rhd_spi_master.v" into library xil_defaultlib
INFO: [VRFC 10-311] analyzing module rhd_spi_master
INFO: [VRFC 10-2263] Analyzing Verilog file "C:/Repos/ug3-seeg/src/rhd_spi_slave.v" into library xil_defaultlib
INFO: [VRFC 10-311] analyzing module rhd_spi_slave
INFO: [VRFC 10-2263] Analyzing Verilog file "C:/Repos/ug3-seeg/src/tb_rhd_2048.v" into library xil_defaultlib
INFO: [VRFC 10-311] analyzing module tb_rhd_2048
WARNING: [VRFC 10-2938] 'MISO1_A' is already implicitly declared on line 70 [C:/Repos/ug3-seeg/src/tb_rhd_2048.v:105]
WARNING: [VRFC 10-2938] 'MISO2_A' is already implicitly declared on line 71 [C:/Repos/ug3-seeg/src/tb_rhd_2048.v:106]
WARNING: [VRFC 10-2938] 'MISO1_B' is already implicitly declared on line 72 [C:/Repos/ug3-seeg/src/tb_rhd_2048.v:107]
WARNING: [VRFC 10-2938] 'MISO2_B' is already implicitly declared on line 73 [C:/Repos/ug3-seeg/src/tb_rhd_2048.v:108]
WARNING: [VRFC 10-2938] 'MISO1_C' is already implicitly declared on line 74 [C:/Repos/ug3-seeg/src/tb_rhd_2048.v:109]
WARNING: [VRFC 10-2938] 'MISO2_C' is already implicitly declared on line 75 [C:/Repos/ug3-seeg/src/tb_rhd_2048.v:110]
WARNING: [VRFC 10-2938] 'MISO1_D' is already implicitly declared on line 76 [C:/Repos/ug3-seeg/src/tb_rhd_2048.v:111]
WARNING: [VRFC 10-2938] 'MISO2_D' is already implicitly declared on line 77 [C:/Repos/ug3-seeg/src/tb_rhd_2048.v:112]
WARNING: [VRFC 10-2938] 'MISO1_E' is already implicitly declared on line 78 [C:/Repos/ug3-seeg/src/tb_rhd_2048.v:113]
WARNING: [VRFC 10-2938] 'MISO2_E' is already implicitly declared on line 79 [C:/Repos/ug3-seeg/src/tb_rhd_2048.v:114]
WARNING: [VRFC 10-2938] 'MISO1_F' is already implicitly declared on line 80 [C:/Repos/ug3-seeg/src/tb_rhd_2048.v:115]
WARNING: [VRFC 10-2938] 'MISO2_F' is already implicitly declared on line 81 [C:/Repos/ug3-seeg/src/tb_rhd_2048.v:116]
WARNING: [VRFC 10-2938] 'MISO1_G' is already implicitly declared on line 82 [C:/Repos/ug3-seeg/src/tb_rhd_2048.v:117]
WARNING: [VRFC 10-2938] 'MISO2_G' is already implicitly declared on line 83 [C:/Repos/ug3-seeg/src/tb_rhd_2048.v:118]
WARNING: [VRFC 10-2938] 'MISO1_H' is already implicitly declared on line 84 [C:/Repos/ug3-seeg/src/tb_rhd_2048.v:119]
WARNING: [VRFC 10-2938] 'MISO2_H' is already implicitly declared on line 85 [C:/Repos/ug3-seeg/src/tb_rhd_2048.v:120]
WARNING: [VRFC 10-2938] 'MISO1_I' is already implicitly declared on line 86 [C:/Repos/ug3-seeg/src/tb_rhd_2048.v:121]
WARNING: [VRFC 10-2938] 'MISO2_I' is already implicitly declared on line 87 [C:/Repos/ug3-seeg/src/tb_rhd_2048.v:122]
WARNING: [VRFC 10-2938] 'MISO1_J' is already implicitly declared on line 88 [C:/Repos/ug3-seeg/src/tb_rhd_2048.v:123]
WARNING: [VRFC 10-2938] 'MISO2_J' is already implicitly declared on line 89 [C:/Repos/ug3-seeg/src/tb_rhd_2048.v:124]
WARNING: [VRFC 10-2938] 'MISO1_K' is already implicitly declared on line 90 [C:/Repos/ug3-seeg/src/tb_rhd_2048.v:125]
WARNING: [VRFC 10-2938] 'MISO2_K' is already implicitly declared on line 91 [C:/Repos/ug3-seeg/src/tb_rhd_2048.v:126]
WARNING: [VRFC 10-2938] 'MISO1_L' is already implicitly declared on line 92 [C:/Repos/ug3-seeg/src/tb_rhd_2048.v:127]
WARNING: [VRFC 10-2938] 'MISO2_L' is already implicitly declared on line 93 [C:/Repos/ug3-seeg/src/tb_rhd_2048.v:128]
WARNING: [VRFC 10-2938] 'MISO1_M' is already implicitly declared on line 94 [C:/Repos/ug3-seeg/src/tb_rhd_2048.v:129]
WARNING: [VRFC 10-2938] 'MISO2_M' is already implicitly declared on line 95 [C:/Repos/ug3-seeg/src/tb_rhd_2048.v:130]
WARNING: [VRFC 10-2938] 'MISO1_N' is already implicitly declared on line 96 [C:/Repos/ug3-seeg/src/tb_rhd_2048.v:131]
WARNING: [VRFC 10-2938] 'MISO2_N' is already implicitly declared on line 97 [C:/Repos/ug3-seeg/src/tb_rhd_2048.v:132]
WARNING: [VRFC 10-2938] 'MISO1_O' is already implicitly declared on line 98 [C:/Repos/ug3-seeg/src/tb_rhd_2048.v:133]
WARNING: [VRFC 10-2938] 'MISO2_O' is already implicitly declared on line 99 [C:/Repos/ug3-seeg/src/tb_rhd_2048.v:134]
WARNING: [VRFC 10-2938] 'MISO1_P' is already implicitly declared on line 100 [C:/Repos/ug3-seeg/src/tb_rhd_2048.v:135]
WARNING: [VRFC 10-2938] 'MISO2_P' is already implicitly declared on line 101 [C:/Repos/ug3-seeg/src/tb_rhd_2048.v:136]
