
*** Running vivado
    with args -log tb_seeg_top_axi_vip_0_0.vds -m64 -product Vivado -mode batch -messageDb vivado.pb -notrace -source tb_seeg_top_axi_vip_0_0.tcl


****** Vivado v2023.1 (64-bit)
  **** SW Build 3865809 on Sun May  7 15:04:56 MDT 2023
  **** IP Build 3864474 on Sun May  7 20:36:21 MDT 2023
  **** SharedData Build 3865790 on Sun May 07 13:33:03 MDT 2023
    ** Copyright 1986-2022 Xilinx, Inc. All Rights Reserved.
    ** Copyright 2022-2023 Advanced Micro Devices, Inc. All Rights Reserved.

source tb_seeg_top_axi_vip_0_0.tcl -notrace
INFO: [IP_Flow 19-6924] IPCACHE: Running cache check for IP inst: tb_seeg_top_axi_vip_0_0
Command: synth_design -top tb_seeg_top_axi_vip_0_0 -part xck26-sfvc784-2LV-c -incremental_mode off -mode out_of_context
Starting synth_design
Attempting to get a license for feature 'Synthesis' and/or device 'xck26'
INFO: [Common 17-349] Got license for feature 'Synthesis' and/or device 'xck26'
INFO: [Device 21-403] Loading part xck26-sfvc784-2LV-c
INFO: [Synth 8-7079] Multithreading enabled for synth_design using a maximum of 4 processes.
INFO: [Synth 8-7078] Launching helper process for spawning children vivado processes
INFO: [Synth 8-7075] Helper process launched with PID 32064
---------------------------------------------------------------------------------
Starting RTL Elaboration : Time (s): cpu = 00:00:02 ; elapsed = 00:00:02 . Memory (MB): peak = 2558.770 ; gain = 258.758 ; free physical = 12667 ; free virtual = 19577
---------------------------------------------------------------------------------
INFO: [Synth 8-6157] synthesizing module 'tb_seeg_top_axi_vip_0_0' [/home/ug3/Repos/ug3-seeg/ug3-seeg.gen/sources_1/bd/tb_seeg_top/ip/tb_seeg_top_axi_vip_0_0/synth/tb_seeg_top_axi_vip_0_0.sv:53]
INFO: [Synth 8-6157] synthesizing module 'axi_vip_v1_1_14_top' [/home/ug3/Repos/ug3-seeg/ug3-seeg.gen/sources_1/bd/tb_seeg_top/ipshared/ed63/hdl/axi_vip_v1_1_vlsyn_rfs.sv:60]
INFO: [Synth 8-6155] done synthesizing module 'axi_vip_v1_1_14_top' (0#1) [/home/ug3/Repos/ug3-seeg/ug3-seeg.gen/sources_1/bd/tb_seeg_top/ipshared/ed63/hdl/axi_vip_v1_1_vlsyn_rfs.sv:60]
INFO: [Synth 8-6155] done synthesizing module 'tb_seeg_top_axi_vip_0_0' (0#1) [/home/ug3/Repos/ug3-seeg/ug3-seeg.gen/sources_1/bd/tb_seeg_top/ip/tb_seeg_top_axi_vip_0_0/synth/tb_seeg_top_axi_vip_0_0.sv:53]
WARNING: [Synth 8-7129] Port aclk in module axi_vip_v1_1_14_top is either unconnected or has no load
WARNING: [Synth 8-7129] Port aclken in module axi_vip_v1_1_14_top is either unconnected or has no load
WARNING: [Synth 8-7129] Port aresetn in module axi_vip_v1_1_14_top is either unconnected or has no load
WARNING: [Synth 8-7129] Port s_axi_awid[0] in module axi_vip_v1_1_14_top is either unconnected or has no load
WARNING: [Synth 8-7129] Port s_axi_awaddr[31] in module axi_vip_v1_1_14_top is either unconnected or has no load
WARNING: [Synth 8-7129] Port s_axi_awaddr[30] in module axi_vip_v1_1_14_top is either unconnected or has no load
WARNING: [Synth 8-7129] Port s_axi_awaddr[29] in module axi_vip_v1_1_14_top is either unconnected or has no load
WARNING: [Synth 8-7129] Port s_axi_awaddr[28] in module axi_vip_v1_1_14_top is either unconnected or has no load
WARNING: [Synth 8-7129] Port s_axi_awaddr[27] in module axi_vip_v1_1_14_top is either unconnected or has no load
WARNING: [Synth 8-7129] Port s_axi_awaddr[26] in module axi_vip_v1_1_14_top is either unconnected or has no load
WARNING: [Synth 8-7129] Port s_axi_awaddr[25] in module axi_vip_v1_1_14_top is either unconnected or has no load
WARNING: [Synth 8-7129] Port s_axi_awaddr[24] in module axi_vip_v1_1_14_top is either unconnected or has no load
WARNING: [Synth 8-7129] Port s_axi_awaddr[23] in module axi_vip_v1_1_14_top is either unconnected or has no load
WARNING: [Synth 8-7129] Port s_axi_awaddr[22] in module axi_vip_v1_1_14_top is either unconnected or has no load
WARNING: [Synth 8-7129] Port s_axi_awaddr[21] in module axi_vip_v1_1_14_top is either unconnected or has no load
WARNING: [Synth 8-7129] Port s_axi_awaddr[20] in module axi_vip_v1_1_14_top is either unconnected or has no load
WARNING: [Synth 8-7129] Port s_axi_awaddr[19] in module axi_vip_v1_1_14_top is either unconnected or has no load
WARNING: [Synth 8-7129] Port s_axi_awaddr[18] in module axi_vip_v1_1_14_top is either unconnected or has no load
WARNING: [Synth 8-7129] Port s_axi_awaddr[17] in module axi_vip_v1_1_14_top is either unconnected or has no load
WARNING: [Synth 8-7129] Port s_axi_awaddr[16] in module axi_vip_v1_1_14_top is either unconnected or has no load
WARNING: [Synth 8-7129] Port s_axi_awaddr[15] in module axi_vip_v1_1_14_top is either unconnected or has no load
WARNING: [Synth 8-7129] Port s_axi_awaddr[14] in module axi_vip_v1_1_14_top is either unconnected or has no load
WARNING: [Synth 8-7129] Port s_axi_awaddr[13] in module axi_vip_v1_1_14_top is either unconnected or has no load
WARNING: [Synth 8-7129] Port s_axi_awaddr[12] in module axi_vip_v1_1_14_top is either unconnected or has no load
WARNING: [Synth 8-7129] Port s_axi_awaddr[11] in module axi_vip_v1_1_14_top is either unconnected or has no load
WARNING: [Synth 8-7129] Port s_axi_awaddr[10] in module axi_vip_v1_1_14_top is either unconnected or has no load
WARNING: [Synth 8-7129] Port s_axi_awaddr[9] in module axi_vip_v1_1_14_top is either unconnected or has no load
WARNING: [Synth 8-7129] Port s_axi_awaddr[8] in module axi_vip_v1_1_14_top is either unconnected or has no load
WARNING: [Synth 8-7129] Port s_axi_awaddr[7] in module axi_vip_v1_1_14_top is either unconnected or has no load
WARNING: [Synth 8-7129] Port s_axi_awaddr[6] in module axi_vip_v1_1_14_top is either unconnected or has no load
WARNING: [Synth 8-7129] Port s_axi_awaddr[5] in module axi_vip_v1_1_14_top is either unconnected or has no load
WARNING: [Synth 8-7129] Port s_axi_awaddr[4] in module axi_vip_v1_1_14_top is either unconnected or has no load
WARNING: [Synth 8-7129] Port s_axi_awaddr[3] in module axi_vip_v1_1_14_top is either unconnected or has no load
WARNING: [Synth 8-7129] Port s_axi_awaddr[2] in module axi_vip_v1_1_14_top is either unconnected or has no load
WARNING: [Synth 8-7129] Port s_axi_awaddr[1] in module axi_vip_v1_1_14_top is either unconnected or has no load
WARNING: [Synth 8-7129] Port s_axi_awaddr[0] in module axi_vip_v1_1_14_top is either unconnected or has no load
WARNING: [Synth 8-7129] Port s_axi_awlen[7] in module axi_vip_v1_1_14_top is either unconnected or has no load
WARNING: [Synth 8-7129] Port s_axi_awlen[6] in module axi_vip_v1_1_14_top is either unconnected or has no load
WARNING: [Synth 8-7129] Port s_axi_awlen[5] in module axi_vip_v1_1_14_top is either unconnected or has no load
WARNING: [Synth 8-7129] Port s_axi_awlen[4] in module axi_vip_v1_1_14_top is either unconnected or has no load
WARNING: [Synth 8-7129] Port s_axi_awlen[3] in module axi_vip_v1_1_14_top is either unconnected or has no load
WARNING: [Synth 8-7129] Port s_axi_awlen[2] in module axi_vip_v1_1_14_top is either unconnected or has no load
WARNING: [Synth 8-7129] Port s_axi_awlen[1] in module axi_vip_v1_1_14_top is either unconnected or has no load
WARNING: [Synth 8-7129] Port s_axi_awlen[0] in module axi_vip_v1_1_14_top is either unconnected or has no load
WARNING: [Synth 8-7129] Port s_axi_awsize[2] in module axi_vip_v1_1_14_top is either unconnected or has no load
WARNING: [Synth 8-7129] Port s_axi_awsize[1] in module axi_vip_v1_1_14_top is either unconnected or has no load
WARNING: [Synth 8-7129] Port s_axi_awsize[0] in module axi_vip_v1_1_14_top is either unconnected or has no load
WARNING: [Synth 8-7129] Port s_axi_awburst[1] in module axi_vip_v1_1_14_top is either unconnected or has no load
WARNING: [Synth 8-7129] Port s_axi_awburst[0] in module axi_vip_v1_1_14_top is either unconnected or has no load
WARNING: [Synth 8-7129] Port s_axi_awlock[0] in module axi_vip_v1_1_14_top is either unconnected or has no load
WARNING: [Synth 8-7129] Port s_axi_awcache[3] in module axi_vip_v1_1_14_top is either unconnected or has no load
WARNING: [Synth 8-7129] Port s_axi_awcache[2] in module axi_vip_v1_1_14_top is either unconnected or has no load
WARNING: [Synth 8-7129] Port s_axi_awcache[1] in module axi_vip_v1_1_14_top is either unconnected or has no load
WARNING: [Synth 8-7129] Port s_axi_awcache[0] in module axi_vip_v1_1_14_top is either unconnected or has no load
WARNING: [Synth 8-7129] Port s_axi_awprot[2] in module axi_vip_v1_1_14_top is either unconnected or has no load
WARNING: [Synth 8-7129] Port s_axi_awprot[1] in module axi_vip_v1_1_14_top is either unconnected or has no load
WARNING: [Synth 8-7129] Port s_axi_awprot[0] in module axi_vip_v1_1_14_top is either unconnected or has no load
WARNING: [Synth 8-7129] Port s_axi_awregion[3] in module axi_vip_v1_1_14_top is either unconnected or has no load
WARNING: [Synth 8-7129] Port s_axi_awregion[2] in module axi_vip_v1_1_14_top is either unconnected or has no load
WARNING: [Synth 8-7129] Port s_axi_awregion[1] in module axi_vip_v1_1_14_top is either unconnected or has no load
WARNING: [Synth 8-7129] Port s_axi_awregion[0] in module axi_vip_v1_1_14_top is either unconnected or has no load
WARNING: [Synth 8-7129] Port s_axi_awqos[3] in module axi_vip_v1_1_14_top is either unconnected or has no load
WARNING: [Synth 8-7129] Port s_axi_awqos[2] in module axi_vip_v1_1_14_top is either unconnected or has no load
WARNING: [Synth 8-7129] Port s_axi_awqos[1] in module axi_vip_v1_1_14_top is either unconnected or has no load
WARNING: [Synth 8-7129] Port s_axi_awqos[0] in module axi_vip_v1_1_14_top is either unconnected or has no load
WARNING: [Synth 8-7129] Port s_axi_awuser[0] in module axi_vip_v1_1_14_top is either unconnected or has no load
WARNING: [Synth 8-7129] Port s_axi_awvalid in module axi_vip_v1_1_14_top is either unconnected or has no load
WARNING: [Synth 8-7129] Port s_axi_wid[0] in module axi_vip_v1_1_14_top is either unconnected or has no load
WARNING: [Synth 8-7129] Port s_axi_wdata[31] in module axi_vip_v1_1_14_top is either unconnected or has no load
WARNING: [Synth 8-7129] Port s_axi_wdata[30] in module axi_vip_v1_1_14_top is either unconnected or has no load
WARNING: [Synth 8-7129] Port s_axi_wdata[29] in module axi_vip_v1_1_14_top is either unconnected or has no load
WARNING: [Synth 8-7129] Port s_axi_wdata[28] in module axi_vip_v1_1_14_top is either unconnected or has no load
WARNING: [Synth 8-7129] Port s_axi_wdata[27] in module axi_vip_v1_1_14_top is either unconnected or has no load
WARNING: [Synth 8-7129] Port s_axi_wdata[26] in module axi_vip_v1_1_14_top is either unconnected or has no load
WARNING: [Synth 8-7129] Port s_axi_wdata[25] in module axi_vip_v1_1_14_top is either unconnected or has no load
WARNING: [Synth 8-7129] Port s_axi_wdata[24] in module axi_vip_v1_1_14_top is either unconnected or has no load
WARNING: [Synth 8-7129] Port s_axi_wdata[23] in module axi_vip_v1_1_14_top is either unconnected or has no load
WARNING: [Synth 8-7129] Port s_axi_wdata[22] in module axi_vip_v1_1_14_top is either unconnected or has no load
WARNING: [Synth 8-7129] Port s_axi_wdata[21] in module axi_vip_v1_1_14_top is either unconnected or has no load
WARNING: [Synth 8-7129] Port s_axi_wdata[20] in module axi_vip_v1_1_14_top is either unconnected or has no load
WARNING: [Synth 8-7129] Port s_axi_wdata[19] in module axi_vip_v1_1_14_top is either unconnected or has no load
WARNING: [Synth 8-7129] Port s_axi_wdata[18] in module axi_vip_v1_1_14_top is either unconnected or has no load
WARNING: [Synth 8-7129] Port s_axi_wdata[17] in module axi_vip_v1_1_14_top is either unconnected or has no load
WARNING: [Synth 8-7129] Port s_axi_wdata[16] in module axi_vip_v1_1_14_top is either unconnected or has no load
WARNING: [Synth 8-7129] Port s_axi_wdata[15] in module axi_vip_v1_1_14_top is either unconnected or has no load
WARNING: [Synth 8-7129] Port s_axi_wdata[14] in module axi_vip_v1_1_14_top is either unconnected or has no load
WARNING: [Synth 8-7129] Port s_axi_wdata[13] in module axi_vip_v1_1_14_top is either unconnected or has no load
WARNING: [Synth 8-7129] Port s_axi_wdata[12] in module axi_vip_v1_1_14_top is either unconnected or has no load
WARNING: [Synth 8-7129] Port s_axi_wdata[11] in module axi_vip_v1_1_14_top is either unconnected or has no load
WARNING: [Synth 8-7129] Port s_axi_wdata[10] in module axi_vip_v1_1_14_top is either unconnected or has no load
WARNING: [Synth 8-7129] Port s_axi_wdata[9] in module axi_vip_v1_1_14_top is either unconnected or has no load
WARNING: [Synth 8-7129] Port s_axi_wdata[8] in module axi_vip_v1_1_14_top is either unconnected or has no load
WARNING: [Synth 8-7129] Port s_axi_wdata[7] in module axi_vip_v1_1_14_top is either unconnected or has no load
WARNING: [Synth 8-7129] Port s_axi_wdata[6] in module axi_vip_v1_1_14_top is either unconnected or has no load
WARNING: [Synth 8-7129] Port s_axi_wdata[5] in module axi_vip_v1_1_14_top is either unconnected or has no load
WARNING: [Synth 8-7129] Port s_axi_wdata[4] in module axi_vip_v1_1_14_top is either unconnected or has no load
WARNING: [Synth 8-7129] Port s_axi_wdata[3] in module axi_vip_v1_1_14_top is either unconnected or has no load
WARNING: [Synth 8-7129] Port s_axi_wdata[2] in module axi_vip_v1_1_14_top is either unconnected or has no load
WARNING: [Synth 8-7129] Port s_axi_wdata[1] in module axi_vip_v1_1_14_top is either unconnected or has no load
WARNING: [Synth 8-7129] Port s_axi_wdata[0] in module axi_vip_v1_1_14_top is either unconnected or has no load
INFO: [Common 17-14] Message 'Synth 8-7129' appears 100 times and further instances of the messages will be disabled. Use the Tcl command set_msg_config to change the current settings.
---------------------------------------------------------------------------------
Finished RTL Elaboration : Time (s): cpu = 00:00:03 ; elapsed = 00:00:03 . Memory (MB): peak = 2628.676 ; gain = 328.664 ; free physical = 12562 ; free virtual = 19474
---------------------------------------------------------------------------------
---------------------------------------------------------------------------------
Start Handling Custom Attributes
---------------------------------------------------------------------------------
---------------------------------------------------------------------------------
Finished Handling Custom Attributes : Time (s): cpu = 00:00:03 ; elapsed = 00:00:03 . Memory (MB): peak = 2628.676 ; gain = 328.664 ; free physical = 12562 ; free virtual = 19474
---------------------------------------------------------------------------------
---------------------------------------------------------------------------------
Finished RTL Optimization Phase 1 : Time (s): cpu = 00:00:03 ; elapsed = 00:00:03 . Memory (MB): peak = 2628.676 ; gain = 328.664 ; free physical = 12562 ; free virtual = 19474
---------------------------------------------------------------------------------
Netlist sorting complete. Time (s): cpu = 00:00:00 ; elapsed = 00:00:00.01 . Memory (MB): peak = 2628.676 ; gain = 0.000 ; free physical = 12562 ; free virtual = 19474
INFO: [Project 1-570] Preparing netlist for logic optimization

Processing XDC Constraints
Initializing timing engine
WARNING: [Designutils 20-1758] instance inst wraps a black box. Constraint reading is skipped for elaborated designs in this case. Skipping constraint file '/home/ug3/Repos/ug3-seeg/ug3-seeg.gen/sources_1/bd/tb_seeg_top/ip/tb_seeg_top_axi_vip_0_0/tb_seeg_top_axi_vip_0_0_ooc.xdc'.
Parsing XDC File [/home/ug3/Repos/ug3-seeg/ug3-seeg.runs/tb_seeg_top_axi_vip_0_0_synth_1/dont_touch.xdc]
Finished Parsing XDC File [/home/ug3/Repos/ug3-seeg/ug3-seeg.runs/tb_seeg_top_axi_vip_0_0_synth_1/dont_touch.xdc]
Completed Processing XDC Constraints

Netlist sorting complete. Time (s): cpu = 00:00:00 ; elapsed = 00:00:00 . Memory (MB): peak = 2700.340 ; gain = 0.000 ; free physical = 12556 ; free virtual = 19467
INFO: [Project 1-111] Unisim Transformation Summary:
No Unisim elements were transformed.

Constraint Validation Runtime : Time (s): cpu = 00:00:00 ; elapsed = 00:00:00.01 . Memory (MB): peak = 2700.340 ; gain = 0.000 ; free physical = 12556 ; free virtual = 19467
INFO: [Designutils 20-5008] Incremental synthesis strategy off
---------------------------------------------------------------------------------
Finished Constraint Validation : Time (s): cpu = 00:00:06 ; elapsed = 00:00:06 . Memory (MB): peak = 2700.340 ; gain = 400.328 ; free physical = 12544 ; free virtual = 19455
---------------------------------------------------------------------------------
---------------------------------------------------------------------------------
Start Loading Part and Timing Information
---------------------------------------------------------------------------------
Loading part: xck26-sfvc784-2LV-c
INFO: [Synth 8-6742] Reading net delay rules and data
---------------------------------------------------------------------------------
Finished Loading Part and Timing Information : Time (s): cpu = 00:00:06 ; elapsed = 00:00:06 . Memory (MB): peak = 2700.340 ; gain = 400.328 ; free physical = 12544 ; free virtual = 19455
---------------------------------------------------------------------------------
---------------------------------------------------------------------------------
Start Applying 'set_property' XDC Constraints
---------------------------------------------------------------------------------
Applied set_property KEEP_HIERARCHY = SOFT for inst. (constraint file  /home/ug3/Repos/ug3-seeg/ug3-seeg.runs/tb_seeg_top_axi_vip_0_0_synth_1/dont_touch.xdc, line 9).
---------------------------------------------------------------------------------
Finished applying 'set_property' XDC Constraints : Time (s): cpu = 00:00:06 ; elapsed = 00:00:06 . Memory (MB): peak = 2700.340 ; gain = 400.328 ; free physical = 12544 ; free virtual = 19455
---------------------------------------------------------------------------------
---------------------------------------------------------------------------------
Finished RTL Optimization Phase 2 : Time (s): cpu = 00:00:06 ; elapsed = 00:00:06 . Memory (MB): peak = 2700.340 ; gain = 400.328 ; free physical = 12543 ; free virtual = 19455
---------------------------------------------------------------------------------
---------------------------------------------------------------------------------
Start RTL Component Statistics 
---------------------------------------------------------------------------------
Detailed RTL Component Info : 
---------------------------------------------------------------------------------
Finished RTL Component Statistics 
---------------------------------------------------------------------------------
---------------------------------------------------------------------------------
Start Part Resource Summary
---------------------------------------------------------------------------------
Part Resources:
DSPs: 1248 (col length:96)
BRAMs: 288 (col length: RAMB18 96 RAMB36 48)
---------------------------------------------------------------------------------
Finished Part Resource Summary
---------------------------------------------------------------------------------
---------------------------------------------------------------------------------
Start Cross Boundary and Area Optimization
---------------------------------------------------------------------------------
WARNING: [Synth 8-7080] Parallel synthesis criteria is not met
---------------------------------------------------------------------------------
Finished Cross Boundary and Area Optimization : Time (s): cpu = 00:00:06 ; elapsed = 00:00:07 . Memory (MB): peak = 2700.340 ; gain = 400.328 ; free physical = 12542 ; free virtual = 19454
---------------------------------------------------------------------------------
---------------------------------------------------------------------------------
Start Applying XDC Timing Constraints
---------------------------------------------------------------------------------
---------------------------------------------------------------------------------
Finished Applying XDC Timing Constraints : Time (s): cpu = 00:00:12 ; elapsed = 00:00:13 . Memory (MB): peak = 3173.207 ; gain = 873.195 ; free physical = 11984 ; free virtual = 18870
---------------------------------------------------------------------------------
---------------------------------------------------------------------------------
Start Timing Optimization
---------------------------------------------------------------------------------
---------------------------------------------------------------------------------
Finished Timing Optimization : Time (s): cpu = 00:00:12 ; elapsed = 00:00:13 . Memory (MB): peak = 3173.207 ; gain = 873.195 ; free physical = 11984 ; free virtual = 18870
---------------------------------------------------------------------------------
---------------------------------------------------------------------------------
Start Technology Mapping
---------------------------------------------------------------------------------
---------------------------------------------------------------------------------
Finished Technology Mapping : Time (s): cpu = 00:00:12 ; elapsed = 00:00:13 . Memory (MB): peak = 3182.223 ; gain = 882.211 ; free physical = 11976 ; free virtual = 18862
---------------------------------------------------------------------------------
---------------------------------------------------------------------------------
Start IO Insertion
---------------------------------------------------------------------------------
---------------------------------------------------------------------------------
Start Flattening Before IO Insertion
---------------------------------------------------------------------------------
---------------------------------------------------------------------------------
Finished Flattening Before IO Insertion
---------------------------------------------------------------------------------
---------------------------------------------------------------------------------
Start Final Netlist Cleanup
---------------------------------------------------------------------------------
---------------------------------------------------------------------------------
Finished Final Netlist Cleanup
---------------------------------------------------------------------------------
---------------------------------------------------------------------------------
Finished IO Insertion : Time (s): cpu = 00:00:14 ; elapsed = 00:00:15 . Memory (MB): peak = 3197.098 ; gain = 897.086 ; free physical = 11962 ; free virtual = 18849
---------------------------------------------------------------------------------
---------------------------------------------------------------------------------
Start Renaming Generated Instances
---------------------------------------------------------------------------------
---------------------------------------------------------------------------------
Finished Renaming Generated Instances : Time (s): cpu = 00:00:14 ; elapsed = 00:00:15 . Memory (MB): peak = 3197.098 ; gain = 897.086 ; free physical = 11962 ; free virtual = 18849
---------------------------------------------------------------------------------
---------------------------------------------------------------------------------
Start Rebuilding User Hierarchy
---------------------------------------------------------------------------------
---------------------------------------------------------------------------------
Finished Rebuilding User Hierarchy : Time (s): cpu = 00:00:14 ; elapsed = 00:00:15 . Memory (MB): peak = 3197.098 ; gain = 897.086 ; free physical = 11963 ; free virtual = 18849
---------------------------------------------------------------------------------
---------------------------------------------------------------------------------
Start Renaming Generated Ports
---------------------------------------------------------------------------------
---------------------------------------------------------------------------------
Finished Renaming Generated Ports : Time (s): cpu = 00:00:14 ; elapsed = 00:00:15 . Memory (MB): peak = 3197.098 ; gain = 897.086 ; free physical = 11963 ; free virtual = 18849
---------------------------------------------------------------------------------
---------------------------------------------------------------------------------
Start Handling Custom Attributes
---------------------------------------------------------------------------------
---------------------------------------------------------------------------------
Finished Handling Custom Attributes : Time (s): cpu = 00:00:14 ; elapsed = 00:00:15 . Memory (MB): peak = 3197.098 ; gain = 897.086 ; free physical = 11963 ; free virtual = 18849
---------------------------------------------------------------------------------
---------------------------------------------------------------------------------
Start Renaming Generated Nets
---------------------------------------------------------------------------------
---------------------------------------------------------------------------------
Finished Renaming Generated Nets : Time (s): cpu = 00:00:14 ; elapsed = 00:00:15 . Memory (MB): peak = 3197.098 ; gain = 897.086 ; free physical = 11963 ; free virtual = 18849
---------------------------------------------------------------------------------
---------------------------------------------------------------------------------
Start Writing Synthesis Report
---------------------------------------------------------------------------------

Report BlackBoxes: 
+-+--------------+----------+
| |BlackBox name |Instances |
+-+--------------+----------+
+-+--------------+----------+

Report Cell Usage: 
+-+-----+------+
| |Cell |Count |
+-+-----+------+
+-+-----+------+
---------------------------------------------------------------------------------
Finished Writing Synthesis Report : Time (s): cpu = 00:00:14 ; elapsed = 00:00:15 . Memory (MB): peak = 3197.098 ; gain = 897.086 ; free physical = 11963 ; free virtual = 18849
---------------------------------------------------------------------------------
Synthesis finished with 0 errors, 0 critical warnings and 220 warnings.
Synthesis Optimization Runtime : Time (s): cpu = 00:00:13 ; elapsed = 00:00:14 . Memory (MB): peak = 3197.098 ; gain = 825.422 ; free physical = 11962 ; free virtual = 18849
Synthesis Optimization Complete : Time (s): cpu = 00:00:14 ; elapsed = 00:00:15 . Memory (MB): peak = 3197.105 ; gain = 897.086 ; free physical = 11962 ; free virtual = 18848
INFO: [Project 1-571] Translating synthesized netlist
Netlist sorting complete. Time (s): cpu = 00:00:00 ; elapsed = 00:00:00 . Memory (MB): peak = 3197.105 ; gain = 0.000 ; free physical = 11962 ; free virtual = 18848
INFO: [Project 1-570] Preparing netlist for logic optimization
INFO: [Opt 31-138] Pushed 0 inverter(s) to 0 load pin(s).
Netlist sorting complete. Time (s): cpu = 00:00:00 ; elapsed = 00:00:00 . Memory (MB): peak = 3232.723 ; gain = 0.000 ; free physical = 12212 ; free virtual = 19099
INFO: [Project 1-111] Unisim Transformation Summary:
No Unisim elements were transformed.

Synth Design complete | Checksum: 115c86aa
INFO: [Common 17-83] Releasing license: Synthesis
20 Infos, 102 Warnings, 0 Critical Warnings and 0 Errors encountered.
synth_design completed successfully
synth_design: Time (s): cpu = 00:00:19 ; elapsed = 00:00:18 . Memory (MB): peak = 3246.660 ; gain = 1863.746 ; free physical = 12201 ; free virtual = 19088
INFO: [Common 17-2834] synth_design peak Physical Memory [PSS] (MB): overall = 2519.379; main = 2519.379; forked = 398.518
INFO: [Common 17-2834] synth_design peak Virtual Memory [VSS] (MB): overall = 3789.637; main = 3246.664; forked = 996.410
INFO: [Common 17-600] The following parameters have non-default value.
tcl.collectionResultDisplayLimit
INFO: [Common 17-1381] The checkpoint '/home/ug3/Repos/ug3-seeg/ug3-seeg.runs/tb_seeg_top_axi_vip_0_0_synth_1/tb_seeg_top_axi_vip_0_0.dcp' has been generated.
INFO: [Coretcl 2-1648] Added synthesis output to IP cache for IP tb_seeg_top_axi_vip_0_0, cache-ID = 6807305769fe76ef
INFO: [Common 17-1381] The checkpoint '/home/ug3/Repos/ug3-seeg/ug3-seeg.runs/tb_seeg_top_axi_vip_0_0_synth_1/tb_seeg_top_axi_vip_0_0.dcp' has been generated.
INFO: [runtcl-4] Executing : report_utilization -file tb_seeg_top_axi_vip_0_0_utilization_synth.rpt -pb tb_seeg_top_axi_vip_0_0_utilization_synth.pb
INFO: [Common 17-206] Exiting Vivado at Thu Sep 19 16:08:47 2024...
