Vivado Simulator v2023.1
Copyright 1986-2022 Xilinx, Inc. All Rights Reserved.
Copyright 2022-2023 Advanced Micro Devices, Inc. All Rights Reserved.
Running: C:/Xilinx/Vivado/2023.1/bin/unwrapped/win64.o/xelab.exe --incr --debug typical --relax --mt 2 -L xil_defaultlib -L axi_infrastructure_v1_1_0 -L axi_vip_v1_1_14 -L uvm -L xilinx_vip -L unisims_ver -L unimacro_ver -L secureip -L xpm --snapshot tb_seeg_top_axi_behav xil_defaultlib.tb_seeg_top_axi xil_defaultlib.glbl -log elaborate.log 
Using 2 slave threads.
Starting static elaboration
Pass Through NonSizing Optimizer
WARNING: [VRFC 10-3091] actual bit length 32 differs from formal bit length 4 for port 'divisor' [C:/Repos/ug3-seeg/src/seeg.v:204]
WARNING: [VRFC 10-3091] actual bit length 32 differs from formal bit length 1 for port 'sampling_rate_20k' [C:/Repos/ug3-seeg/src/seeg.v:422]
WARNING: [VRFC 10-3091] actual bit length 32 differs from formal bit length 8 for port 'oversample_offset_A1' [C:/Repos/ug3-seeg/src/seeg.v:461]
WARNING: [VRFC 10-3091] actual bit length 32 differs from formal bit length 8 for port 'oversample_offset_A2' [C:/Repos/ug3-seeg/src/seeg.v:462]
WARNING: [VRFC 10-3091] actual bit length 32 differs from formal bit length 8 for port 'oversample_offset_B1' [C:/Repos/ug3-seeg/src/seeg.v:463]
WARNING: [VRFC 10-3091] actual bit length 32 differs from formal bit length 8 for port 'oversample_offset_B2' [C:/Repos/ug3-seeg/src/seeg.v:464]
WARNING: [VRFC 10-3091] actual bit length 32 differs from formal bit length 8 for port 'oversample_offset_C1' [C:/Repos/ug3-seeg/src/seeg.v:465]
WARNING: [VRFC 10-3091] actual bit length 32 differs from formal bit length 8 for port 'oversample_offset_C2' [C:/Repos/ug3-seeg/src/seeg.v:466]
WARNING: [VRFC 10-3091] actual bit length 32 differs from formal bit length 8 for port 'oversample_offset_D1' [C:/Repos/ug3-seeg/src/seeg.v:467]
WARNING: [VRFC 10-3091] actual bit length 32 differs from formal bit length 8 for port 'oversample_offset_D2' [C:/Repos/ug3-seeg/src/seeg.v:468]
WARNING: [VRFC 10-3091] actual bit length 32 differs from formal bit length 8 for port 'oversample_offset_E1' [C:/Repos/ug3-seeg/src/seeg.v:469]
WARNING: [VRFC 10-3091] actual bit length 32 differs from formal bit length 8 for port 'oversample_offset_E2' [C:/Repos/ug3-seeg/src/seeg.v:470]
WARNING: [VRFC 10-3091] actual bit length 32 differs from formal bit length 8 for port 'oversample_offset_F1' [C:/Repos/ug3-seeg/src/seeg.v:471]
WARNING: [VRFC 10-3091] actual bit length 32 differs from formal bit length 8 for port 'oversample_offset_F2' [C:/Repos/ug3-seeg/src/seeg.v:472]
WARNING: [VRFC 10-3091] actual bit length 32 differs from formal bit length 8 for port 'oversample_offset_G1' [C:/Repos/ug3-seeg/src/seeg.v:473]
WARNING: [VRFC 10-3091] actual bit length 32 differs from formal bit length 8 for port 'oversample_offset_G2' [C:/Repos/ug3-seeg/src/seeg.v:474]
WARNING: [VRFC 10-3091] actual bit length 32 differs from formal bit length 8 for port 'oversample_offset_H1' [C:/Repos/ug3-seeg/src/seeg.v:475]
WARNING: [VRFC 10-3091] actual bit length 32 differs from formal bit length 8 for port 'oversample_offset_H2' [C:/Repos/ug3-seeg/src/seeg.v:476]
WARNING: [VRFC 10-3091] actual bit length 32 differs from formal bit length 8 for port 'oversample_offset_I1' [C:/Repos/ug3-seeg/src/seeg.v:477]
WARNING: [VRFC 10-3091] actual bit length 32 differs from formal bit length 8 for port 'oversample_offset_I2' [C:/Repos/ug3-seeg/src/seeg.v:478]
WARNING: [VRFC 10-3091] actual bit length 32 differs from formal bit length 8 for port 'oversample_offset_J1' [C:/Repos/ug3-seeg/src/seeg.v:479]
WARNING: [VRFC 10-3091] actual bit length 32 differs from formal bit length 8 for port 'oversample_offset_J2' [C:/Repos/ug3-seeg/src/seeg.v:480]
WARNING: [VRFC 10-3091] actual bit length 32 differs from formal bit length 8 for port 'oversample_offset_K1' [C:/Repos/ug3-seeg/src/seeg.v:481]
WARNING: [VRFC 10-3091] actual bit length 32 differs from formal bit length 8 for port 'oversample_offset_K2' [C:/Repos/ug3-seeg/src/seeg.v:482]
WARNING: [VRFC 10-3091] actual bit length 32 differs from formal bit length 8 for port 'oversample_offset_L1' [C:/Repos/ug3-seeg/src/seeg.v:483]
WARNING: [VRFC 10-3091] actual bit length 32 differs from formal bit length 8 for port 'oversample_offset_L2' [C:/Repos/ug3-seeg/src/seeg.v:484]
WARNING: [VRFC 10-3091] actual bit length 32 differs from formal bit length 8 for port 'oversample_offset_M1' [C:/Repos/ug3-seeg/src/seeg.v:485]
WARNING: [VRFC 10-3091] actual bit length 32 differs from formal bit length 8 for port 'oversample_offset_M2' [C:/Repos/ug3-seeg/src/seeg.v:486]
WARNING: [VRFC 10-3091] actual bit length 32 differs from formal bit length 8 for port 'oversample_offset_N1' [C:/Repos/ug3-seeg/src/seeg.v:487]
WARNING: [VRFC 10-3091] actual bit length 32 differs from formal bit length 8 for port 'oversample_offset_N2' [C:/Repos/ug3-seeg/src/seeg.v:488]
WARNING: [VRFC 10-3091] actual bit length 32 differs from formal bit length 8 for port 'oversample_offset_O1' [C:/Repos/ug3-seeg/src/seeg.v:489]
WARNING: [VRFC 10-3091] actual bit length 32 differs from formal bit length 8 for port 'oversample_offset_O2' [C:/Repos/ug3-seeg/src/seeg.v:490]
WARNING: [VRFC 10-3091] actual bit length 32 differs from formal bit length 8 for port 'oversample_offset_P1' [C:/Repos/ug3-seeg/src/seeg.v:491]
WARNING: [VRFC 10-3091] actual bit length 32 differs from formal bit length 8 for port 'oversample_offset_P2' [C:/Repos/ug3-seeg/src/seeg.v:492]
WARNING: [VRFC 10-3091] actual bit length 32 differs from formal bit length 8 for port 'oversample_offset_A' [C:/Repos/ug3-seeg/src/seeg.v:565]
WARNING: [VRFC 10-3091] actual bit length 32 differs from formal bit length 8 for port 'oversample_offset_B' [C:/Repos/ug3-seeg/src/seeg.v:566]
WARNING: [VRFC 10-3091] actual bit length 32 differs from formal bit length 8 for port 'oversample_offset_C' [C:/Repos/ug3-seeg/src/seeg.v:567]
WARNING: [VRFC 10-3091] actual bit length 32 differs from formal bit length 8 for port 'oversample_offset_D' [C:/Repos/ug3-seeg/src/seeg.v:568]
WARNING: [VRFC 10-3091] actual bit length 32 differs from formal bit length 8 for port 'oversample_offset_E' [C:/Repos/ug3-seeg/src/seeg.v:569]
WARNING: [VRFC 10-3091] actual bit length 32 differs from formal bit length 8 for port 'oversample_offset_F' [C:/Repos/ug3-seeg/src/seeg.v:570]
WARNING: [VRFC 10-3091] actual bit length 32 differs from formal bit length 8 for port 'oversample_offset_G' [C:/Repos/ug3-seeg/src/seeg.v:571]
WARNING: [VRFC 10-3091] actual bit length 32 differs from formal bit length 8 for port 'oversample_offset_H' [C:/Repos/ug3-seeg/src/seeg.v:572]
WARNING: [VRFC 10-3091] actual bit length 32 differs from formal bit length 8 for port 'oversample_offset_I' [C:/Repos/ug3-seeg/src/seeg.v:573]
WARNING: [VRFC 10-3091] actual bit length 32 differs from formal bit length 8 for port 'oversample_offset_J' [C:/Repos/ug3-seeg/src/seeg.v:574]
WARNING: [VRFC 10-3091] actual bit length 32 differs from formal bit length 8 for port 'oversample_offset_K' [C:/Repos/ug3-seeg/src/seeg.v:575]
WARNING: [VRFC 10-3091] actual bit length 32 differs from formal bit length 8 for port 'oversample_offset_L' [C:/Repos/ug3-seeg/src/seeg.v:576]
WARNING: [VRFC 10-3091] actual bit length 32 differs from formal bit length 8 for port 'oversample_offset_M' [C:/Repos/ug3-seeg/src/seeg.v:577]
WARNING: [VRFC 10-3091] actual bit length 32 differs from formal bit length 8 for port 'oversample_offset_N' [C:/Repos/ug3-seeg/src/seeg.v:578]
WARNING: [VRFC 10-3091] actual bit length 32 differs from formal bit length 8 for port 'oversample_offset_O' [C:/Repos/ug3-seeg/src/seeg.v:579]
WARNING: [VRFC 10-3091] actual bit length 32 differs from formal bit length 8 for port 'oversample_offset_P' [C:/Repos/ug3-seeg/src/seeg.v:580]
WARNING: [VRFC 10-3091] actual bit length 8 differs from formal bit length 6 for port 'channel' [C:/Repos/ug3-seeg/src/seeg.v:589]
WARNING: [VRFC 10-3091] actual bit length 8 differs from formal bit length 6 for port 'channel' [C:/Repos/ug3-seeg/src/seeg.v:599]
WARNING: [VRFC 10-3091] actual bit length 8 differs from formal bit length 6 for port 'channel' [C:/Repos/ug3-seeg/src/seeg.v:609]
WARNING: [VRFC 10-3091] actual bit length 8 differs from formal bit length 6 for port 'channel' [C:/Repos/ug3-seeg/src/seeg.v:619]
WARNING: [VRFC 10-3091] actual bit length 8 differs from formal bit length 6 for port 'channel' [C:/Repos/ug3-seeg/src/seeg.v:629]
WARNING: [VRFC 10-3091] actual bit length 8 differs from formal bit length 6 for port 'channel' [C:/Repos/ug3-seeg/src/seeg.v:639]
WARNING: [VRFC 10-3091] actual bit length 8 differs from formal bit length 6 for port 'channel' [C:/Repos/ug3-seeg/src/seeg.v:649]
WARNING: [VRFC 10-3091] actual bit length 8 differs from formal bit length 6 for port 'channel' [C:/Repos/ug3-seeg/src/seeg.v:659]
WARNING: [VRFC 10-3091] actual bit length 8 differs from formal bit length 6 for port 'channel' [C:/Repos/ug3-seeg/src/seeg.v:669]
WARNING: [VRFC 10-3091] actual bit length 8 differs from formal bit length 6 for port 'channel' [C:/Repos/ug3-seeg/src/seeg.v:679]
WARNING: [VRFC 10-3091] actual bit length 8 differs from formal bit length 6 for port 'channel' [C:/Repos/ug3-seeg/src/seeg.v:689]
WARNING: [VRFC 10-3091] actual bit length 8 differs from formal bit length 6 for port 'channel' [C:/Repos/ug3-seeg/src/seeg.v:699]
WARNING: [VRFC 10-3091] actual bit length 8 differs from formal bit length 6 for port 'channel' [C:/Repos/ug3-seeg/src/seeg.v:709]
WARNING: [VRFC 10-3091] actual bit length 8 differs from formal bit length 6 for port 'channel' [C:/Repos/ug3-seeg/src/seeg.v:719]
WARNING: [VRFC 10-3091] actual bit length 8 differs from formal bit length 6 for port 'channel' [C:/Repos/ug3-seeg/src/seeg.v:729]
WARNING: [VRFC 10-3091] actual bit length 8 differs from formal bit length 6 for port 'channel' [C:/Repos/ug3-seeg/src/seeg.v:739]
WARNING: [VRFC 10-3091] actual bit length 8 differs from formal bit length 6 for port 'channel' [C:/Repos/ug3-seeg/src/seeg.v:749]
WARNING: [VRFC 10-3091] actual bit length 8 differs from formal bit length 6 for port 'channel' [C:/Repos/ug3-seeg/src/seeg.v:759]
WARNING: [VRFC 10-3091] actual bit length 8 differs from formal bit length 6 for port 'channel' [C:/Repos/ug3-seeg/src/seeg.v:769]
WARNING: [VRFC 10-3091] actual bit length 8 differs from formal bit length 6 for port 'channel' [C:/Repos/ug3-seeg/src/seeg.v:779]
WARNING: [VRFC 10-3091] actual bit length 8 differs from formal bit length 6 for port 'channel' [C:/Repos/ug3-seeg/src/seeg.v:789]
WARNING: [VRFC 10-3091] actual bit length 8 differs from formal bit length 6 for port 'channel' [C:/Repos/ug3-seeg/src/seeg.v:799]
WARNING: [VRFC 10-3091] actual bit length 8 differs from formal bit length 6 for port 'channel' [C:/Repos/ug3-seeg/src/seeg.v:809]
WARNING: [VRFC 10-3091] actual bit length 8 differs from formal bit length 6 for port 'channel' [C:/Repos/ug3-seeg/src/seeg.v:819]
WARNING: [VRFC 10-3091] actual bit length 8 differs from formal bit length 6 for port 'channel' [C:/Repos/ug3-seeg/src/seeg.v:829]
WARNING: [VRFC 10-3091] actual bit length 8 differs from formal bit length 6 for port 'channel' [C:/Repos/ug3-seeg/src/seeg.v:839]
WARNING: [VRFC 10-3091] actual bit length 8 differs from formal bit length 6 for port 'channel' [C:/Repos/ug3-seeg/src/seeg.v:849]
WARNING: [VRFC 10-3091] actual bit length 8 differs from formal bit length 6 for port 'channel' [C:/Repos/ug3-seeg/src/seeg.v:859]
WARNING: [VRFC 10-3091] actual bit length 8 differs from formal bit length 6 for port 'channel' [C:/Repos/ug3-seeg/src/seeg.v:869]
WARNING: [VRFC 10-3091] actual bit length 8 differs from formal bit length 6 for port 'channel' [C:/Repos/ug3-seeg/src/seeg.v:879]
WARNING: [VRFC 10-3091] actual bit length 8 differs from formal bit length 6 for port 'channel' [C:/Repos/ug3-seeg/src/seeg.v:889]
WARNING: [VRFC 10-3091] actual bit length 8 differs from formal bit length 6 for port 'channel' [C:/Repos/ug3-seeg/src/seeg.v:899]
WARNING: [VRFC 10-3091] actual bit length 8 differs from formal bit length 5 for port 'channel' [C:/Repos/ug3-seeg/src/seeg.v:910]
WARNING: [VRFC 10-3091] actual bit length 8 differs from formal bit length 5 for port 'channel' [C:/Repos/ug3-seeg/src/seeg.v:919]
WARNING: [VRFC 10-3091] actual bit length 8 differs from formal bit length 5 for port 'channel' [C:/Repos/ug3-seeg/src/seeg.v:928]
WARNING: [VRFC 10-3091] actual bit length 8 differs from formal bit length 5 for port 'channel' [C:/Repos/ug3-seeg/src/seeg.v:937]
WARNING: [VRFC 10-3091] actual bit length 8 differs from formal bit length 5 for port 'channel' [C:/Repos/ug3-seeg/src/seeg.v:946]
WARNING: [VRFC 10-3091] actual bit length 8 differs from formal bit length 5 for port 'channel' [C:/Repos/ug3-seeg/src/seeg.v:955]
WARNING: [VRFC 10-3091] actual bit length 8 differs from formal bit length 5 for port 'channel' [C:/Repos/ug3-seeg/src/seeg.v:964]
WARNING: [VRFC 10-3091] actual bit length 8 differs from formal bit length 5 for port 'channel' [C:/Repos/ug3-seeg/src/seeg.v:973]
WARNING: [VRFC 10-3091] actual bit length 8 differs from formal bit length 5 for port 'channel' [C:/Repos/ug3-seeg/src/seeg.v:982]
WARNING: [VRFC 10-3091] actual bit length 8 differs from formal bit length 5 for port 'channel' [C:/Repos/ug3-seeg/src/seeg.v:991]
WARNING: [VRFC 10-3091] actual bit length 8 differs from formal bit length 5 for port 'channel' [C:/Repos/ug3-seeg/src/seeg.v:1000]
WARNING: [VRFC 10-3091] actual bit length 8 differs from formal bit length 5 for port 'channel' [C:/Repos/ug3-seeg/src/seeg.v:1009]
WARNING: [VRFC 10-3091] actual bit length 8 differs from formal bit length 5 for port 'channel' [C:/Repos/ug3-seeg/src/seeg.v:1018]
WARNING: [VRFC 10-3091] actual bit length 8 differs from formal bit length 5 for port 'channel' [C:/Repos/ug3-seeg/src/seeg.v:1027]
WARNING: [VRFC 10-3091] actual bit length 8 differs from formal bit length 5 for port 'channel' [C:/Repos/ug3-seeg/src/seeg.v:1036]
WARNING: [VRFC 10-3091] actual bit length 8 differs from formal bit length 5 for port 'channel' [C:/Repos/ug3-seeg/src/seeg.v:1045]
WARNING: [VRFC 10-3091] actual bit length 32 differs from formal bit length 4 for port 'divisor' [C:/Repos/ug3-seeg/src/seeg.v:205]
WARNING: [VRFC 10-3091] actual bit length 32 differs from formal bit length 4 for port 'divisor' [C:/Repos/ug3-seeg/src/rhd_spi_master.v:40]
WARNING: [VRFC 10-3091] actual bit length 32 differs from formal bit length 4 for port 'divisor' [C:/Repos/ug3-seeg/src/rhs_spi_master.v:36]
Completed static elaboration
Starting simulation data flow analysis
WARNING: [XSIM 43-4099] "C:/Repos/ug3-seeg/src/seeg_top.v" Line 1. Module seeg_top_default doesn't have a timescale but at least one module in design has a timescale.
WARNING: [XSIM 43-4099] "C:/Repos/ug3-seeg/src/rhd_diff_to_single.v" Line 1. Module rhd_diff_to_single doesn't have a timescale but at least one module in design has a timescale.
WARNING: [XSIM 43-4099] "C:/Repos/ug3-seeg/src/seeg.v" Line 1. Module seeg doesn't have a timescale but at least one module in design has a timescale.
WARNING: [XSIM 43-4099] "C:/Repos/ug3-seeg/src/clock_divider.v" Line 1. Module clock_divider doesn't have a timescale but at least one module in design has a timescale.
WARNING: [XSIM 43-4099] "C:/Repos/ug3-seeg/src/clock_divider.v" Line 1. Module clock_divider doesn't have a timescale but at least one module in design has a timescale.
WARNING: [XSIM 43-4099] "C:/Repos/ug3-seeg/src/rhd_2048.v" Line 1. Module rhd_2048_default doesn't have a timescale but at least one module in design has a timescale.
WARNING: [XSIM 43-4099] "C:/Repos/ug3-seeg/src/rhd_spi_master.v" Line 1. Module rhd_spi_master doesn't have a timescale but at least one module in design has a timescale.
WARNING: [XSIM 43-4099] "C:/Repos/ug3-seeg/src/clock_divider.v" Line 1. Module clock_divider doesn't have a timescale but at least one module in design has a timescale.
WARNING: [XSIM 43-4099] "C:/Repos/ug3-seeg/src/rhd_spi_master.v" Line 1. Module rhd_spi_master doesn't have a timescale but at least one module in design has a timescale.
WARNING: [XSIM 43-4099] "C:/Repos/ug3-seeg/src/clock_divider.v" Line 1. Module clock_divider doesn't have a timescale but at least one module in design has a timescale.
WARNING: [XSIM 43-4099] "C:/Repos/ug3-seeg/src/rhd_spi_master.v" Line 1. Module rhd_spi_master doesn't have a timescale but at least one module in design has a timescale.
WARNING: [XSIM 43-4099] "C:/Repos/ug3-seeg/src/clock_divider.v" Line 1. Module clock_divider doesn't have a timescale but at least one module in design has a timescale.
WARNING: [XSIM 43-4099] "C:/Repos/ug3-seeg/src/rhd_spi_master.v" Line 1. Module rhd_spi_master doesn't have a timescale but at least one module in design has a timescale.
WARNING: [XSIM 43-4099] "C:/Repos/ug3-seeg/src/clock_divider.v" Line 1. Module clock_divider doesn't have a timescale but at least one module in design has a timescale.
WARNING: [XSIM 43-4099] "C:/Repos/ug3-seeg/src/rhd_spi_master.v" Line 1. Module rhd_spi_master doesn't have a timescale but at least one module in design has a timescale.
WARNING: [XSIM 43-4099] "C:/Repos/ug3-seeg/src/clock_divider.v" Line 1. Module clock_divider doesn't have a timescale but at least one module in design has a timescale.
WARNING: [XSIM 43-4099] "C:/Repos/ug3-seeg/src/rhd_spi_master.v" Line 1. Module rhd_spi_master doesn't have a timescale but at least one module in design has a timescale.
WARNING: [XSIM 43-4099] "C:/Repos/ug3-seeg/src/clock_divider.v" Line 1. Module clock_divider doesn't have a timescale but at least one module in design has a timescale.
WARNING: [XSIM 43-4099] "C:/Repos/ug3-seeg/src/rhd_spi_master.v" Line 1. Module rhd_spi_master doesn't have a timescale but at least one module in design has a timescale.
WARNING: [XSIM 43-4099] "C:/Repos/ug3-seeg/src/clock_divider.v" Line 1. Module clock_divider doesn't have a timescale but at least one module in design has a timescale.
WARNING: [XSIM 43-4099] "C:/Repos/ug3-seeg/src/rhd_spi_master.v" Line 1. Module rhd_spi_master doesn't have a timescale but at least one module in design has a timescale.
WARNING: [XSIM 43-4099] "C:/Repos/ug3-seeg/src/clock_divider.v" Line 1. Module clock_divider doesn't have a timescale but at least one module in design has a timescale.
WARNING: [XSIM 43-4099] "C:/Repos/ug3-seeg/src/rhd_spi_master.v" Line 1. Module rhd_spi_master doesn't have a timescale but at least one module in design has a timescale.
WARNING: [XSIM 43-4099] "C:/Repos/ug3-seeg/src/clock_divider.v" Line 1. Module clock_divider doesn't have a timescale but at least one module in design has a timescale.
WARNING: [XSIM 43-4099] "C:/Repos/ug3-seeg/src/rhd_spi_master.v" Line 1. Module rhd_spi_master doesn't have a timescale but at least one module in design has a timescale.
WARNING: [XSIM 43-4099] "C:/Repos/ug3-seeg/src/clock_divider.v" Line 1. Module clock_divider doesn't have a timescale but at least one module in design has a timescale.
WARNING: [XSIM 43-4099] "C:/Repos/ug3-seeg/src/rhd_spi_master.v" Line 1. Module rhd_spi_master doesn't have a timescale but at least one module in design has a timescale.
WARNING: [XSIM 43-4099] "C:/Repos/ug3-seeg/src/clock_divider.v" Line 1. Module clock_divider doesn't have a timescale but at least one module in design has a timescale.
WARNING: [XSIM 43-4099] "C:/Repos/ug3-seeg/src/rhd_spi_master.v" Line 1. Module rhd_spi_master doesn't have a timescale but at least one module in design has a timescale.
WARNING: [XSIM 43-4099] "C:/Repos/ug3-seeg/src/clock_divider.v" Line 1. Module clock_divider doesn't have a timescale but at least one module in design has a timescale.
WARNING: [XSIM 43-4099] "C:/Repos/ug3-seeg/src/rhd_spi_master.v" Line 1. Module rhd_spi_master doesn't have a timescale but at least one module in design has a timescale.
WARNING: [XSIM 43-4099] "C:/Repos/ug3-seeg/src/clock_divider.v" Line 1. Module clock_divider doesn't have a timescale but at least one module in design has a timescale.
WARNING: [XSIM 43-4099] "C:/Repos/ug3-seeg/src/rhd_spi_master.v" Line 1. Module rhd_spi_master doesn't have a timescale but at least one module in design has a timescale.
WARNING: [XSIM 43-4099] "C:/Repos/ug3-seeg/src/clock_divider.v" Line 1. Module clock_divider doesn't have a timescale but at least one module in design has a timescale.
WARNING: [XSIM 43-4099] "C:/Repos/ug3-seeg/src/rhd_spi_master.v" Line 1. Module rhd_spi_master doesn't have a timescale but at least one module in design has a timescale.
WARNING: [XSIM 43-4099] "C:/Repos/ug3-seeg/src/clock_divider.v" Line 1. Module clock_divider doesn't have a timescale but at least one module in design has a timescale.
WARNING: [XSIM 43-4099] "C:/Repos/ug3-seeg/src/rhd_spi_master.v" Line 1. Module rhd_spi_master doesn't have a timescale but at least one module in design has a timescale.
WARNING: [XSIM 43-4099] "C:/Repos/ug3-seeg/src/clock_divider.v" Line 1. Module clock_divider doesn't have a timescale but at least one module in design has a timescale.
WARNING: [XSIM 43-4099] "C:/Repos/ug3-seeg/src/rhd_spi_master.v" Line 1. Module rhd_spi_master doesn't have a timescale but at least one module in design has a timescale.
WARNING: [XSIM 43-4099] "C:/Repos/ug3-seeg/src/clock_divider.v" Line 1. Module clock_divider doesn't have a timescale but at least one module in design has a timescale.
WARNING: [XSIM 43-4099] "C:/Repos/ug3-seeg/src/rhd_spi_master.v" Line 1. Module rhd_spi_master doesn't have a timescale but at least one module in design has a timescale.
WARNING: [XSIM 43-4099] "C:/Repos/ug3-seeg/src/clock_divider.v" Line 1. Module clock_divider doesn't have a timescale but at least one module in design has a timescale.
WARNING: [XSIM 43-4099] "C:/Repos/ug3-seeg/src/rhd_spi_master.v" Line 1. Module rhd_spi_master doesn't have a timescale but at least one module in design has a timescale.
WARNING: [XSIM 43-4099] "C:/Repos/ug3-seeg/src/clock_divider.v" Line 1. Module clock_divider doesn't have a timescale but at least one module in design has a timescale.
WARNING: [XSIM 43-4099] "C:/Repos/ug3-seeg/src/rhd_spi_master.v" Line 1. Module rhd_spi_master doesn't have a timescale but at least one module in design has a timescale.
WARNING: [XSIM 43-4099] "C:/Repos/ug3-seeg/src/clock_divider.v" Line 1. Module clock_divider doesn't have a timescale but at least one module in design has a timescale.
WARNING: [XSIM 43-4099] "C:/Repos/ug3-seeg/src/rhd_spi_master.v" Line 1. Module rhd_spi_master doesn't have a timescale but at least one module in design has a timescale.
WARNING: [XSIM 43-4099] "C:/Repos/ug3-seeg/src/clock_divider.v" Line 1. Module clock_divider doesn't have a timescale but at least one module in design has a timescale.
WARNING: [XSIM 43-4099] "C:/Repos/ug3-seeg/src/rhd_spi_master.v" Line 1. Module rhd_spi_master doesn't have a timescale but at least one module in design has a timescale.
WARNING: [XSIM 43-4099] "C:/Repos/ug3-seeg/src/clock_divider.v" Line 1. Module clock_divider doesn't have a timescale but at least one module in design has a timescale.
WARNING: [XSIM 43-4099] "C:/Repos/ug3-seeg/src/rhd_spi_master.v" Line 1. Module rhd_spi_master doesn't have a timescale but at least one module in design has a timescale.
WARNING: [XSIM 43-4099] "C:/Repos/ug3-seeg/src/clock_divider.v" Line 1. Module clock_divider doesn't have a timescale but at least one module in design has a timescale.
WARNING: [XSIM 43-4099] "C:/Repos/ug3-seeg/src/rhd_spi_master.v" Line 1. Module rhd_spi_master doesn't have a timescale but at least one module in design has a timescale.
WARNING: [XSIM 43-4099] "C:/Repos/ug3-seeg/src/clock_divider.v" Line 1. Module clock_divider doesn't have a timescale but at least one module in design has a timescale.
WARNING: [XSIM 43-4099] "C:/Repos/ug3-seeg/src/rhd_spi_master.v" Line 1. Module rhd_spi_master doesn't have a timescale but at least one module in design has a timescale.
WARNING: [XSIM 43-4099] "C:/Repos/ug3-seeg/src/clock_divider.v" Line 1. Module clock_divider doesn't have a timescale but at least one module in design has a timescale.
WARNING: [XSIM 43-4099] "C:/Repos/ug3-seeg/src/rhd_spi_master.v" Line 1. Module rhd_spi_master doesn't have a timescale but at least one module in design has a timescale.
WARNING: [XSIM 43-4099] "C:/Repos/ug3-seeg/src/clock_divider.v" Line 1. Module clock_divider doesn't have a timescale but at least one module in design has a timescale.
WARNING: [XSIM 43-4099] "C:/Repos/ug3-seeg/src/rhd_spi_master.v" Line 1. Module rhd_spi_master doesn't have a timescale but at least one module in design has a timescale.
WARNING: [XSIM 43-4099] "C:/Repos/ug3-seeg/src/clock_divider.v" Line 1. Module clock_divider doesn't have a timescale but at least one module in design has a timescale.
WARNING: [XSIM 43-4099] "C:/Repos/ug3-seeg/src/rhd_spi_master.v" Line 1. Module rhd_spi_master doesn't have a timescale but at least one module in design has a timescale.
WARNING: [XSIM 43-4099] "C:/Repos/ug3-seeg/src/clock_divider.v" Line 1. Module clock_divider doesn't have a timescale but at least one module in design has a timescale.
WARNING: [XSIM 43-4099] "C:/Repos/ug3-seeg/src/rhd_spi_master.v" Line 1. Module rhd_spi_master doesn't have a timescale but at least one module in design has a timescale.
WARNING: [XSIM 43-4099] "C:/Repos/ug3-seeg/src/clock_divider.v" Line 1. Module clock_divider doesn't have a timescale but at least one module in design has a timescale.
WARNING: [XSIM 43-4099] "C:/Repos/ug3-seeg/src/rhd_spi_master.v" Line 1. Module rhd_spi_master doesn't have a timescale but at least one module in design has a timescale.
WARNING: [XSIM 43-4099] "C:/Repos/ug3-seeg/src/clock_divider.v" Line 1. Module clock_divider doesn't have a timescale but at least one module in design has a timescale.
WARNING: [XSIM 43-4099] "C:/Repos/ug3-seeg/src/rhd_spi_master.v" Line 1. Module rhd_spi_master doesn't have a timescale but at least one module in design has a timescale.
WARNING: [XSIM 43-4099] "C:/Repos/ug3-seeg/src/clock_divider.v" Line 1. Module clock_divider doesn't have a timescale but at least one module in design has a timescale.
WARNING: [XSIM 43-4099] "C:/Repos/ug3-seeg/src/rhd_spi_master.v" Line 1. Module rhd_spi_master doesn't have a timescale but at least one module in design has a timescale.
WARNING: [XSIM 43-4099] "C:/Repos/ug3-seeg/src/clock_divider.v" Line 1. Module clock_divider doesn't have a timescale but at least one module in design has a timescale.
WARNING: [XSIM 43-4099] "C:/Repos/ug3-seeg/src/rhs_256.v" Line 1. Module rhs_256_default doesn't have a timescale but at least one module in design has a timescale.
WARNING: [XSIM 43-4099] "C:/Repos/ug3-seeg/src/rhs_spi_master.v" Line 1. Module rhs_spi_master doesn't have a timescale but at least one module in design has a timescale.
WARNING: [XSIM 43-4099] "C:/Repos/ug3-seeg/src/clock_divider.v" Line 1. Module clock_divider doesn't have a timescale but at least one module in design has a timescale.
WARNING: [XSIM 43-4099] "C:/Repos/ug3-seeg/src/rhs_spi_master.v" Line 1. Module rhs_spi_master doesn't have a timescale but at least one module in design has a timescale.
WARNING: [XSIM 43-4099] "C:/Repos/ug3-seeg/src/clock_divider.v" Line 1. Module clock_divider doesn't have a timescale but at least one module in design has a timescale.
WARNING: [XSIM 43-4099] "C:/Repos/ug3-seeg/src/rhs_spi_master.v" Line 1. Module rhs_spi_master doesn't have a timescale but at least one module in design has a timescale.
WARNING: [XSIM 43-4099] "C:/Repos/ug3-seeg/src/clock_divider.v" Line 1. Module clock_divider doesn't have a timescale but at least one module in design has a timescale.
WARNING: [XSIM 43-4099] "C:/Repos/ug3-seeg/src/rhs_spi_master.v" Line 1. Module rhs_spi_master doesn't have a timescale but at least one module in design has a timescale.
WARNING: [XSIM 43-4099] "C:/Repos/ug3-seeg/src/clock_divider.v" Line 1. Module clock_divider doesn't have a timescale but at least one module in design has a timescale.
WARNING: [XSIM 43-4099] "C:/Repos/ug3-seeg/src/rhs_spi_master.v" Line 1. Module rhs_spi_master doesn't have a timescale but at least one module in design has a timescale.
WARNING: [XSIM 43-4099] "C:/Repos/ug3-seeg/src/clock_divider.v" Line 1. Module clock_divider doesn't have a timescale but at least one module in design has a timescale.
WARNING: [XSIM 43-4099] "C:/Repos/ug3-seeg/src/rhs_spi_master.v" Line 1. Module rhs_spi_master doesn't have a timescale but at least one module in design has a timescale.
WARNING: [XSIM 43-4099] "C:/Repos/ug3-seeg/src/clock_divider.v" Line 1. Module clock_divider doesn't have a timescale but at least one module in design has a timescale.
WARNING: [XSIM 43-4099] "C:/Repos/ug3-seeg/src/rhs_spi_master.v" Line 1. Module rhs_spi_master doesn't have a timescale but at least one module in design has a timescale.
WARNING: [XSIM 43-4099] "C:/Repos/ug3-seeg/src/clock_divider.v" Line 1. Module clock_divider doesn't have a timescale but at least one module in design has a timescale.
WARNING: [XSIM 43-4099] "C:/Repos/ug3-seeg/src/rhs_spi_master.v" Line 1. Module rhs_spi_master doesn't have a timescale but at least one module in design has a timescale.
WARNING: [XSIM 43-4099] "C:/Repos/ug3-seeg/src/clock_divider.v" Line 1. Module clock_divider doesn't have a timescale but at least one module in design has a timescale.
WARNING: [XSIM 43-4099] "C:/Repos/ug3-seeg/src/rhs_spi_master.v" Line 1. Module rhs_spi_master doesn't have a timescale but at least one module in design has a timescale.
WARNING: [XSIM 43-4099] "C:/Repos/ug3-seeg/src/clock_divider.v" Line 1. Module clock_divider doesn't have a timescale but at least one module in design has a timescale.
WARNING: [XSIM 43-4099] "C:/Repos/ug3-seeg/src/rhs_spi_master.v" Line 1. Module rhs_spi_master doesn't have a timescale but at least one module in design has a timescale.
WARNING: [XSIM 43-4099] "C:/Repos/ug3-seeg/src/clock_divider.v" Line 1. Module clock_divider doesn't have a timescale but at least one module in design has a timescale.
WARNING: [XSIM 43-4099] "C:/Repos/ug3-seeg/src/rhs_spi_master.v" Line 1. Module rhs_spi_master doesn't have a timescale but at least one module in design has a timescale.
WARNING: [XSIM 43-4099] "C:/Repos/ug3-seeg/src/clock_divider.v" Line 1. Module clock_divider doesn't have a timescale but at least one module in design has a timescale.
WARNING: [XSIM 43-4099] "C:/Repos/ug3-seeg/src/rhs_spi_master.v" Line 1. Module rhs_spi_master doesn't have a timescale but at least one module in design has a timescale.
WARNING: [XSIM 43-4099] "C:/Repos/ug3-seeg/src/clock_divider.v" Line 1. Module clock_divider doesn't have a timescale but at least one module in design has a timescale.
WARNING: [XSIM 43-4099] "C:/Repos/ug3-seeg/src/rhs_spi_master.v" Line 1. Module rhs_spi_master doesn't have a timescale but at least one module in design has a timescale.
WARNING: [XSIM 43-4099] "C:/Repos/ug3-seeg/src/clock_divider.v" Line 1. Module clock_divider doesn't have a timescale but at least one module in design has a timescale.
WARNING: [XSIM 43-4099] "C:/Repos/ug3-seeg/src/rhs_spi_master.v" Line 1. Module rhs_spi_master doesn't have a timescale but at least one module in design has a timescale.
WARNING: [XSIM 43-4099] "C:/Repos/ug3-seeg/src/clock_divider.v" Line 1. Module clock_divider doesn't have a timescale but at least one module in design has a timescale.
WARNING: [XSIM 43-4099] "C:/Repos/ug3-seeg/src/rhs_spi_master.v" Line 1. Module rhs_spi_master doesn't have a timescale but at least one module in design has a timescale.
INFO: [Common 17-14] Message 'XSIM 43-4099' appears 100 times and further instances of the messages will be disabled. Use the Tcl command set_msg_config to change the current settings.
Completed simulation data flow analysis
Time Resolution for simulation is 1ps
Compiling package xilinx_vip.axi_vip_pkg
Compiling package xilinx_vip.xil_common_vip_pkg
Compiling package std.std
Compiling module xilinx_vip.axi_vip_axi4pc(WDATA_WIDTH=32,RD...
Compiling module xilinx_vip.cb
Compiling module xilinx_vip.axi_vip_if(C_AXI_PROTOCOL=2,C_AX...
Compiling module axi_vip_v1_1_14.axi_vip_v1_1_14_top(C_AXI_PROTOC...
Compiling module xil_defaultlib.tb_seeg_top_axi_vip_0_0
Compiling module unisims_ver.IBUFDS
Compiling module xil_defaultlib.rhd_diff_to_single
Compiling module xil_defaultlib.clock_divider
Compiling module xil_defaultlib.rhd_spi_master
Compiling module xil_defaultlib.rhd_2048_default
Compiling module xil_defaultlib.rhs_spi_master
Compiling module xil_defaultlib.rhs_256_default
Compiling module xil_defaultlib.rhd_spi_slave
Compiling module xil_defaultlib.rhs_spi_slave
Compiling module xil_defaultlib.seeg
Compiling module xil_defaultlib.seeg_top_default
Compiling module xil_defaultlib.tb_seeg_top_seeg_top_0_0
Compiling module xil_defaultlib.tb_seeg_top
Compiling module xil_defaultlib.tb_seeg_top_wrapper
Compiling module xil_defaultlib.tb_seeg_top_axi
Compiling module xil_defaultlib.glbl
Built simulation snapshot tb_seeg_top_axi_behav
